#
# There is insufficient memory for the Java Runtime Environment to continue.
# Native memory allocation (malloc) failed to allocate 32744 bytes for ChunkPool::allocate
# Possible reasons:
#   The system is out of physical RAM or swap space
#   The process is running with CompressedOops enabled, and the Java Heap may be blocking the growth of the native heap
# Possible solutions:
#   Reduce memory load on the system
#   Increase physical memory or swap space
#   Check if swap backing store is full
#   Decrease Java heap size (-Xmx/-Xms)
#   Decrease number of Java threads
#   Decrease Java thread stack sizes (-Xss)
#   Set larger code cache with -XX:ReservedCodeCacheSize=
#   JVM is running with Unscaled Compressed Oops mode in which the Java heap is
#     placed in the first 4GB address space. The Java Heap base address is the
#     maximum limit for the native heap growth. Please use -XX:HeapBaseMinAddress
#     to set the Java Heap base and to place the Java Heap above 4GB virtual address.
# This output file may be truncated or incomplete.
#
#  Out of Memory Error (allocation.cpp:272), pid=13056, tid=0x000000000000240c
#
# JRE version: Java(TM) SE Runtime Environment (8.0_241-b07) (build 1.8.0_241-b07)
# Java VM: Java HotSpot(TM) 64-Bit Server VM (25.241-b07 mixed mode windows-amd64 compressed oops)
# Failed to write core dump. Minidumps are not enabled by default on client versions of Windows
#

---------------  T H R E A D  ---------------

Current thread (0x000000001b4f4800):  JavaThread "C2 CompilerThread0" daemon [_thread_in_native, id=9228, stack(0x000000001c710000,0x000000001c810000)]

Stack: [0x000000001c710000,0x000000001c810000]
[error occurred during error reporting (printing stack bounds), id 0xc0000005]

Native frames: (J=compiled Java code, j=interpreted, Vv=VM code, C=native code)


Current CompileTask:
C2:  98069 14610       4       org.eclipse.osgi.internal.serviceregistry.FilteredServiceListener::serviceChanged (280 bytes)


---------------  P R O C E S S  ---------------

Java Threads: ( => current thread )
  0x00000000253a4000 JavaThread "ForkJoinPool.commonPool-worker-2" daemon [_thread_blocked, id=11952, stack(0x0000000032ec0000,0x0000000032fc0000)]
  0x000000001f395000 JavaThread "Process monitor" daemon [_thread_in_native, id=14608, stack(0x0000000032890000,0x0000000032990000)]
  0x000000001f399800 JavaThread "Input Stream Monitor" daemon [_thread_blocked, id=2380, stack(0x0000000032790000,0x0000000032890000)]
  0x000000001f399000 JavaThread "Output Stream Monitor" daemon [_thread_in_native, id=13748, stack(0x0000000032690000,0x0000000032790000)]
  0x000000001f394800 JavaThread "Output Stream Monitor" daemon [_thread_in_native, id=7032, stack(0x0000000032590000,0x0000000032690000)]
  0x000000001f397800 JavaThread "Provisioning Event Dispatcher" daemon [_thread_blocked, id=9024, stack(0x0000000030c80000,0x0000000030d80000)]
  0x000000001f390800 JavaThread "Worker-10" [_thread_blocked, id=7368, stack(0x0000000029c30000,0x0000000029d30000)]
  0x000000001f390000 JavaThread "Worker-9" [_thread_blocked, id=10900, stack(0x0000000030870000,0x0000000030970000)]
  0x00000000253a2800 JavaThread "Timer-2" daemon [_thread_blocked, id=14716, stack(0x0000000029d30000,0x0000000029e30000)]
  0x00000000253a7800 JavaThread "AWT-Windows" daemon [_thread_in_native, id=14844, stack(0x000000002eae0000,0x000000002ebe0000)]
  0x00000000253a9000 JavaThread "Java2D Disposer" daemon [_thread_blocked, id=5600, stack(0x000000002e8e0000,0x000000002e9e0000)]
  0x00000000253a1800 JavaThread "Thread-9" [_thread_blocked, id=13012, stack(0x000000002a210000,0x000000002a310000)]
  0x00000000253a7000 JavaThread "Worker-8" [_thread_blocked, id=14776, stack(0x000000002d000000,0x000000002d100000)]
  0x00000000253a0000 JavaThread "Worker-7" [_thread_blocked, id=6428, stack(0x000000002c320000,0x000000002c420000)]
  0x00000000253a6000 JavaThread "pool-2-thread-1" [_thread_blocked, id=13644, stack(0x000000002cb40000,0x000000002cc40000)]
  0x00000000253a1000 JavaThread "Worker-6" [_thread_blocked, id=876, stack(0x000000002ca40000,0x000000002cb40000)]
  0x00000000253a5800 JavaThread "Worker-5" [_thread_blocked, id=3160, stack(0x000000002c940000,0x000000002ca40000)]
  0x00000000253a3000 JavaThread "Worker-4" [_thread_blocked, id=9832, stack(0x000000002c840000,0x000000002c940000)]
  0x000000002539e800 JavaThread "Worker-3" [_thread_blocked, id=10904, stack(0x000000002c640000,0x000000002c740000)]
  0x000000002539f800 JavaThread "Worker-2" [_thread_blocked, id=14988, stack(0x000000002c540000,0x000000002c640000)]
  0x000000002539e000 JavaThread "EventAdmin Async Event Dispatcher Thread" daemon [_thread_blocked, id=12568, stack(0x000000002c440000,0x000000002c540000)]
  0x000000001df3f000 JavaThread "Java indexing" daemon [_thread_blocked, id=11868, stack(0x0000000028970000,0x0000000028a70000)]
  0x000000001df44000 JavaThread "Worker-1: Process Console Input Job" [_thread_blocked, id=14564, stack(0x0000000027560000,0x0000000027660000)]
  0x000000001df42800 JavaThread "Git Repository Closer" daemon [_thread_blocked, id=5944, stack(0x00000000260f0000,0x00000000261f0000)]
  0x000000001df45800 JavaThread "Bundle File Closer" daemon [_thread_blocked, id=13832, stack(0x00000000200f0000,0x00000000201f0000)]
  0x000000001df42000 JavaThread "Worker-0" [_thread_blocked, id=15256, stack(0x0000000023e30000,0x0000000023f30000)]
  0x000000001df40800 JavaThread "Gogo shell" [_thread_blocked, id=11208, stack(0x00000000205a0000,0x00000000206a0000)]
  0x000000001e309800 JavaThread "EMF Reference Cleaner" daemon [_thread_blocked, id=14264, stack(0x000000001fff0000,0x00000000200f0000)]
  0x000000001da05000 JavaThread "Worker-JM" [_thread_blocked, id=14896, stack(0x00000000202a0000,0x00000000203a0000)]
  0x000000001d62b000 JavaThread "SCR Component Actor" daemon [_thread_blocked, id=12416, stack(0x000000001e6e0000,0x000000001e7e0000)]
  0x000000001d549000 JavaThread "Start Level: Equinox Container: 6713a5c1-297f-4894-a450-e02883c3137b" daemon [_thread_blocked, id=12100, stack(0x000000001e5e0000,0x000000001e6e0000)]
  0x000000001d5eb800 JavaThread "Framework Event Dispatcher: Equinox Container: 6713a5c1-297f-4894-a450-e02883c3137b" daemon [_thread_blocked, id=5700, stack(0x000000001e4e0000,0x000000001e5e0000)]
  0x000000001d39c000 JavaThread "Active Thread: Equinox Container: 6713a5c1-297f-4894-a450-e02883c3137b" [_thread_blocked, id=3188, stack(0x000000001e3e0000,0x000000001e4e0000)]
  0x000000001b569800 JavaThread "Service Thread" daemon [_thread_blocked, id=996, stack(0x000000001ca10000,0x000000001cb10000)]
  0x000000001b4fa000 JavaThread "C1 CompilerThread2" daemon [_thread_blocked, id=12840, stack(0x000000001c910000,0x000000001ca10000)]
  0x000000001b4f9000 JavaThread "C2 CompilerThread1" daemon [_thread_in_native, id=5524, stack(0x000000001c810000,0x000000001c910000)]
=>0x000000001b4f4800 JavaThread "C2 CompilerThread0" daemon [_thread_in_native, id=9228, stack(0x000000001c710000,0x000000001c810000)]
  0x000000001b4f2800 JavaThread "Attach Listener" daemon [_thread_blocked, id=12556, stack(0x000000001c610000,0x000000001c710000)]
  0x000000001b4ee000 JavaThread "Signal Dispatcher" daemon [_thread_blocked, id=8416, stack(0x000000001c510000,0x000000001c610000)]
  0x000000001b4ec800 JavaThread "Surrogate Locker Thread (Concurrent GC)" daemon [_thread_blocked, id=15276, stack(0x000000001c410000,0x000000001c510000)]
  0x000000001b4cc800 JavaThread "Finalizer" daemon [_thread_blocked, id=14864, stack(0x000000001c210000,0x000000001c310000)]
  0x000000001b4c4800 JavaThread "Reference Handler" daemon [_thread_blocked, id=10916, stack(0x000000001c010000,0x000000001c110000)]
  0x0000000003780800 JavaThread "main" [_thread_in_native, id=1772, stack(0x0000000000a00000,0x0000000000b00000)]

Other Threads:
  0x000000001b4a0800 VMThread [stack: 0x000000001bf10000,0x000000001c010000] [id=1432]
  0x000000001b5a4800 WatcherThread [stack: 0x000000001cb10000,0x000000001cc10000] [id=6212]

VM state:not at safepoint (normal execution)

VM Mutex/Monitor currently owned by a thread: None

heap address: 0x0000000080000000, size: 2048 MB, Compressed Oops mode: 32-bit
Narrow klass base: 0x0000000000000000, Narrow klass shift: 3
Compressed class space size: 1073741824 Address: 0x0000000100000000

Heap:
 garbage-first heap   total 266240K, used 127488K [0x0000000080000000, 0x0000000080100820, 0x0000000100000000)
  region size 1024K, 19 young (19456K), 2 survivors (2048K)
 Metaspace       used 118205K, capacity 129802K, committed 129956K, reserved 1161216K
  class space    used 14864K, capacity 17888K, committed 17904K, reserved 1048576K

Heap Regions: (Y=young(eden), SU=young(survivor), HS=humongous(starts), HC=humongous(continues), CS=collection set, F=free, TS=gc time stamp, PTAMS=previous top-at-mark-start, NTAMS=next top-at-mark-start)
AC   0  O    TS     0 PTAMS 0x0000000080100000 NTAMS 0x0000000080100000 space 1024K, 100% used [0x0000000080000000, 0x0000000080100000)
AC   0  O    TS     0 PTAMS 0x0000000080200000 NTAMS 0x0000000080200000 space 1024K, 100% used [0x0000000080100000, 0x0000000080200000)
AC   0  O    TS     0 PTAMS 0x0000000080300000 NTAMS 0x0000000080300000 space 1024K, 100% used [0x0000000080200000, 0x0000000080300000)
AC   0  O    TS     0 PTAMS 0x0000000080400000 NTAMS 0x0000000080400000 space 1024K, 100% used [0x0000000080300000, 0x0000000080400000)
AC   0  O    TS     0 PTAMS 0x0000000080500000 NTAMS 0x0000000080500000 space 1024K, 100% used [0x0000000080400000, 0x0000000080500000)
AC   0  O    TS     0 PTAMS 0x0000000080600000 NTAMS 0x0000000080600000 space 1024K, 100% used [0x0000000080500000, 0x0000000080600000)
AC   0  O    TS     0 PTAMS 0x0000000080700000 NTAMS 0x0000000080700000 space 1024K, 100% used [0x0000000080600000, 0x0000000080700000)
AC   0  O    TS     1 PTAMS 0x0000000080700000 NTAMS 0x0000000080700000 space 1024K, 100% used [0x0000000080700000, 0x0000000080800000)
AC   0  O    TS     0 PTAMS 0x0000000080900000 NTAMS 0x0000000080900000 space 1024K, 100% used [0x0000000080800000, 0x0000000080900000)
AC   0  O    TS     0 PTAMS 0x0000000080a00000 NTAMS 0x0000000080a00000 space 1024K, 100% used [0x0000000080900000, 0x0000000080a00000)
AC   0  O    TS     0 PTAMS 0x0000000080b00000 NTAMS 0x0000000080b00000 space 1024K, 100% used [0x0000000080a00000, 0x0000000080b00000)
AC   0  O    TS     0 PTAMS 0x0000000080c00000 NTAMS 0x0000000080c00000 space 1024K, 100% used [0x0000000080b00000, 0x0000000080c00000)
AC   0  F    TS     0 PTAMS 0x0000000080c00000 NTAMS 0x0000000080c00000 space 1024K,   0% used [0x0000000080c00000, 0x0000000080d00000)
AC   0  O    TS     0 PTAMS 0x0000000080e00000 NTAMS 0x0000000080e00000 space 1024K, 100% used [0x0000000080d00000, 0x0000000080e00000)
AC   0  O    TS     0 PTAMS 0x0000000080f00000 NTAMS 0x0000000080f00000 space 1024K, 100% used [0x0000000080e00000, 0x0000000080f00000)
AC   0  O    TS     0 PTAMS 0x0000000081000000 NTAMS 0x0000000081000000 space 1024K, 100% used [0x0000000080f00000, 0x0000000081000000)
AC   0  F    TS     0 PTAMS 0x0000000081000000 NTAMS 0x0000000081000000 space 1024K,   0% used [0x0000000081000000, 0x0000000081100000)
AC   0  F    TS     0 PTAMS 0x0000000081100000 NTAMS 0x0000000081100000 space 1024K,   0% used [0x0000000081100000, 0x0000000081200000)
AC   0 HS    TS     0 PTAMS 0x0000000081300010 NTAMS 0x0000000081300010 space 2048K,  50% used [0x0000000081200000, 0x0000000081400000)
AC   0 HC    TS     0 PTAMS 0x0000000081300000 NTAMS 0x0000000081300000 space 1024K,   0% used [0x0000000081300000, 0x0000000081400000)
AC   0  O    TS     0 PTAMS 0x0000000081500000 NTAMS 0x0000000081500000 space 1024K, 100% used [0x0000000081400000, 0x0000000081500000)
AC   0  O    TS     0 PTAMS 0x0000000081600000 NTAMS 0x0000000081600000 space 1024K, 100% used [0x0000000081500000, 0x0000000081600000)
AC   0  O    TS     1 PTAMS 0x0000000081600000 NTAMS 0x0000000081600000 space 1024K, 100% used [0x0000000081600000, 0x0000000081700000)
AC   0  F    TS     0 PTAMS 0x0000000081700000 NTAMS 0x0000000081700000 space 1024K,   0% used [0x0000000081700000, 0x0000000081800000)
AC   0  F    TS     0 PTAMS 0x0000000081800000 NTAMS 0x0000000081800000 space 1024K,   0% used [0x0000000081800000, 0x0000000081900000)
AC   0  F    TS     0 PTAMS 0x0000000081900000 NTAMS 0x0000000081900000 space 1024K,   0% used [0x0000000081900000, 0x0000000081a00000)
AC   0  F    TS     0 PTAMS 0x0000000081a00000 NTAMS 0x0000000081a00000 space 1024K,   0% used [0x0000000081a00000, 0x0000000081b00000)
AC   0  F    TS     0 PTAMS 0x0000000081b00000 NTAMS 0x0000000081b00000 space 1024K,   0% used [0x0000000081b00000, 0x0000000081c00000)
AC   0  O    TS     1 PTAMS 0x0000000081c00000 NTAMS 0x0000000081c00000 space 1024K, 100% used [0x0000000081c00000, 0x0000000081d00000)
AC   0  O    TS     0 PTAMS 0x0000000081e00000 NTAMS 0x0000000081e00000 space 1024K, 100% used [0x0000000081d00000, 0x0000000081e00000)
AC   0  F    TS     0 PTAMS 0x0000000081e00000 NTAMS 0x0000000081e00000 space 1024K,   0% used [0x0000000081e00000, 0x0000000081f00000)
AC   0  O    TS     1 PTAMS 0x0000000081f00000 NTAMS 0x0000000081f00000 space 1024K, 100% used [0x0000000081f00000, 0x0000000082000000)
AC   0  F    TS     0 PTAMS 0x0000000082000000 NTAMS 0x0000000082000000 space 1024K,   0% used [0x0000000082000000, 0x0000000082100000)
AC   0  F    TS     0 PTAMS 0x0000000082100000 NTAMS 0x0000000082100000 space 1024K,   0% used [0x0000000082100000, 0x0000000082200000)
AC   0  O    TS     0 PTAMS 0x0000000082300000 NTAMS 0x0000000082300000 space 1024K, 100% used [0x0000000082200000, 0x0000000082300000)
AC   0  O    TS     0 PTAMS 0x0000000082400000 NTAMS 0x0000000082400000 space 1024K, 100% used [0x0000000082300000, 0x0000000082400000)
AC   0  O    TS     0 PTAMS 0x0000000082500000 NTAMS 0x0000000082500000 space 1024K, 100% used [0x0000000082400000, 0x0000000082500000)
AC   0  O    TS     0 PTAMS 0x0000000082600000 NTAMS 0x0000000082600000 space 1024K, 100% used [0x0000000082500000, 0x0000000082600000)
AC   0  O    TS     0 PTAMS 0x0000000082700000 NTAMS 0x0000000082700000 space 1024K, 100% used [0x0000000082600000, 0x0000000082700000)
AC   0  O    TS     0 PTAMS 0x0000000082800000 NTAMS 0x0000000082800000 space 1024K, 100% used [0x0000000082700000, 0x0000000082800000)
AC   0  O    TS     0 PTAMS 0x0000000082900000 NTAMS 0x0000000082900000 space 1024K, 100% used [0x0000000082800000, 0x0000000082900000)
AC   0  O    TS     0 PTAMS 0x0000000082a00000 NTAMS 0x0000000082a00000 space 1024K, 100% used [0x0000000082900000, 0x0000000082a00000)
AC   0  O    TS     0 PTAMS 0x0000000082b00000 NTAMS 0x0000000082b00000 space 1024K, 100% used [0x0000000082a00000, 0x0000000082b00000)
AC   0  O    TS     0 PTAMS 0x0000000082c00000 NTAMS 0x0000000082c00000 space 1024K, 100% used [0x0000000082b00000, 0x0000000082c00000)
AC   0  O    TS     0 PTAMS 0x0000000082d00000 NTAMS 0x0000000082d00000 space 1024K, 100% used [0x0000000082c00000, 0x0000000082d00000)
AC   0  O    TS     0 PTAMS 0x0000000082e00000 NTAMS 0x0000000082e00000 space 1024K, 100% used [0x0000000082d00000, 0x0000000082e00000)
AC   0  O    TS     0 PTAMS 0x0000000082f00000 NTAMS 0x0000000082f00000 space 1024K, 100% used [0x0000000082e00000, 0x0000000082f00000)
AC   0  O    TS     0 PTAMS 0x0000000083000000 NTAMS 0x0000000083000000 space 1024K, 100% used [0x0000000082f00000, 0x0000000083000000)
AC   0  O    TS     0 PTAMS 0x0000000083100000 NTAMS 0x0000000083100000 space 1024K, 100% used [0x0000000083000000, 0x0000000083100000)
AC   0  O    TS     0 PTAMS 0x0000000083200000 NTAMS 0x0000000083200000 space 1024K, 100% used [0x0000000083100000, 0x0000000083200000)
AC   0  O    TS     0 PTAMS 0x0000000083300000 NTAMS 0x0000000083300000 space 1024K, 100% used [0x0000000083200000, 0x0000000083300000)
AC   0  O    TS     0 PTAMS 0x0000000083400000 NTAMS 0x0000000083400000 space 1024K, 100% used [0x0000000083300000, 0x0000000083400000)
AC   0  O    TS     0 PTAMS 0x0000000083500000 NTAMS 0x0000000083500000 space 1024K, 100% used [0x0000000083400000, 0x0000000083500000)
AC   0  O    TS     0 PTAMS 0x0000000083600000 NTAMS 0x0000000083600000 space 1024K, 100% used [0x0000000083500000, 0x0000000083600000)
AC   0  O    TS     0 PTAMS 0x0000000083700000 NTAMS 0x0000000083700000 space 1024K, 100% used [0x0000000083600000, 0x0000000083700000)
AC   0  F    TS     0 PTAMS 0x0000000083700000 NTAMS 0x0000000083700000 space 1024K,   0% used [0x0000000083700000, 0x0000000083800000)
AC   0  O    TS     0 PTAMS 0x0000000083900000 NTAMS 0x0000000083900000 space 1024K, 100% used [0x0000000083800000, 0x0000000083900000)
AC   0  O    TS     1 PTAMS 0x0000000083900000 NTAMS 0x0000000083900000 space 1024K, 100% used [0x0000000083900000, 0x0000000083a00000)
AC   0  F    TS     0 PTAMS 0x0000000083a00000 NTAMS 0x0000000083a00000 space 1024K,   0% used [0x0000000083a00000, 0x0000000083b00000)
AC   0  F    TS     0 PTAMS 0x0000000083b00000 NTAMS 0x0000000083b00000 space 1024K,   0% used [0x0000000083b00000, 0x0000000083c00000)
AC   0  F    TS     0 PTAMS 0x0000000083c00000 NTAMS 0x0000000083c00000 space 1024K,   0% used [0x0000000083c00000, 0x0000000083d00000)
AC   0  F    TS     0 PTAMS 0x0000000083d00000 NTAMS 0x0000000083d00000 space 1024K,   0% used [0x0000000083d00000, 0x0000000083e00000)
AC   0  O    TS     0 PTAMS 0x0000000083f00000 NTAMS 0x0000000083f00000 space 1024K, 100% used [0x0000000083e00000, 0x0000000083f00000)
AC   0  O    TS     0 PTAMS 0x0000000084000000 NTAMS 0x0000000084000000 space 1024K, 100% used [0x0000000083f00000, 0x0000000084000000)
AC   0  O    TS     0 PTAMS 0x0000000084100000 NTAMS 0x0000000084100000 space 1024K, 100% used [0x0000000084000000, 0x0000000084100000)
AC   0  O    TS     0 PTAMS 0x0000000084200000 NTAMS 0x0000000084200000 space 1024K, 100% used [0x0000000084100000, 0x0000000084200000)
AC   0  O    TS     0 PTAMS 0x0000000084300000 NTAMS 0x0000000084300000 space 1024K, 100% used [0x0000000084200000, 0x0000000084300000)
AC   0  O    TS     0 PTAMS 0x0000000084400000 NTAMS 0x0000000084400000 space 1024K, 100% used [0x0000000084300000, 0x0000000084400000)
AC   0  F    TS     0 PTAMS 0x0000000084400000 NTAMS 0x0000000084400000 space 1024K,   0% used [0x0000000084400000, 0x0000000084500000)
AC   0  O    TS     0 PTAMS 0x0000000084600000 NTAMS 0x0000000084600000 space 1024K, 100% used [0x0000000084500000, 0x0000000084600000)
AC   0  O    TS     0 PTAMS 0x0000000084700000 NTAMS 0x0000000084700000 space 1024K, 100% used [0x0000000084600000, 0x0000000084700000)
AC   0  O    TS     0 PTAMS 0x0000000084800000 NTAMS 0x0000000084800000 space 1024K, 100% used [0x0000000084700000, 0x0000000084800000)
AC   0  O    TS     0 PTAMS 0x0000000084900000 NTAMS 0x0000000084900000 space 1024K, 100% used [0x0000000084800000, 0x0000000084900000)
AC   0  O    TS     0 PTAMS 0x0000000084a00000 NTAMS 0x0000000084a00000 space 1024K, 100% used [0x0000000084900000, 0x0000000084a00000)
AC   0  O    TS     0 PTAMS 0x0000000084b00000 NTAMS 0x0000000084b00000 space 1024K, 100% used [0x0000000084a00000, 0x0000000084b00000)
AC   0  O    TS     0 PTAMS 0x0000000084c00000 NTAMS 0x0000000084c00000 space 1024K, 100% used [0x0000000084b00000, 0x0000000084c00000)
AC   0  O    TS     0 PTAMS 0x0000000084d00000 NTAMS 0x0000000084d00000 space 1024K, 100% used [0x0000000084c00000, 0x0000000084d00000)
AC   0  O    TS     0 PTAMS 0x0000000084e00000 NTAMS 0x0000000084e00000 space 1024K, 100% used [0x0000000084d00000, 0x0000000084e00000)
AC   0  O    TS     0 PTAMS 0x0000000084f00000 NTAMS 0x0000000084f00000 space 1024K, 100% used [0x0000000084e00000, 0x0000000084f00000)
AC   0  O    TS     0 PTAMS 0x0000000085000000 NTAMS 0x0000000085000000 space 1024K, 100% used [0x0000000084f00000, 0x0000000085000000)
AC   0  F    TS     0 PTAMS 0x0000000085000000 NTAMS 0x0000000085000000 space 1024K,   0% used [0x0000000085000000, 0x0000000085100000)
AC   0  F    TS     0 PTAMS 0x0000000085100000 NTAMS 0x0000000085100000 space 1024K,   0% used [0x0000000085100000, 0x0000000085200000)
AC   0  O    TS     1 PTAMS 0x0000000085200000 NTAMS 0x0000000085200000 space 1024K, 100% used [0x0000000085200000, 0x0000000085300000)
AC   0  F    TS     0 PTAMS 0x0000000085300000 NTAMS 0x0000000085300000 space 1024K,   0% used [0x0000000085300000, 0x0000000085400000)
AC   0  O    TS     3 PTAMS 0x0000000085400000 NTAMS 0x0000000085400000 space 1024K, 100% used [0x0000000085400000, 0x0000000085500000)
AC   0  O    TS     3 PTAMS 0x0000000085500000 NTAMS 0x0000000085500000 space 1024K, 100% used [0x0000000085500000, 0x0000000085600000)
AC   0  O    TS     3 PTAMS 0x0000000085600000 NTAMS 0x0000000085600000 space 1024K, 100% used [0x0000000085600000, 0x0000000085700000)
AC   0  O    TS     3 PTAMS 0x0000000085700000 NTAMS 0x0000000085700000 space 1024K, 100% used [0x0000000085700000, 0x0000000085800000)
AC   0  O    TS     1 PTAMS 0x0000000085800000 NTAMS 0x0000000085800000 space 1024K, 100% used [0x0000000085800000, 0x0000000085900000)
AC   0  F    TS     0 PTAMS 0x0000000085900000 NTAMS 0x0000000085900000 space 1024K,   0% used [0x0000000085900000, 0x0000000085a00000)
AC   0  F    TS     0 PTAMS 0x0000000085a00000 NTAMS 0x0000000085a00000 space 1024K,   0% used [0x0000000085a00000, 0x0000000085b00000)
AC   0  F    TS     0 PTAMS 0x0000000085b00000 NTAMS 0x0000000085b00000 space 1024K,   0% used [0x0000000085b00000, 0x0000000085c00000)
AC   0  F    TS     0 PTAMS 0x0000000085c00000 NTAMS 0x0000000085c00000 space 1024K,   0% used [0x0000000085c00000, 0x0000000085d00000)
AC   0  O    TS     0 PTAMS 0x0000000085e00000 NTAMS 0x0000000085e00000 space 1024K, 100% used [0x0000000085d00000, 0x0000000085e00000)
AC   0  F    TS     0 PTAMS 0x0000000085e00000 NTAMS 0x0000000085e00000 space 1024K,   0% used [0x0000000085e00000, 0x0000000085f00000)
AC   0  O    TS     0 PTAMS 0x0000000086000000 NTAMS 0x0000000086000000 space 1024K, 100% used [0x0000000085f00000, 0x0000000086000000)
AC   0  O    TS     1 PTAMS 0x0000000086000000 NTAMS 0x0000000086000000 space 1024K, 100% used [0x0000000086000000, 0x0000000086100000)
AC   0  O    TS     0 PTAMS 0x0000000086200000 NTAMS 0x0000000086200000 space 1024K, 100% used [0x0000000086100000, 0x0000000086200000)
AC   0  O    TS     0 PTAMS 0x0000000086300000 NTAMS 0x0000000086300000 space 1024K, 100% used [0x0000000086200000, 0x0000000086300000)
AC   0  O    TS     0 PTAMS 0x0000000086400000 NTAMS 0x0000000086400000 space 1024K, 100% used [0x0000000086300000, 0x0000000086400000)
AC   0  O    TS     0 PTAMS 0x0000000086500000 NTAMS 0x0000000086500000 space 1024K, 100% used [0x0000000086400000, 0x0000000086500000)
AC   0  O    TS     0 PTAMS 0x0000000086600000 NTAMS 0x0000000086600000 space 1024K, 100% used [0x0000000086500000, 0x0000000086600000)
AC   0  O    TS     0 PTAMS 0x0000000086700000 NTAMS 0x0000000086700000 space 1024K, 100% used [0x0000000086600000, 0x0000000086700000)
AC   0  O    TS     0 PTAMS 0x0000000086800000 NTAMS 0x0000000086800000 space 1024K, 100% used [0x0000000086700000, 0x0000000086800000)
AC   0  O    TS     0 PTAMS 0x0000000086900000 NTAMS 0x0000000086900000 space 1024K, 100% used [0x0000000086800000, 0x0000000086900000)
AC   0  O    TS     0 PTAMS 0x0000000086a00000 NTAMS 0x0000000086a00000 space 1024K, 100% used [0x0000000086900000, 0x0000000086a00000)
AC   0  O    TS     0 PTAMS 0x0000000086b00000 NTAMS 0x0000000086b00000 space 1024K, 100% used [0x0000000086a00000, 0x0000000086b00000)
AC   0  O    TS     0 PTAMS 0x0000000086c00000 NTAMS 0x0000000086c00000 space 1024K, 100% used [0x0000000086b00000, 0x0000000086c00000)
AC   0  O    TS     0 PTAMS 0x0000000086d00000 NTAMS 0x0000000086d00000 space 1024K, 100% used [0x0000000086c00000, 0x0000000086d00000)
AC   0  O    TS     0 PTAMS 0x0000000086e00000 NTAMS 0x0000000086e00000 space 1024K, 100% used [0x0000000086d00000, 0x0000000086e00000)
AC   0  F    TS     0 PTAMS 0x0000000086e00000 NTAMS 0x0000000086e00000 space 1024K,   0% used [0x0000000086e00000, 0x0000000086f00000)
AC   0  O    TS     0 PTAMS 0x0000000087000000 NTAMS 0x0000000087000000 space 1024K, 100% used [0x0000000086f00000, 0x0000000087000000)
AC   0  O    TS     0 PTAMS 0x0000000087100000 NTAMS 0x0000000087100000 space 1024K, 100% used [0x0000000087000000, 0x0000000087100000)
AC   0  O    TS     0 PTAMS 0x0000000087200000 NTAMS 0x0000000087200000 space 1024K, 100% used [0x0000000087100000, 0x0000000087200000)
AC   0  O    TS     0 PTAMS 0x0000000087300000 NTAMS 0x0000000087300000 space 1024K, 100% used [0x0000000087200000, 0x0000000087300000)
AC   0  O    TS     1 PTAMS 0x0000000087300000 NTAMS 0x0000000087300000 space 1024K, 100% used [0x0000000087300000, 0x0000000087400000)
AC   0  O    TS     0 PTAMS 0x0000000087500000 NTAMS 0x0000000087500000 space 1024K, 100% used [0x0000000087400000, 0x0000000087500000)
AC   0  O    TS     0 PTAMS 0x0000000087600000 NTAMS 0x0000000087600000 space 1024K, 100% used [0x0000000087500000, 0x0000000087600000)
AC   0  O    TS     0 PTAMS 0x0000000087700000 NTAMS 0x0000000087700000 space 1024K, 100% used [0x0000000087600000, 0x0000000087700000)
AC   0  O    TS     0 PTAMS 0x0000000087800000 NTAMS 0x0000000087800000 space 1024K, 100% used [0x0000000087700000, 0x0000000087800000)
AC   0  O    TS     1 PTAMS 0x0000000087800000 NTAMS 0x0000000087800000 space 1024K, 100% used [0x0000000087800000, 0x0000000087900000)
AC   0  F    TS     0 PTAMS 0x0000000087900000 NTAMS 0x0000000087900000 space 1024K,   0% used [0x0000000087900000, 0x0000000087a00000)
AC   0  F    TS     0 PTAMS 0x0000000087a00000 NTAMS 0x0000000087a00000 space 1024K,   0% used [0x0000000087a00000, 0x0000000087b00000)
AC   0  O    TS     0 PTAMS 0x0000000087c00000 NTAMS 0x0000000087c00000 space 1024K, 100% used [0x0000000087b00000, 0x0000000087c00000)
AC   0  O    TS     0 PTAMS 0x0000000087d00000 NTAMS 0x0000000087d00000 space 1024K, 100% used [0x0000000087c00000, 0x0000000087d00000)
AC   0  F    TS     0 PTAMS 0x0000000087d00000 NTAMS 0x0000000087d00000 space 1024K,   0% used [0x0000000087d00000, 0x0000000087e00000)
AC   0  F    TS     0 PTAMS 0x0000000087e00000 NTAMS 0x0000000087e00000 space 1024K,   0% used [0x0000000087e00000, 0x0000000087f00000)
AC   0  F    TS     0 PTAMS 0x0000000087f00000 NTAMS 0x0000000087f00000 space 1024K,   0% used [0x0000000087f00000, 0x0000000088000000)
AC   0  O    TS     3 PTAMS 0x0000000088000000 NTAMS 0x0000000088000000 space 1024K, 100% used [0x0000000088000000, 0x0000000088100000)
AC   0  O    TS     3 PTAMS 0x0000000088100000 NTAMS 0x0000000088100000 space 1024K, 100% used [0x0000000088100000, 0x0000000088200000)
AC   0  O    TS     3 PTAMS 0x0000000088200000 NTAMS 0x0000000088200000 space 1024K, 100% used [0x0000000088200000, 0x0000000088300000)
AC   0  O    TS     3 PTAMS 0x0000000088300000 NTAMS 0x0000000088300000 space 1024K, 100% used [0x0000000088300000, 0x0000000088400000)
AC   0  O    TS     1 PTAMS 0x0000000088400000 NTAMS 0x0000000088400000 space 1024K, 100% used [0x0000000088400000, 0x0000000088500000)
AC   0  O    TS     1 PTAMS 0x0000000088500000 NTAMS 0x0000000088500000 space 1024K, 100% used [0x0000000088500000, 0x0000000088600000)
AC   0  O    TS     1 PTAMS 0x0000000088600000 NTAMS 0x0000000088600000 space 1024K, 100% used [0x0000000088600000, 0x0000000088700000)
AC   0  O    TS     3 PTAMS 0x0000000088700000 NTAMS 0x0000000088700000 space 1024K, 100% used [0x0000000088700000, 0x0000000088800000)
AC   0  O    TS     3 PTAMS 0x0000000088800000 NTAMS 0x0000000088800000 space 1024K, 100% used [0x0000000088800000, 0x0000000088900000)
AC   0  O    TS     3 PTAMS 0x0000000088900000 NTAMS 0x0000000088900000 space 1024K,  50% used [0x0000000088900000, 0x0000000088a00000)
AC   0  F    TS     0 PTAMS 0x0000000088a00000 NTAMS 0x0000000088a00000 space 1024K,   0% used [0x0000000088a00000, 0x0000000088b00000)
AC   0  F    TS     0 PTAMS 0x0000000088b00000 NTAMS 0x0000000088b00000 space 1024K,   0% used [0x0000000088b00000, 0x0000000088c00000)
AC   0  F    TS     0 PTAMS 0x0000000088c00000 NTAMS 0x0000000088c00000 space 1024K,   0% used [0x0000000088c00000, 0x0000000088d00000)
AC   0  F    TS     0 PTAMS 0x0000000088d00000 NTAMS 0x0000000088d00000 space 1024K,   0% used [0x0000000088d00000, 0x0000000088e00000)
AC   0  F    TS     0 PTAMS 0x0000000088e00000 NTAMS 0x0000000088e00000 space 1024K,   0% used [0x0000000088e00000, 0x0000000088f00000)
AC   0  F    TS     0 PTAMS 0x0000000088f00000 NTAMS 0x0000000088f00000 space 1024K,   0% used [0x0000000088f00000, 0x0000000089000000)
AC   0  F    TS     0 PTAMS 0x0000000089000000 NTAMS 0x0000000089000000 space 1024K,   0% used [0x0000000089000000, 0x0000000089100000)
AC   0  F    TS     0 PTAMS 0x0000000089100000 NTAMS 0x0000000089100000 space 1024K,   0% used [0x0000000089100000, 0x0000000089200000)
AC   0  F    TS     0 PTAMS 0x0000000089200000 NTAMS 0x0000000089200000 space 1024K,   0% used [0x0000000089200000, 0x0000000089300000)
AC   0  F    TS     1 PTAMS 0x0000000089300000 NTAMS 0x0000000089300000 space 1024K,   0% used [0x0000000089300000, 0x0000000089400000)
AC   0  F    TS     1 PTAMS 0x0000000089400000 NTAMS 0x0000000089400000 space 1024K,   0% used [0x0000000089400000, 0x0000000089500000)
AC   0  F    TS     1 PTAMS 0x0000000089500000 NTAMS 0x0000000089500000 space 1024K,   0% used [0x0000000089500000, 0x0000000089600000)
AC   0  F    TS     1 PTAMS 0x0000000089600000 NTAMS 0x0000000089600000 space 1024K,   0% used [0x0000000089600000, 0x0000000089700000)
AC   0  F    TS     1 PTAMS 0x0000000089700000 NTAMS 0x0000000089700000 space 1024K,   0% used [0x0000000089700000, 0x0000000089800000)
AC   0  F    TS     1 PTAMS 0x0000000089800000 NTAMS 0x0000000089800000 space 1024K,   0% used [0x0000000089800000, 0x0000000089900000)
AC   0  F    TS     1 PTAMS 0x0000000089900000 NTAMS 0x0000000089900000 space 1024K,   0% used [0x0000000089900000, 0x0000000089a00000)
AC   0  F    TS     1 PTAMS 0x0000000089a00000 NTAMS 0x0000000089a00000 space 1024K,   0% used [0x0000000089a00000, 0x0000000089b00000)
AC   0  F    TS     0 PTAMS 0x0000000089b00000 NTAMS 0x0000000089b00000 space 1024K,   0% used [0x0000000089b00000, 0x0000000089c00000)
AC   0  F    TS     0 PTAMS 0x0000000089c00000 NTAMS 0x0000000089c00000 space 1024K,   0% used [0x0000000089c00000, 0x0000000089d00000)
AC   0  F    TS     0 PTAMS 0x0000000089d00000 NTAMS 0x0000000089d00000 space 1024K,   0% used [0x0000000089d00000, 0x0000000089e00000)
AC   0  F    TS     0 PTAMS 0x0000000089e00000 NTAMS 0x0000000089e00000 space 1024K,   0% used [0x0000000089e00000, 0x0000000089f00000)
AC   0  F    TS     0 PTAMS 0x0000000089f00000 NTAMS 0x0000000089f00000 space 1024K,   0% used [0x0000000089f00000, 0x000000008a000000)
AC   0  F    TS     0 PTAMS 0x000000008a000000 NTAMS 0x000000008a000000 space 1024K,   0% used [0x000000008a000000, 0x000000008a100000)
AC   0  F    TS     0 PTAMS 0x000000008a100000 NTAMS 0x000000008a100000 space 1024K,   0% used [0x000000008a100000, 0x000000008a200000)
AC   0  F    TS     0 PTAMS 0x000000008a200000 NTAMS 0x000000008a200000 space 1024K,   0% used [0x000000008a200000, 0x000000008a300000)
AC   0  F    TS     0 PTAMS 0x000000008a300000 NTAMS 0x000000008a300000 space 1024K,   0% used [0x000000008a300000, 0x000000008a400000)
AC   0  F    TS     0 PTAMS 0x000000008a400000 NTAMS 0x000000008a400000 space 1024K,   0% used [0x000000008a400000, 0x000000008a500000)
AC   0  F    TS     0 PTAMS 0x000000008a500000 NTAMS 0x000000008a500000 space 1024K,   0% used [0x000000008a500000, 0x000000008a600000)
AC   0  F    TS     0 PTAMS 0x000000008a600000 NTAMS 0x000000008a600000 space 1024K,   0% used [0x000000008a600000, 0x000000008a700000)
AC   0  F    TS     0 PTAMS 0x000000008a700000 NTAMS 0x000000008a700000 space 1024K,   0% used [0x000000008a700000, 0x000000008a800000)
AC   0  F    TS     0 PTAMS 0x000000008a800000 NTAMS 0x000000008a800000 space 1024K,   0% used [0x000000008a800000, 0x000000008a900000)
AC   0  F    TS     0 PTAMS 0x000000008a900000 NTAMS 0x000000008a900000 space 1024K,   0% used [0x000000008a900000, 0x000000008aa00000)
AC   0  F    TS     0 PTAMS 0x000000008aa00000 NTAMS 0x000000008aa00000 space 1024K,   0% used [0x000000008aa00000, 0x000000008ab00000)
AC   0  F    TS     0 PTAMS 0x000000008ab00000 NTAMS 0x000000008ab00000 space 1024K,   0% used [0x000000008ab00000, 0x000000008ac00000)
AC   0  F    TS     0 PTAMS 0x000000008ac00000 NTAMS 0x000000008ac00000 space 1024K,   0% used [0x000000008ac00000, 0x000000008ad00000)
AC   0  F    TS     0 PTAMS 0x000000008ad00000 NTAMS 0x000000008ad00000 space 1024K,   0% used [0x000000008ad00000, 0x000000008ae00000)
AC   0  F    TS     0 PTAMS 0x000000008ae00000 NTAMS 0x000000008ae00000 space 1024K,   0% used [0x000000008ae00000, 0x000000008af00000)
AC   0  F    TS     0 PTAMS 0x000000008af00000 NTAMS 0x000000008af00000 space 1024K,   0% used [0x000000008af00000, 0x000000008b000000)
AC   0  F    TS     0 PTAMS 0x000000008b000000 NTAMS 0x000000008b000000 space 1024K,   0% used [0x000000008b000000, 0x000000008b100000)
AC   0  F    TS     0 PTAMS 0x000000008b100000 NTAMS 0x000000008b100000 space 1024K,   0% used [0x000000008b100000, 0x000000008b200000)
AC   0  F    TS     0 PTAMS 0x000000008b200000 NTAMS 0x000000008b200000 space 1024K,   0% used [0x000000008b200000, 0x000000008b300000)
AC   0  F    TS     0 PTAMS 0x000000008b300000 NTAMS 0x000000008b300000 space 1024K,   0% used [0x000000008b300000, 0x000000008b400000)
AC   0  F    TS     0 PTAMS 0x000000008b400000 NTAMS 0x000000008b400000 space 1024K,   0% used [0x000000008b400000, 0x000000008b500000)
AC   0  F    TS     0 PTAMS 0x000000008b500000 NTAMS 0x000000008b500000 space 1024K,   0% used [0x000000008b500000, 0x000000008b600000)
AC   0  F    TS     0 PTAMS 0x000000008b600000 NTAMS 0x000000008b600000 space 1024K,   0% used [0x000000008b600000, 0x000000008b700000)
AC   0  F    TS     0 PTAMS 0x000000008b700000 NTAMS 0x000000008b700000 space 1024K,   0% used [0x000000008b700000, 0x000000008b800000)
AC   0  F    TS     0 PTAMS 0x000000008b800000 NTAMS 0x000000008b800000 space 1024K,   0% used [0x000000008b800000, 0x000000008b900000)
AC   0  F    TS     0 PTAMS 0x000000008b900000 NTAMS 0x000000008b900000 space 1024K,   0% used [0x000000008b900000, 0x000000008ba00000)
AC   0  F    TS     0 PTAMS 0x000000008ba00000 NTAMS 0x000000008ba00000 space 1024K,   0% used [0x000000008ba00000, 0x000000008bb00000)
AC   0  F    TS     0 PTAMS 0x000000008bb00000 NTAMS 0x000000008bb00000 space 1024K,   0% used [0x000000008bb00000, 0x000000008bc00000)
AC   0  F    TS     0 PTAMS 0x000000008bc00000 NTAMS 0x000000008bc00000 space 1024K,   0% used [0x000000008bc00000, 0x000000008bd00000)
AC   0  F    TS     0 PTAMS 0x000000008bd00000 NTAMS 0x000000008bd00000 space 1024K,   0% used [0x000000008bd00000, 0x000000008be00000)
AC   0  F    TS     0 PTAMS 0x000000008be00000 NTAMS 0x000000008be00000 space 1024K,   0% used [0x000000008be00000, 0x000000008bf00000)
AC   0  F    TS     0 PTAMS 0x000000008bf00000 NTAMS 0x000000008bf00000 space 1024K,   0% used [0x000000008bf00000, 0x000000008c000000)
AC   0  F    TS     0 PTAMS 0x000000008c000000 NTAMS 0x000000008c000000 space 1024K,   0% used [0x000000008c000000, 0x000000008c100000)
AC   0  F    TS     0 PTAMS 0x000000008c100000 NTAMS 0x000000008c100000 space 1024K,   0% used [0x000000008c100000, 0x000000008c200000)
AC   0  F    TS     0 PTAMS 0x000000008c200000 NTAMS 0x000000008c200000 space 1024K,   0% used [0x000000008c200000, 0x000000008c300000)
AC   0  F    TS     0 PTAMS 0x000000008c300000 NTAMS 0x000000008c300000 space 1024K,   0% used [0x000000008c300000, 0x000000008c400000)
AC   0  F    TS     0 PTAMS 0x000000008c400000 NTAMS 0x000000008c400000 space 1024K,   0% used [0x000000008c400000, 0x000000008c500000)
AC   0  F    TS     0 PTAMS 0x000000008c500000 NTAMS 0x000000008c500000 space 1024K,   0% used [0x000000008c500000, 0x000000008c600000)
AC   0  F    TS     0 PTAMS 0x000000008c600000 NTAMS 0x000000008c600000 space 1024K,   0% used [0x000000008c600000, 0x000000008c700000)
AC   0  F    TS     0 PTAMS 0x000000008c700000 NTAMS 0x000000008c700000 space 1024K,   0% used [0x000000008c700000, 0x000000008c800000)
AC   0  F    TS     0 PTAMS 0x000000008c800000 NTAMS 0x000000008c800000 space 1024K,   0% used [0x000000008c800000, 0x000000008c900000)
AC   0  F    TS     0 PTAMS 0x000000008c900000 NTAMS 0x000000008c900000 space 1024K,   0% used [0x000000008c900000, 0x000000008ca00000)
AC   0  F    TS     0 PTAMS 0x000000008ca00000 NTAMS 0x000000008ca00000 space 1024K,   0% used [0x000000008ca00000, 0x000000008cb00000)
AC   0  F    TS     0 PTAMS 0x000000008cb00000 NTAMS 0x000000008cb00000 space 1024K,   0% used [0x000000008cb00000, 0x000000008cc00000)
AC   0  F    TS     0 PTAMS 0x000000008cc00000 NTAMS 0x000000008cc00000 space 1024K,   0% used [0x000000008cc00000, 0x000000008cd00000)
AC   0  F    TS     0 PTAMS 0x000000008cd00000 NTAMS 0x000000008cd00000 space 1024K,   0% used [0x000000008cd00000, 0x000000008ce00000)
AC   0  F    TS     0 PTAMS 0x000000008ce00000 NTAMS 0x000000008ce00000 space 1024K,   0% used [0x000000008ce00000, 0x000000008cf00000)
AC   0  F    TS     0 PTAMS 0x000000008cf00000 NTAMS 0x000000008cf00000 space 1024K,   0% used [0x000000008cf00000, 0x000000008d000000)
AC   0  F    TS     0 PTAMS 0x000000008d000000 NTAMS 0x000000008d000000 space 1024K,   0% used [0x000000008d000000, 0x000000008d100000)
AC   0  F    TS     0 PTAMS 0x000000008d100000 NTAMS 0x000000008d100000 space 1024K,   0% used [0x000000008d100000, 0x000000008d200000)
AC   0  F    TS     0 PTAMS 0x000000008d200000 NTAMS 0x000000008d200000 space 1024K,   0% used [0x000000008d200000, 0x000000008d300000)
AC   0  F    TS     0 PTAMS 0x000000008d300000 NTAMS 0x000000008d300000 space 1024K,   0% used [0x000000008d300000, 0x000000008d400000)
AC   0  F    TS     0 PTAMS 0x000000008d400000 NTAMS 0x000000008d400000 space 1024K,   0% used [0x000000008d400000, 0x000000008d500000)
AC   0  F    TS     0 PTAMS 0x000000008d500000 NTAMS 0x000000008d500000 space 1024K,   0% used [0x000000008d500000, 0x000000008d600000)
AC   0  F    TS     0 PTAMS 0x000000008d600000 NTAMS 0x000000008d600000 space 1024K,   0% used [0x000000008d600000, 0x000000008d700000)
AC   0  F    TS     0 PTAMS 0x000000008d700000 NTAMS 0x000000008d700000 space 1024K,   0% used [0x000000008d700000, 0x000000008d800000)
AC   0  F    TS     0 PTAMS 0x000000008d800000 NTAMS 0x000000008d800000 space 1024K,   0% used [0x000000008d800000, 0x000000008d900000)
AC   0  F    TS     0 PTAMS 0x000000008d900000 NTAMS 0x000000008d900000 space 1024K,   0% used [0x000000008d900000, 0x000000008da00000)
AC   0  F    TS     0 PTAMS 0x000000008da00000 NTAMS 0x000000008da00000 space 1024K,   0% used [0x000000008da00000, 0x000000008db00000)
AC   0  F    TS     0 PTAMS 0x000000008db00000 NTAMS 0x000000008db00000 space 1024K,   0% used [0x000000008db00000, 0x000000008dc00000)
AC   0  F    TS     0 PTAMS 0x000000008dc00000 NTAMS 0x000000008dc00000 space 1024K,   0% used [0x000000008dc00000, 0x000000008dd00000)
AC   0  F    TS     0 PTAMS 0x000000008dd00000 NTAMS 0x000000008dd00000 space 1024K,   0% used [0x000000008dd00000, 0x000000008de00000)
AC   0  F    TS     0 PTAMS 0x000000008de00000 NTAMS 0x000000008de00000 space 1024K,   0% used [0x000000008de00000, 0x000000008df00000)
AC   0  F    TS     0 PTAMS 0x000000008df00000 NTAMS 0x000000008df00000 space 1024K,   0% used [0x000000008df00000, 0x000000008e000000)
AC   0  F    TS     0 PTAMS 0x000000008e000000 NTAMS 0x000000008e000000 space 1024K,   0% used [0x000000008e000000, 0x000000008e100000)
AC   0  F    TS     0 PTAMS 0x000000008e100000 NTAMS 0x000000008e100000 space 1024K,   0% used [0x000000008e100000, 0x000000008e200000)
AC   0  F    TS     0 PTAMS 0x000000008e200000 NTAMS 0x000000008e200000 space 1024K,   0% used [0x000000008e200000, 0x000000008e300000)
AC   0  F    TS     0 PTAMS 0x000000008e300000 NTAMS 0x000000008e300000 space 1024K,   0% used [0x000000008e300000, 0x000000008e400000)
AC   0  F    TS     0 PTAMS 0x000000008e400000 NTAMS 0x000000008e400000 space 1024K,   0% used [0x000000008e400000, 0x000000008e500000)
AC   0  F    TS     0 PTAMS 0x000000008e500000 NTAMS 0x000000008e500000 space 1024K,   0% used [0x000000008e500000, 0x000000008e600000)
AC   0  F    TS     0 PTAMS 0x000000008e600000 NTAMS 0x000000008e600000 space 1024K,   0% used [0x000000008e600000, 0x000000008e700000)
AC   0  F    TS     0 PTAMS 0x000000008e700000 NTAMS 0x000000008e700000 space 1024K,   0% used [0x000000008e700000, 0x000000008e800000)
AC   0  F    TS     0 PTAMS 0x000000008e800000 NTAMS 0x000000008e800000 space 1024K,   0% used [0x000000008e800000, 0x000000008e900000)
AC   0  F    TS     0 PTAMS 0x000000008e900000 NTAMS 0x000000008e900000 space 1024K,   0% used [0x000000008e900000, 0x000000008ea00000)
AC   0  F    TS     0 PTAMS 0x000000008ea00000 NTAMS 0x000000008ea00000 space 1024K,   0% used [0x000000008ea00000, 0x000000008eb00000)
AC   0  F    TS     0 PTAMS 0x000000008eb00000 NTAMS 0x000000008eb00000 space 1024K,   0% used [0x000000008eb00000, 0x000000008ec00000)
AC   0  F    TS     0 PTAMS 0x000000008ec00000 NTAMS 0x000000008ec00000 space 1024K,   0% used [0x000000008ec00000, 0x000000008ed00000)
AC   0  F    TS     0 PTAMS 0x000000008ed00000 NTAMS 0x000000008ed00000 space 1024K,   0% used [0x000000008ed00000, 0x000000008ee00000)
AC   0  F    TS     0 PTAMS 0x000000008ee00000 NTAMS 0x000000008ee00000 space 1024K,   0% used [0x000000008ee00000, 0x000000008ef00000)
AC   0  F    TS     0 PTAMS 0x000000008ef00000 NTAMS 0x000000008ef00000 space 1024K,   0% used [0x000000008ef00000, 0x000000008f000000)
AC   0  E    TS     0 PTAMS 0x000000008f000000 NTAMS 0x000000008f000000 space 1024K, 100% used [0x000000008f000000, 0x000000008f100000)
AC   0  E CS TS     0 PTAMS 0x000000008f100000 NTAMS 0x000000008f100000 space 1024K, 100% used [0x000000008f100000, 0x000000008f200000)
AC   0  E CS TS     0 PTAMS 0x000000008f200000 NTAMS 0x000000008f200000 space 1024K, 100% used [0x000000008f200000, 0x000000008f300000)
AC   0  E CS TS     0 PTAMS 0x000000008f300000 NTAMS 0x000000008f300000 space 1024K, 100% used [0x000000008f300000, 0x000000008f400000)
AC   0  E CS TS     0 PTAMS 0x000000008f400000 NTAMS 0x000000008f400000 space 1024K, 100% used [0x000000008f400000, 0x000000008f500000)
AC   0  E CS TS     0 PTAMS 0x000000008f500000 NTAMS 0x000000008f500000 space 1024K, 100% used [0x000000008f500000, 0x000000008f600000)
AC   0  E CS TS     0 PTAMS 0x000000008f600000 NTAMS 0x000000008f600000 space 1024K, 100% used [0x000000008f600000, 0x000000008f700000)
AC   0  E CS TS     0 PTAMS 0x000000008f700000 NTAMS 0x000000008f700000 space 1024K, 100% used [0x000000008f700000, 0x000000008f800000)
AC   0  E CS TS     0 PTAMS 0x000000008f800000 NTAMS 0x000000008f800000 space 1024K, 100% used [0x000000008f800000, 0x000000008f900000)
AC   0  E CS TS     0 PTAMS 0x000000008f900000 NTAMS 0x000000008f900000 space 1024K, 100% used [0x000000008f900000, 0x000000008fa00000)
AC   0  E CS TS     0 PTAMS 0x000000008fa00000 NTAMS 0x000000008fa00000 space 1024K, 100% used [0x000000008fa00000, 0x000000008fb00000)
AC   0  E CS TS     0 PTAMS 0x000000008fb00000 NTAMS 0x000000008fb00000 space 1024K, 100% used [0x000000008fb00000, 0x000000008fc00000)
AC   0  S CS TS     3 PTAMS 0x000000008fc00000 NTAMS 0x000000008fc00000 space 1024K, 100% used [0x000000008fc00000, 0x000000008fd00000)
AC   0  S CS TS     3 PTAMS 0x000000008fd00000 NTAMS 0x000000008fd00000 space 1024K, 100% used [0x000000008fd00000, 0x000000008fe00000)
AC   0  E CS TS     0 PTAMS 0x000000008fe00000 NTAMS 0x000000008fe00000 space 1024K, 100% used [0x000000008fe00000, 0x000000008ff00000)
AC   0  E CS TS     0 PTAMS 0x000000008ff00000 NTAMS 0x000000008ff00000 space 1024K, 100% used [0x000000008ff00000, 0x0000000090000000)
AC   0  E CS TS     0 PTAMS 0x0000000090000000 NTAMS 0x0000000090000000 space 1024K, 100% used [0x0000000090000000, 0x0000000090100000)
AC   0  E CS TS     0 PTAMS 0x0000000090100000 NTAMS 0x0000000090100000 space 1024K, 100% used [0x0000000090100000, 0x0000000090200000)
AC   0  E CS TS     0 PTAMS 0x0000000090200000 NTAMS 0x0000000090200000 space 1024K, 100% used [0x0000000090200000, 0x0000000090300000)
AC   0  O    TS     0 PTAMS 0x0000000090400000 NTAMS 0x0000000090400000 space 1024K, 100% used [0x0000000090300000, 0x0000000090400000)

Card table byte_map: [0x00000000141d0000,0x00000000145d0000] byte_map_base: 0x0000000013dd0000

Marking Bits (Prev, Next): (CMBitMap*) 0x00000000037cb990, (CMBitMap*) 0x00000000037cb938
 Prev Bits: [0x00000000169d0000, 0x00000000189d0000)
 Next Bits: [0x00000000149d0000, 0x00000000169d0000)

Polling page: 0x0000000002840000

CodeCache: size=245760Kb used=43226Kb max_used=43226Kb free=202533Kb
 bounds [0x00000000038c0000, 0x0000000006330000, 0x00000000128c0000]
 total_blobs=12994 nmethods=11952 adapters=949
 compilation: enabled

Compilation events (10 events):
Event: 97.686 Thread 0x000000001b4fa000 14674       3       org.eclipse.core.runtime.Adapters::adapt (7 bytes)
Event: 97.686 Thread 0x000000001b4fa000 nmethod 14674 0x0000000006322590 code [0x0000000006322700, 0x0000000006322868]
Event: 97.700 Thread 0x000000001b4fa000 14675       3       org.eclipse.swt.graphics.GC::isDisposed (13 bytes)
Event: 97.700 Thread 0x000000001b4fa000 nmethod 14675 0x0000000006322910 code [0x0000000006322a60, 0x0000000006322c10]
Event: 97.702 Thread 0x000000001b4fa000 14676       3       org.eclipse.swt.graphics.GC::setFont (69 bytes)
Event: 97.703 Thread 0x000000001b4fa000 nmethod 14676 0x0000000006322c90 code [0x0000000006322e40, 0x0000000006323498]
Event: 97.769 Thread 0x000000001b4fa000 14680       3       org.eclipse.ui.internal.progress.ProgressManager$$Lambda$510/575855709::test (16 bytes)
Event: 97.770 Thread 0x000000001b4fa000 nmethod 14680 0x0000000006323f10 code [0x00000000063240c0, 0x0000000006324828]
Event: 97.770 Thread 0x000000001b4fa000 14681       3       org.eclipse.ui.internal.progress.ProgressManager::lambda$23 (15 bytes)
Event: 97.770 Thread 0x000000001b4fa000 nmethod 14681 0x0000000006324b90 code [0x0000000006324d40, 0x0000000006325348]

GC Heap History (10 events):
Event: 79.964 GC heap before
{Heap before GC invocations=19 (full 0):
 garbage-first heap   total 266240K, used 224147K [0x0000000080000000, 0x0000000080100820, 0x0000000100000000)
  region size 1024K, 115 young (117760K), 13 survivors (13312K)
 Metaspace       used 111708K, capacity 122642K, committed 122916K, reserved 1155072K
  class space    used 14033K, capacity 16892K, committed 17008K, reserved 1048576K
Event: 80.009 GC heap after
Heap after GC invocations=20 (full 0):
 garbage-first heap   total 266240K, used 134547K [0x0000000080000000, 0x0000000080100820, 0x0000000100000000)
  region size 1024K, 15 young (15360K), 15 survivors (15360K)
 Metaspace       used 111708K, capacity 122642K, committed 122916K, reserved 1155072K
  class space    used 14033K, capacity 16892K, committed 17008K, reserved 1048576K
}
Event: 80.063 GC heap before
{Heap before GC invocations=20 (full 0):
 garbage-first heap   total 266240K, used 135571K [0x0000000080000000, 0x0000000080100820, 0x0000000100000000)
  region size 1024K, 16 young (16384K), 15 survivors (15360K)
 Metaspace       used 111739K, capacity 122642K, committed 122916K, reserved 1155072K
  class space    used 14034K, capacity 16892K, committed 17008K, reserved 1048576K
Event: 80.092 GC heap after
Heap after GC invocations=21 (full 0):
 garbage-first heap   total 266240K, used 116627K [0x0000000080000000, 0x0000000080100820, 0x0000000100000000)
  region size 1024K, 2 young (2048K), 2 survivors (2048K)
 Metaspace       used 111739K, capacity 122642K, committed 122916K, reserved 1155072K
  class space    used 14034K, capacity 16892K, committed 17008K, reserved 1048576K
}
Event: 80.905 GC heap before
{Heap before GC invocations=21 (full 0):
 garbage-first heap   total 266240K, used 182506K [0x0000000080000000, 0x0000000080100820, 0x0000000100000000)
  region size 1024K, 66 young (67584K), 2 survivors (2048K)
 Metaspace       used 112058K, capacity 122978K, committed 123172K, reserved 1155072K
  class space    used 14053K, capacity 16942K, committed 17008K, reserved 1048576K
Event: 80.941 GC heap after
Heap after GC invocations=22 (full 0):
 garbage-first heap   total 266240K, used 130282K [0x0000000080000000, 0x0000000080100820, 0x0000000100000000)
  region size 1024K, 14 young (14336K), 14 survivors (14336K)
 Metaspace       used 112058K, capacity 122978K, committed 123172K, reserved 1155072K
  class space    used 14053K, capacity 16942K, committed 17008K, reserved 1048576K
}
Event: 96.567 GC heap before
{Heap before GC invocations=23 (full 0):
 garbage-first heap   total 266240K, used 225435K [0x0000000080000000, 0x0000000080100820, 0x0000000100000000)
  region size 1024K, 104 young (106496K), 14 survivors (14336K)
 Metaspace       used 116295K, capacity 127588K, committed 127652K, reserved 1159168K
  class space    used 14601K, capacity 17593K, committed 17648K, reserved 1048576K
Event: 96.602 GC heap after
Heap after GC invocations=24 (full 0):
 garbage-first heap   total 266240K, used 135245K [0x0000000080000000, 0x0000000080100820, 0x0000000100000000)
  region size 1024K, 8 young (8192K), 8 survivors (8192K)
 Metaspace       used 116295K, capacity 127588K, committed 127652K, reserved 1159168K
  class space    used 14601K, capacity 17593K, committed 17648K, reserved 1048576K
}
Event: 96.865 GC heap before
{Heap before GC invocations=24 (full 0):
 garbage-first heap   total 266240K, used 140365K [0x0000000080000000, 0x0000000080100820, 0x0000000100000000)
  region size 1024K, 13 young (13312K), 8 survivors (8192K)
 Metaspace       used 117667K, capacity 129188K, committed 129316K, reserved 1161216K
  class space    used 14773K, capacity 17772K, committed 17776K, reserved 1048576K
Event: 96.897 GC heap after
Heap after GC invocations=25 (full 0):
 garbage-first heap   total 266240K, used 111104K [0x0000000080000000, 0x0000000080100820, 0x0000000100000000)
  region size 1024K, 2 young (2048K), 2 survivors (2048K)
 Metaspace       used 117667K, capacity 129188K, committed 129316K, reserved 1161216K
  class space    used 14773K, capacity 17772K, committed 17776K, reserved 1048576K
}

Deoptimization events (10 events):
Event: 92.891 Thread 0x0000000003780800 Uncommon trap: reason=unstable_if action=reinterpret pc=0x0000000005c7dc3c method=org.eclipse.swt.widgets.Display.runSkin()Z @ 71
Event: 92.917 Thread 0x0000000003780800 Uncommon trap: reason=null_check action=make_not_entrant pc=0x0000000005e006bc method=org.eclipse.wb.internal.core.model.creation.ConstructorCreationSupport.addAccessors(Lorg/eclipse/wb/internal/core/model/description/GenericPropertyDescription;Ljava/util
Event: 95.918 Thread 0x0000000003780800 Uncommon trap: reason=unstable_if action=reinterpret pc=0x0000000005d976b4 method=org.eclipse.swt.widgets.EventTable.sendEvent(Lorg/eclipse/swt/widgets/Event;)V @ 17
Event: 95.955 Thread 0x0000000003780800 Uncommon trap: reason=null_check action=make_not_entrant pc=0x000000000477ebf4 method=org.eclipse.e4.core.internal.di.InjectorImpl.isAnnotationPresent(Ljava/lang/reflect/AnnotatedElement;Ljava/lang/Class;)Z @ 10
Event: 96.448 Thread 0x0000000003780800 Uncommon trap: reason=unstable_if action=reinterpret pc=0x00000000061fc3b0 method=org.eclipse.osgi.internal.serviceregistry.ServiceRegistrationImpl.getBundle()Lorg/osgi/framework/Bundle; @ 11
Event: 96.845 Thread 0x0000000003780800 Uncommon trap: reason=unstable_if action=reinterpret pc=0x00000000049c2930 method=java.lang.Character.isHighSurrogate(C)Z @ 3
Event: 97.305 Thread 0x0000000003780800 Uncommon trap: reason=unstable_if action=reinterpret pc=0x00000000061d0e90 method=org.eclipse.e4.core.internal.contexts.TrackableComputationExt.update(Lorg/eclipse/e4/core/internal/contexts/ContextChangeEvent;)Z @ 289
Event: 97.319 Thread 0x0000000003780800 Uncommon trap: reason=unstable_if action=reinterpret pc=0x000000000573c6f4 method=org.eclipse.e4.core.internal.contexts.EclipseContext.invalidate(Ljava/lang/String;ILjava/lang/Object;Ljava/lang/Object;Ljava/util/Set;)V @ 98
Event: 97.442 Thread 0x0000000003780800 Uncommon trap: reason=bimorphic action=maybe_recompile pc=0x0000000005e9e664 method=org.eclipse.swt.widgets.Control.windowProc(JIJJ)J @ 1623
Event: 97.446 Thread 0x0000000003780800 Uncommon trap: reason=bimorphic action=maybe_recompile pc=0x0000000005e9e664 method=org.eclipse.swt.widgets.Control.windowProc(JIJJ)J @ 1623

Classes redefined (0 events):
No events

Internal exceptions (10 events):
Event: 86.503 Thread 0x000000002539c800 Exception <a 'java/lang/ArrayIndexOutOfBoundsException'> (0x000000008eda1168) thrown at [C:\ade\jenkins\workspace\8-2-build-windows-amd64-cygwin\jdk8u241\331\hotspot\src\share\vm\runtime\sharedRuntime.cpp, line 605]
Event: 87.467 Thread 0x000000001f390000 Exception <a 'java/lang/ArrayIndexOutOfBoundsException'> (0x000000008e728498) thrown at [C:\ade\jenkins\workspace\8-2-build-windows-amd64-cygwin\jdk8u241\331\hotspot\src\share\vm\runtime\sharedRuntime.cpp, line 605]
Event: 87.930 Thread 0x000000001df3f000 Exception <a 'java/lang/ArrayIndexOutOfBoundsException'> (0x000000008e818cf0) thrown at [C:\ade\jenkins\workspace\8-2-build-windows-amd64-cygwin\jdk8u241\331\hotspot\src\share\vm\runtime\sharedRuntime.cpp, line 605]
Event: 88.666 Thread 0x000000002dc43000 Exception <a 'java/lang/InterruptedException'> (0x000000008d800800) thrown at [C:\ade\jenkins\workspace\8-2-build-windows-amd64-cygwin\jdk8u241\331\hotspot\src\share\vm\runtime\objectMonitor.cpp, line 1684]
Event: 88.787 Thread 0x0000000003780800 Implicit null exception at 0x0000000005ca5420 to 0x0000000005ca7813
Event: 88.899 Thread 0x0000000003780800 Implicit null exception at 0x0000000005069ef7 to 0x000000000506a1e1
Event: 92.916 Thread 0x0000000003780800 Implicit null exception at 0x0000000005dff4ec to 0x0000000005e00689
Event: 95.955 Thread 0x0000000003780800 Implicit null exception at 0x000000000477e78f to 0x000000000477ebe0
Event: 95.979 Thread 0x0000000003780800 Exception <a 'java/lang/reflect/InvocationTargetException'> (0x000000008b1b4868) thrown at [C:\ade\jenkins\workspace\8-2-build-windows-amd64-cygwin\jdk8u241\331\hotspot\src\share\vm\runtime\reflection.cpp, line 1092]
Event: 95.979 Thread 0x0000000003780800 Exception <a 'java/lang/IllegalArgumentException'> (0x000000008b1b1288) thrown at [C:\ade\jenkins\workspace\8-2-build-windows-amd64-cygwin\jdk8u241\331\hotspot\src\share\vm\prims\jni.cpp, line 710]

Events (10 events):
Event: 97.684 loading class org/eclipse/swt/events/DisposeEvent
Event: 97.684 loading class org/eclipse/swt/events/DisposeEvent done
Event: 97.684 loading class org/eclipse/ui/fieldassist/ContentAssistCommandAdapter
Event: 97.684 loading class org/eclipse/ui/fieldassist/ContentAssistCommandAdapter done
Event: 97.686 Executing VM operation: RevokeBias
Event: 97.687 Executing VM operation: RevokeBias done
Event: 97.688 loading class org/eclipse/jface/viewers/IDecorationContext
Event: 97.688 loading class org/eclipse/jface/viewers/IDecorationContext done
Event: 97.688 loading class org/eclipse/jface/viewers/IDecorationContext
Event: 97.688 loading class org/eclipse/jface/viewers/IDecorationContext done


Dynamic libraries:
0x00007ff622190000 - 0x00007ff6221fa000 	C:\Users\Admin\eclipse\java-2020-03\eclipse\eclipse.exe
0x00007ffc1a780000 - 0x00007ffc1a970000 	C:\Windows\SYSTEM32\ntdll.dll
0x00007ffc18b40000 - 0x00007ffc18bf2000 	C:\Windows\System32\KERNEL32.DLL
0x00007ffc181d0000 - 0x00007ffc18473000 	C:\Windows\System32\KERNELBASE.dll
0x00007ffc189a0000 - 0x00007ffc18b34000 	C:\Windows\System32\USER32.dll
0x00007ffc18800000 - 0x00007ffc18821000 	C:\Windows\System32\win32u.dll
0x00007ffc18970000 - 0x00007ffc18996000 	C:\Windows\System32\GDI32.dll
0x00007ffc18480000 - 0x00007ffc18614000 	C:\Windows\System32\gdi32full.dll
0x00007ffc17810000 - 0x00007ffc178ae000 	C:\Windows\System32\msvcp_win.dll
0x00007ffc18620000 - 0x00007ffc1871a000 	C:\Windows\System32\ucrtbase.dll
0x00007ffc05b90000 - 0x00007ffc05e15000 	C:\Windows\WinSxS\amd64_microsoft.windows.common-controls_6595b64144ccf1df_6.0.18362.657_none_e6c5b579130e3898\COMCTL32.dll
0x00007ffc19b60000 - 0x00007ffc19bfe000 	C:\Windows\System32\msvcrt.dll
0x00007ffc18ea0000 - 0x00007ffc191d6000 	C:\Windows\System32\combase.dll
0x00007ffc193a0000 - 0x00007ffc194c0000 	C:\Windows\System32\RPCRT4.dll
0x00007ffc18780000 - 0x00007ffc18800000 	C:\Windows\System32\bcryptPrimitives.dll
0x00007ffc18830000 - 0x00007ffc1885e000 	C:\Windows\System32\IMM32.DLL
0x00007ffc10450000 - 0x00007ffc10479000 	C:\Users\Admin\.p2\pool\plugins\org.eclipse.equinox.launcher.win32.win32.x86_64_1.1.1100.v20190907-0426\eclipse_1902.dll
0x00007ffc192f0000 - 0x00007ffc19393000 	C:\Windows\System32\ADVAPI32.dll
0x00007ffc19c00000 - 0x00007ffc19c97000 	C:\Windows\System32\sechost.dll
0x00007ffc071a0000 - 0x00007ffc071aa000 	C:\Windows\SYSTEM32\VERSION.dll
0x00007ffc15d20000 - 0x00007ffc15db9000 	C:\Windows\system32\uxtheme.dll
0x00007ffc18ce0000 - 0x00007ffc18e15000 	C:\Windows\System32\MSCTF.dll
0x00007ffc18c10000 - 0x00007ffc18cd4000 	C:\Windows\System32\OLEAUT32.dll
0x00007ffc17660000 - 0x00007ffc17671000 	C:\Windows\System32\kernel.appcore.dll
0x00007ffc0b8e0000 - 0x00007ffc0b97e000 	C:\Windows\System32\TextInputFramework.dll
0x00007ffc0ef40000 - 0x00007ffc0f26a000 	C:\Windows\System32\CoreUIComponents.dll
0x00007ffc15a90000 - 0x00007ffc15b64000 	C:\Windows\System32\CoreMessaging.dll
0x00007ffc188c0000 - 0x00007ffc18969000 	C:\Windows\System32\SHCORE.dll
0x00007ffc166b0000 - 0x00007ffc166e1000 	C:\Windows\SYSTEM32\ntmarta.dll
0x00007ffc13790000 - 0x00007ffc138e3000 	C:\Windows\SYSTEM32\wintypes.dll
0x00007ffc0a820000 - 0x00007ffc0aac6000 	C:\Windows\System32\iertutil.dll
0x00007ffc19d80000 - 0x00007ffc19ed6000 	C:\Windows\System32\ole32.dll
0x00007ffc19240000 - 0x00007ffc192e2000 	C:\Windows\System32\clbcatq.dll
0x000000006d930000 - 0x000000006e1dc000 	C:\Program Files\Java\jre1.8.0_241\bin\server\jvm.dll
0x00007ffc19520000 - 0x00007ffc19528000 	C:\Windows\System32\PSAPI.DLL
0x00007ffc14330000 - 0x00007ffc14339000 	C:\Windows\SYSTEM32\WSOCK32.dll
0x00007ffc12e90000 - 0x00007ffc12eb4000 	C:\Windows\SYSTEM32\WINMM.dll
0x00007ffc19d10000 - 0x00007ffc19d7f000 	C:\Windows\System32\WS2_32.dll
0x00007ffc12e60000 - 0x00007ffc12e8d000 	C:\Windows\SYSTEM32\WINMMBASE.dll
0x00007ffc17710000 - 0x00007ffc1775a000 	C:\Windows\System32\cfgmgr32.dll
0x000000006d850000 - 0x000000006d922000 	C:\Program Files\Java\jre1.8.0_241\bin\MSVCR100.dll
0x00007ffc14320000 - 0x00007ffc1432f000 	C:\Program Files\Java\jre1.8.0_241\bin\verify.dll
0x00007ffc10420000 - 0x00007ffc10449000 	C:\Program Files\Java\jre1.8.0_241\bin\java.dll
0x00007ffc12e10000 - 0x00007ffc12e26000 	C:\Program Files\Java\jre1.8.0_241\bin\zip.dll
0x00007ffc1a050000 - 0x00007ffc1a735000 	C:\Windows\System32\SHELL32.dll
0x00007ffc17900000 - 0x00007ffc1807f000 	C:\Windows\System32\windows.storage.dll
0x00007ffc176f0000 - 0x00007ffc1770f000 	C:\Windows\System32\profapi.dll
0x00007ffc17680000 - 0x00007ffc176ca000 	C:\Windows\System32\powrprof.dll
0x00007ffc17650000 - 0x00007ffc17660000 	C:\Windows\System32\UMPDC.dll
0x00007ffc194c0000 - 0x00007ffc19512000 	C:\Windows\System32\shlwapi.dll
0x00007ffc178e0000 - 0x00007ffc178f7000 	C:\Windows\System32\cryptsp.dll
0x00007ffc0ff40000 - 0x00007ffc0ff5a000 	C:\Program Files\Java\jre1.8.0_241\bin\net.dll
0x00007ffc16e60000 - 0x00007ffc16ec7000 	C:\Windows\system32\mswsock.dll
0x00007ffc0fe30000 - 0x00007ffc0fe42000 	C:\Program Files\Java\jre1.8.0_241\bin\nio.dll
0x00007ffc169d0000 - 0x00007ffc16a03000 	C:\Windows\system32\rsaenh.dll
0x00007ffc178b0000 - 0x00007ffc178d6000 	C:\Windows\System32\bcrypt.dll
0x00007ffc17540000 - 0x00007ffc17565000 	C:\Windows\SYSTEM32\USERENV.dll
0x00007ffc17030000 - 0x00007ffc1703c000 	C:\Windows\SYSTEM32\CRYPTBASE.dll
0x00007ffc16b70000 - 0x00007ffc16baa000 	C:\Windows\SYSTEM32\IPHLPAPI.DLL
0x00007ffc19530000 - 0x00007ffc19538000 	C:\Windows\System32\NSI.dll
0x00007ffc11410000 - 0x00007ffc11426000 	C:\Windows\SYSTEM32\dhcpcsvc6.DLL
0x00007ffc11ad0000 - 0x00007ffc11aec000 	C:\Windows\SYSTEM32\dhcpcsvc.DLL
0x00007ffc16c00000 - 0x00007ffc16cca000 	C:\Windows\SYSTEM32\DNSAPI.dll
0x00007ffc04f30000 - 0x00007ffc04fe8000 	C:\Users\Admin\eclipse\java-2020-03\eclipse\configuration\org.eclipse.osgi\376\0\.cp\swt-win32-4932r18.dll
0x00007ffc19f00000 - 0x00007ffc19fd0000 	C:\Windows\System32\COMDLG32.dll
0x00007ffc18080000 - 0x00007ffc181c9000 	C:\Windows\System32\CRYPT32.dll
0x00007ffc176d0000 - 0x00007ffc176e2000 	C:\Windows\System32\MSASN1.dll
0x00007ffc10400000 - 0x00007ffc10419000 	C:\Windows\SYSTEM32\USP10.dll
0x00007ffc060f0000 - 0x00007ffc06179000 	C:\Windows\SYSTEM32\WINSPOOL.DRV
0x00007ffc01a80000 - 0x00007ffc01f56000 	C:\Windows\SYSTEM32\WININET.dll
0x00007ffc13da0000 - 0x00007ffc13e8f000 	C:\Windows\SYSTEM32\PROPSYS.dll
0x00007ffc07890000 - 0x00007ffc07897000 	C:\Windows\SYSTEM32\MSIMG32.dll
0x00007ffc10ab0000 - 0x00007ffc10c86000 	C:\Windows\SYSTEM32\urlmon.dll
0x00007ffc11f10000 - 0x00007ffc11f1d000 	C:\Windows\SYSTEM32\LINKINFO.dll
0x00007ffbfef80000 - 0x00007ffbff115000 	C:\Windows\System32\TaskFlowDataEngine.dll
0x00007ffc064e0000 - 0x00007ffc06a25000 	C:\Windows\System32\cdp.dll
0x00007ffc12c20000 - 0x00007ffc12cef000 	C:\Windows\System32\dsreg.dll
0x00007ffc130f0000 - 0x00007ffc1317a000 	C:\Windows\System32\msvcp110_win.dll
0x00007ffbff950000 - 0x00007ffbff9c9000 	C:\Windows\System32\OneCoreCommonProxyStub.dll
0x00007ffc0cd30000 - 0x00007ffc0cd56000 	C:\Users\Admin\eclipse\java-2020-03\eclipse\configuration\org.eclipse.osgi\376\0\.cp\swt-gdip-win32-4932r18.dll
0x00007ffc07300000 - 0x00007ffc074a3000 	C:\Windows\WinSxS\amd64_microsoft.windows.gdiplus_6595b64144ccf1df_1.1.18362.657_none_17b0a85e6da0b266\gdiplus.dll
0x00007ffc0ec50000 - 0x00007ffc0edff000 	C:\Windows\SYSTEM32\WindowsCodecs.dll
0x00007ffc074b0000 - 0x00007ffc07515000 	C:\Windows\SYSTEM32\oleacc.dll
0x00007ffbf49e0000 - 0x00007ffbf4a21000 	C:\Windows\system32\mlang.dll
0x0000000180000000 - 0x0000000180012000 	C:\Users\Admin\eclipse\java-2020-03\eclipse\configuration\org.eclipse.osgi\82\0\.cp\os\win32\x86_64\localfile_1_0_0.dll
0x00007ffc0b8a0000 - 0x00007ffc0b8b6000 	C:\Windows\system32\napinsp.dll
0x00007ffc091e0000 - 0x00007ffc091fa000 	C:\Windows\system32\pnrpnsp.dll
0x00007ffc12d70000 - 0x00007ffc12d7e000 	C:\Windows\System32\winrnr.dll
0x00007ffc12d00000 - 0x00007ffc12d1c000 	C:\Windows\system32\NLAapi.dll
0x00007ffc10fa0000 - 0x00007ffc10fb5000 	C:\Windows\system32\wshbth.dll
0x00007ffc0c250000 - 0x00007ffc0c25a000 	C:\Windows\System32\rasadhlp.dll
0x00007ffc110d0000 - 0x00007ffc11147000 	C:\Windows\System32\fwpuclnt.dll
0x00007ffc0ff20000 - 0x00007ffc0ff31000 	C:\Users\Admin\eclipse\java-2020-03\eclipse\configuration\org.eclipse.osgi\85\0\.cp\jWinHttp-1.0.0.dll
0x00007ffc119e0000 - 0x00007ffc11ad0000 	C:\Windows\SYSTEM32\WINHTTP.dll
0x00007ffc08660000 - 0x00007ffc0869a000 	C:\Windows\system32\dataexchange.dll
0x00007ffc147a0000 - 0x00007ffc1497b000 	C:\Windows\system32\dcomp.dll
0x00007ffc14980000 - 0x00007ffc14bdb000 	C:\Windows\system32\d3d11.dll
0x00007ffc16420000 - 0x00007ffc1650b000 	C:\Windows\system32\dxgi.dll
0x00007ffc16400000 - 0x00007ffc16420000 	C:\Windows\SYSTEM32\dxcore.dll
0x00007ffc14540000 - 0x00007ffc1479a000 	C:\Windows\system32\twinapi.appcore.dll
0x00007ffc15f00000 - 0x00007ffc15f29000 	C:\Windows\system32\RMCLIENT.dll
0x00007ffc09200000 - 0x00007ffc09224000 	C:\Program Files\Java\jre1.8.0_241\bin\sunec.dll
0x00007ffc01720000 - 0x00007ffc01925000 	C:\Windows\system32\explorerframe.dll
0x00007ffc0a090000 - 0x00007ffc0a38e000 	C:\Windows\SYSTEM32\DWrite.dll
0x00007ffc007d0000 - 0x00007ffc0084e000 	C:\Windows\SYSTEM32\ntshrui.dll
0x00007ffc17570000 - 0x00007ffc1759f000 	C:\Windows\SYSTEM32\SspiCli.dll
0x00007ffc05630000 - 0x00007ffc05656000 	C:\Windows\SYSTEM32\srvcli.dll
0x00007ffc10880000 - 0x00007ffc10892000 	C:\Windows\SYSTEM32\cscapi.dll
0x00007ffc13180000 - 0x00007ffc13206000 	C:\Windows\SYSTEM32\policymanager.dll
0x00007ffbf2990000 - 0x00007ffbf2b2a000 	C:\Program Files\Java\jre1.8.0_241\bin\awt.dll
0x00007ffc15ba0000 - 0x00007ffc15c2f000 	C:\Windows\SYSTEM32\apphelp.dll
0x00007ffc15ed0000 - 0x00007ffc15efd000 	C:\Windows\system32\DWMAPI.DLL
0x00007ffc108a0000 - 0x00007ffc108ab000 	C:\Program Files\Java\jre1.8.0_241\bin\sunmscapi.dll
0x00007ffc015c0000 - 0x00007ffc01716000 	C:\Windows\system32\opengl32.dll
0x00007ffc0afe0000 - 0x00007ffc0b00c000 	C:\Windows\SYSTEM32\GLU32.dll
0x00007ffc04e70000 - 0x00007ffc04eb9000 	C:\Program Files\Java\jre1.8.0_241\bin\fontmanager.dll
0x00007ffc04d10000 - 0x00007ffc04d52000 	C:\Program Files\Java\jre1.8.0_241\bin\t2k.dll
0x00007ffbfd2b0000 - 0x00007ffbfd9a9000 	C:\Windows\System32\ieframe.dll
0x00007ffc05710000 - 0x00007ffc05727000 	C:\Windows\System32\NETAPI32.dll
0x00007ffc13480000 - 0x00007ffc13497000 	C:\Windows\System32\WKSCLI.DLL
0x00007ffc16cd0000 - 0x00007ffc16cdc000 	C:\Windows\System32\NETUTILS.DLL
0x00007ffc18e20000 - 0x00007ffc18e96000 	C:\Windows\System32\coml2.dll
0x00007ffc17440000 - 0x00007ffc174dd000 	C:\Windows\SYSTEM32\sxs.dll
0x00007ffc003b0000 - 0x00007ffc00401000 	C:\Windows\SYSTEM32\msIso.dll
0x00007ffbd68c0000 - 0x00007ffbd7e72000 	C:\Windows\System32\mshtml.dll
0x00007ffbfc5a0000 - 0x00007ffbfc5cc000 	C:\Windows\System32\srpapi.dll
0x00007ffbf4300000 - 0x00007ffbf47ab000 	C:\Windows\System32\jscript9.dll
0x00007ffc13210000 - 0x00007ffc1321c000 	C:\Windows\SYSTEM32\Secur32.dll

VM Arguments:
jvm_args: -Dosgi.requiredJavaVersion=1.8 -Dosgi.instance.area.default=@user.home/eclipse-workspace -XX:+UseG1GC -XX:+UseStringDeduplication -Dosgi.requiredJavaVersion=1.8 -Dosgi.dataAreaRequiresExplicitInit=true -Xms256m -Xmx2048m -Declipse.p2.max.threads=10 -Doomph.update.url=http://download.eclipse.org/oomph/updates/milestone/latest -Doomph.redirection.index.redirection=index:/->http://git.eclipse.org/c/oomph/org.eclipse.oomph.git/plain/setups/ 
java_command: <unknown>
java_class_path (initial): C:\Users\Admin\eclipse\java-2020-03\eclipse\\plugins/org.eclipse.equinox.launcher_1.5.700.v20200207-2156.jar
Launcher Type: generic

Environment Variables:
PATH=C:/Program Files/Java/jre1.8.0_241/bin/server;C:/Program Files/Java/jre1.8.0_241/bin;C:/Program Files/Java/jre1.8.0_241/lib/amd64;C:\Program Files (x86)\Common Files\Oracle\Java\javapath;C:\oraclexe\app\oracle\product\10.2.0\server\bin;C:\Windows\system32;C:\Windows;C:\Windows\System32\Wbem;C:\Windows\System32\WindowsPowerShell\v1.0\;C:\Windows\System32\OpenSSH\;C:\Program Files (x86)\ATI Technologies\ATI.ACE\Core-Static;C:\Users\Admin\AppData\Local\Microsoft\WindowsApps;;G:\Java_Projects\Java_GUI_1\src;
USERNAME=Admin
OS=Windows_NT
PROCESSOR_IDENTIFIER=Intel64 Family 6 Model 58 Stepping 9, GenuineIntel



---------------  S Y S T E M  ---------------

OS: Windows 10.0 , 64 bit Build 18362 (10.0.18362.329)

CPU:total 4 (initial active 4) (2 cores per cpu, 2 threads per core) family 6 model 58 stepping 9, cmov, cx8, fxsr, mmx, sse, sse2, sse3, ssse3, sse4.1, sse4.2, popcnt, avx, aes, clmul, erms, ht, tsc, tscinvbit, tscinv

Memory: 4k page, physical 4094312k(1264792k free), swap 16677224k(5128k free)

vm_info: Java HotSpot(TM) 64-Bit Server VM (25.241-b07) for windows-amd64 JRE (1.8.0_241-b07), built on Dec 11 2019 10:21:40 by "rejava" with MS VC++ 10.0 (VS2010)

time: Mon Mar 23 22:47:23 2020
timezone: India Standard Time
elapsed time: 98 seconds (0d 0h 1m 38s)

