#
# There is insufficient memory for the Java Runtime Environment to continue.
# Native memory allocation (malloc) failed to allocate 1048576 bytes for AllocateHeap
# Possible reasons:
#   The system is out of physical RAM or swap space
#   The process is running with CompressedOops enabled, and the Java Heap may be blocking the growth of the native heap
# Possible solutions:
#   Reduce memory load on the system
#   Increase physical memory or swap space
#   Check if swap backing store is full
#   Decrease Java heap size (-Xmx/-Xms)
#   Decrease number of Java threads
#   Decrease Java thread stack sizes (-Xss)
#   Set larger code cache with -XX:ReservedCodeCacheSize=
#   JVM is running with Unscaled Compressed Oops mode in which the Java heap is
#     placed in the first 4GB address space. The Java Heap base address is the
#     maximum limit for the native heap growth. Please use -XX:HeapBaseMinAddress
#     to set the Java Heap base and to place the Java Heap above 4GB virtual address.
# This output file may be truncated or incomplete.
#
#  Out of Memory Error (memory/allocation.inline.hpp:61), pid=9288, tid=0x00000000000015a8
#
# JRE version:  (8.0_241-b07) (build )
# Java VM: Java HotSpot(TM) 64-Bit Server VM (25.241-b07 mixed mode windows-amd64 compressed oops)
# Failed to write core dump. Minidumps are not enabled by default on client versions of Windows
#

---------------  T H R E A D  ---------------

Current thread (0x00000000030ed800):  JavaThread "Unknown thread" [_thread_in_vm, id=5544, stack(0x0000000003100000,0x0000000003200000)]

Stack: [0x0000000003100000,0x0000000003200000]
[error occurred during error reporting (printing stack bounds), id 0xc0000005]

Native frames: (J=compiled Java code, j=interpreted, Vv=VM code, C=native code)


---------------  P R O C E S S  ---------------

Java Threads: ( => current thread )

Other Threads:

=>0x00000000030ed800 (exited) JavaThread "Unknown thread" [_thread_in_vm, id=5544, stack(0x0000000003100000,0x0000000003200000)]

VM state:not at safepoint (normal execution)

VM Mutex/Monitor currently owned by a thread: None

heap address: 0x00000000c1800000, size: 1000 MB, Compressed Oops mode: 32-bit
Narrow klass base: 0x0000000000000000, Narrow klass shift: 3
Compressed class space size: 1073741824 Address: 0x0000000100000000

Heap:
 PSYoungGen      total 18944K, used 327K [0x00000000eb300000, 0x00000000ec800000, 0x0000000100000000)
  eden space 16384K, 2% used [0x00000000eb300000,0x00000000eb351ec8,0x00000000ec300000)
  from space 2560K, 0% used [0x00000000ec580000,0x00000000ec580000,0x00000000ec800000)
  to   space 2560K, 0% used [0x00000000ec300000,0x00000000ec300000,0x00000000ec580000)
 ParOldGen       total 44032K, used 0K [0x00000000c1800000, 0x00000000c4300000, 0x00000000eb300000)
  object space 44032K, 0% used [0x00000000c1800000,0x00000000c1800000,0x00000000c4300000)
 Metaspace       used 752K, capacity 4480K, committed 4480K, reserved 1056768K
  class space    used 76K, capacity 384K, committed 384K, reserved 1048576K

Card table byte_map: [0x00000000126c0000,0x00000000128c0000] byte_map_base: 0x00000000120b4000

Marking Bits: (ParMarkBitMap*) 0x000000006e15be30
 Begin Bits: [0x0000000012e10000, 0x0000000013db0000)
 End Bits:   [0x0000000013db0000, 0x0000000014d50000)

Polling page: 0x0000000003010000

CodeCache: size=245760Kb used=328Kb max_used=328Kb free=245431Kb
 bounds [0x0000000003300000, 0x0000000003570000, 0x0000000012300000]
 total_blobs=58 nmethods=0 adapters=38
 compilation: enabled

Compilation events (0 events):
No events

GC Heap History (0 events):
No events

Deoptimization events (0 events):
No events

Classes redefined (0 events):
No events

Internal exceptions (0 events):
No events

Events (10 events):
Event: 0.032 loading class java/lang/Short
Event: 0.032 loading class java/lang/Short done
Event: 0.032 loading class java/lang/Integer
Event: 0.032 loading class java/lang/Integer done
Event: 0.032 loading class java/lang/Long
Event: 0.032 loading class java/lang/Long done
Event: 0.033 loading class java/lang/NullPointerException
Event: 0.033 loading class java/lang/NullPointerException done
Event: 0.033 loading class java/lang/ArithmeticException
Event: 0.033 loading class java/lang/ArithmeticException done


Dynamic libraries:
0x00007ff795d70000 - 0x00007ff795da7000 	C:\Program Files\Java\jre1.8.0_241\bin\javaw.exe
0x00007ffc1a780000 - 0x00007ffc1a970000 	C:\Windows\SYSTEM32\ntdll.dll
0x00007ffc18b40000 - 0x00007ffc18bf2000 	C:\Windows\System32\KERNEL32.DLL
0x00007ffc181d0000 - 0x00007ffc18473000 	C:\Windows\System32\KERNELBASE.dll
0x00007ffc15ba0000 - 0x00007ffc15c2f000 	C:\Windows\SYSTEM32\apphelp.dll
0x00007ffc192f0000 - 0x00007ffc19393000 	C:\Windows\System32\ADVAPI32.dll
0x00007ffc19b60000 - 0x00007ffc19bfe000 	C:\Windows\System32\msvcrt.dll
0x00007ffc19c00000 - 0x00007ffc19c97000 	C:\Windows\System32\sechost.dll
0x00007ffc193a0000 - 0x00007ffc194c0000 	C:\Windows\System32\RPCRT4.dll
0x00007ffc189a0000 - 0x00007ffc18b34000 	C:\Windows\System32\USER32.dll
0x00007ffc18800000 - 0x00007ffc18821000 	C:\Windows\System32\win32u.dll
0x00007ffc18970000 - 0x00007ffc18996000 	C:\Windows\System32\GDI32.dll
0x00007ffc18480000 - 0x00007ffc18614000 	C:\Windows\System32\gdi32full.dll
0x00007ffc17810000 - 0x00007ffc178ae000 	C:\Windows\System32\msvcp_win.dll
0x00007ffc18620000 - 0x00007ffc1871a000 	C:\Windows\System32\ucrtbase.dll
0x00007ffc05b90000 - 0x00007ffc05e15000 	C:\Windows\WinSxS\amd64_microsoft.windows.common-controls_6595b64144ccf1df_6.0.18362.657_none_e6c5b579130e3898\COMCTL32.dll
0x00007ffc18ea0000 - 0x00007ffc191d6000 	C:\Windows\System32\combase.dll
0x00007ffc18780000 - 0x00007ffc18800000 	C:\Windows\System32\bcryptPrimitives.dll
0x00007ffc18830000 - 0x00007ffc1885e000 	C:\Windows\System32\IMM32.DLL
0x000000006d850000 - 0x000000006d922000 	C:\Program Files\Java\jre1.8.0_241\bin\msvcr100.dll
0x000000006d930000 - 0x000000006e1dc000 	C:\Program Files\Java\jre1.8.0_241\bin\server\jvm.dll
0x00007ffc19520000 - 0x00007ffc19528000 	C:\Windows\System32\PSAPI.DLL
0x00007ffc14330000 - 0x00007ffc14339000 	C:\Windows\SYSTEM32\WSOCK32.dll
0x00007ffc19d10000 - 0x00007ffc19d7f000 	C:\Windows\System32\WS2_32.dll
0x00007ffc12e90000 - 0x00007ffc12eb4000 	C:\Windows\SYSTEM32\WINMM.dll
0x00007ffc071a0000 - 0x00007ffc071aa000 	C:\Windows\SYSTEM32\VERSION.dll
0x00007ffc12e60000 - 0x00007ffc12e8d000 	C:\Windows\SYSTEM32\winmmbase.dll
0x00007ffc17710000 - 0x00007ffc1775a000 	C:\Windows\System32\cfgmgr32.dll
0x00007ffc14320000 - 0x00007ffc1432f000 	C:\Program Files\Java\jre1.8.0_241\bin\verify.dll
0x00007ffc10420000 - 0x00007ffc10449000 	C:\Program Files\Java\jre1.8.0_241\bin\java.dll
0x00007ffc12e10000 - 0x00007ffc12e26000 	C:\Program Files\Java\jre1.8.0_241\bin\zip.dll

VM Arguments:
jvm_args: -Dfile.encoding=Cp1252 
java_command: Frame1
java_class_path (initial): G:\Java_Projects\Java_GUI_1\bin;G:\Java_Projects\Java_GUI_1\jgoodies-forms-1.8.0.jar;G:\Java_Projects\Java_GUI_1\miglayout15-swing.jar
Launcher Type: SUN_STANDARD

Environment Variables:
PATH=C:/Program Files/Java/jre1.8.0_241/bin/server;C:/Program Files/Java/jre1.8.0_241/bin;C:/Program Files/Java/jre1.8.0_241/lib/amd64;C:\Program Files (x86)\Common Files\Oracle\Java\javapath;C:\oraclexe\app\oracle\product\10.2.0\server\bin;C:\Windows\system32;C:\Windows;C:\Windows\System32\Wbem;C:\Windows\System32\WindowsPowerShell\v1.0\;C:\Windows\System32\OpenSSH\;C:\Program Files (x86)\ATI Technologies\ATI.ACE\Core-Static;C:\Users\Admin\AppData\Local\Microsoft\WindowsApps;;C:\Windows\system32;
USERNAME=Admin
OS=Windows_NT
PROCESSOR_IDENTIFIER=Intel64 Family 6 Model 58 Stepping 9, GenuineIntel



---------------  S Y S T E M  ---------------

OS: Windows 10.0 , 64 bit Build 18362 (10.0.18362.329)

CPU:total 4 (initial active 4) (2 cores per cpu, 2 threads per core) family 6 model 58 stepping 9, cmov, cx8, fxsr, mmx, sse, sse2, sse3, ssse3, sse4.1, sse4.2, popcnt, avx, aes, clmul, erms, ht, tsc, tscinvbit, tscinv

Memory: 4k page, physical 4094312k(430532k free), swap 16677224k(5472k free)

vm_info: Java HotSpot(TM) 64-Bit Server VM (25.241-b07) for windows-amd64 JRE (1.8.0_241-b07), built on Dec 11 2019 10:21:40 by "rejava" with MS VC++ 10.0 (VS2010)

time: Mon Mar 23 22:22:09 2020
timezone: India Standard Time
elapsed time: 0 seconds (0d 0h 0m 0s)

