#
# There is insufficient memory for the Java Runtime Environment to continue.
# Native memory allocation (malloc) failed to allocate 1052736 bytes for Chunk::new
# Possible reasons:
#   The system is out of physical RAM or swap space
#   The process is running with CompressedOops enabled, and the Java Heap may be blocking the growth of the native heap
# Possible solutions:
#   Reduce memory load on the system
#   Increase physical memory or swap space
#   Check if swap backing store is full
#   Decrease Java heap size (-Xmx/-Xms)
#   Decrease number of Java threads
#   Decrease Java thread stack sizes (-Xss)
#   Set larger code cache with -XX:ReservedCodeCacheSize=
#   JVM is running with Unscaled Compressed Oops mode in which the Java heap is
#     placed in the first 4GB address space. The Java Heap base address is the
#     maximum limit for the native heap growth. Please use -XX:HeapBaseMinAddress
#     to set the Java Heap base and to place the Java Heap above 4GB virtual address.
# This output file may be truncated or incomplete.
#
#  Out of Memory Error (allocation.cpp:389), pid=10648, tid=0x000000000000231c
#
# JRE version: Java(TM) SE Runtime Environment (8.0_241-b07) (build 1.8.0_241-b07)
# Java VM: Java HotSpot(TM) 64-Bit Server VM (25.241-b07 mixed mode windows-amd64 compressed oops)
# Failed to write core dump. Minidumps are not enabled by default on client versions of Windows
#

---------------  T H R E A D  ---------------

Current thread (0x000000001b38a800):  JavaThread "C2 CompilerThread1" daemon [_thread_in_native, id=8988, stack(0x000000001c6a0000,0x000000001c7a0000)]

Stack: [0x000000001c6a0000,0x000000001c7a0000]
[error occurred during error reporting (printing stack bounds), id 0xc0000005]

Native frames: (J=compiled Java code, j=interpreted, Vv=VM code, C=native code)


Current CompileTask:
C2:1117001 22966       4       org.eclipse.swt.custom.StyledTextRenderer::getTextLayout (2903 bytes)


---------------  P R O C E S S  ---------------

Java Threads: ( => current thread )
  0x000000001cb81800 JavaThread "Process monitor" daemon [_thread_in_native, id=15268, stack(0x0000000037ad0000,0x0000000037bd0000)]
  0x000000001cb7a000 JavaThread "Input Stream Monitor" daemon [_thread_blocked, id=12948, stack(0x00000000379d0000,0x0000000037ad0000)]
  0x000000001cb81000 JavaThread "Output Stream Monitor" daemon [_thread_in_native, id=15136, stack(0x00000000378d0000,0x00000000379d0000)]
  0x000000001cb79800 JavaThread "Output Stream Monitor" daemon [_thread_in_native, id=3452, stack(0x0000000037620000,0x0000000037720000)]
  0x000000001cb7e800 JavaThread "Worker-18" [_thread_blocked, id=14516, stack(0x0000000037520000,0x0000000037620000)]
  0x000000001cb80000 JavaThread "Worker-17: Process Console Input Job" [_thread_blocked, id=14968, stack(0x0000000037420000,0x0000000037520000)]
  0x000000001cb7f800 JavaThread "ForkJoinPool.commonPool-worker-2" daemon [_thread_blocked, id=10812, stack(0x0000000036680000,0x0000000036780000)]
  0x000000001cb7d000 JavaThread "ForkJoinPool.commonPool-worker-1" daemon [_thread_blocked, id=13000, stack(0x0000000036580000,0x0000000036680000)]
  0x000000001cb7e000 JavaThread "ForkJoinPool.commonPool-worker-0" daemon [_thread_blocked, id=14292, stack(0x0000000033d70000,0x0000000033e70000)]
  0x000000001cb77000 JavaThread "Process monitor" daemon [_thread_in_native, id=10820, stack(0x0000000037320000,0x0000000037420000)]
  0x000000001cb78800 JavaThread "Input Stream Monitor" daemon [_thread_blocked, id=12216, stack(0x0000000037220000,0x0000000037320000)]
  0x000000001cb7c800 JavaThread "Output Stream Monitor" daemon [_thread_in_native, id=2180, stack(0x0000000037120000,0x0000000037220000)]
  0x000000001cb7b000 JavaThread "Output Stream Monitor" daemon [_thread_in_native, id=9684, stack(0x0000000037020000,0x0000000037120000)]
  0x0000000023b5f800 JavaThread "Worker-16: Java indexing... " [_thread_blocked, id=13024, stack(0x0000000036f20000,0x0000000037020000)]
  0x000000001f3cb800 JavaThread "Process monitor" daemon [_thread_in_native, id=14224, stack(0x0000000036e20000,0x0000000036f20000)]
  0x000000001f3d0000 JavaThread "Input Stream Monitor" daemon [_thread_blocked, id=5260, stack(0x0000000036d20000,0x0000000036e20000)]
  0x000000002523a000 JavaThread "Output Stream Monitor" daemon [_thread_in_native, id=11772, stack(0x0000000036c20000,0x0000000036d20000)]
  0x0000000025237000 JavaThread "Output Stream Monitor" daemon [_thread_in_native, id=14040, stack(0x0000000036960000,0x0000000036a60000)]
  0x0000000024623800 JavaThread "Worker-15: Process Console Input Job" [_thread_blocked, id=4844, stack(0x0000000036860000,0x0000000036960000)]
  0x0000000023773800 JavaThread "Worker-14: Process Console Input Job" [_thread_blocked, id=7920, stack(0x000000002e5c0000,0x000000002e6c0000)]
  0x0000000023779000 JavaThread "Worker-12" [_thread_blocked, id=10496, stack(0x0000000035f20000,0x0000000036020000)]
  0x0000000023772000 JavaThread "Process monitor" daemon [_thread_in_native, id=12152, stack(0x0000000035e20000,0x0000000035f20000)]
  0x0000000023771800 JavaThread "Input Stream Monitor" daemon [_thread_blocked, id=12252, stack(0x0000000035d20000,0x0000000035e20000)]
  0x0000000023770000 JavaThread "Output Stream Monitor" daemon [_thread_in_native, id=11608, stack(0x0000000035c20000,0x0000000035d20000)]
  0x000000002376e800 JavaThread "Output Stream Monitor" daemon [_thread_in_native, id=12452, stack(0x0000000034f20000,0x0000000035020000)]
  0x0000000024631800 JavaThread "Process monitor" daemon [_thread_in_native, id=8612, stack(0x0000000035920000,0x0000000035a20000)]
  0x0000000024630800 JavaThread "Input Stream Monitor" daemon [_thread_blocked, id=4272, stack(0x0000000035820000,0x0000000035920000)]
  0x0000000024630000 JavaThread "Output Stream Monitor" daemon [_thread_in_native, id=5288, stack(0x0000000035720000,0x0000000035820000)]
  0x000000002462f000 JavaThread "Output Stream Monitor" daemon [_thread_in_native, id=9808, stack(0x0000000035620000,0x0000000035720000)]
  0x000000002462c000 JavaThread "Process monitor" daemon [_thread_in_native, id=9752, stack(0x0000000035320000,0x0000000035420000)]
  0x000000002462e800 JavaThread "Input Stream Monitor" daemon [_thread_blocked, id=14532, stack(0x0000000035220000,0x0000000035320000)]
  0x000000002462c800 JavaThread "Output Stream Monitor" daemon [_thread_in_native, id=2776, stack(0x0000000035120000,0x0000000035220000)]
  0x000000002462d800 JavaThread "Output Stream Monitor" daemon [_thread_in_native, id=11096, stack(0x0000000035020000,0x0000000035120000)]
  0x0000000024624800 JavaThread "Process monitor" daemon [_thread_in_native, id=6208, stack(0x0000000034b20000,0x0000000034c20000)]
  0x0000000024629000 JavaThread "Input Stream Monitor" daemon [_thread_blocked, id=8152, stack(0x0000000034a20000,0x0000000034b20000)]
  0x000000001d958000 JavaThread "Output Stream Monitor" daemon [_thread_in_native, id=8676, stack(0x0000000033f70000,0x0000000034070000)]
  0x0000000025240000 JavaThread "Output Stream Monitor" daemon [_thread_in_native, id=12412, stack(0x0000000033e70000,0x0000000033f70000)]
  0x000000001f3d1800 JavaThread "Process monitor" daemon [_thread_in_native, id=14728, stack(0x0000000034440000,0x0000000034540000)]
  0x000000001f3d8800 JavaThread "Input Stream Monitor" daemon [_thread_blocked, id=11400, stack(0x0000000034340000,0x0000000034440000)]
  0x0000000023b61800 JavaThread "Output Stream Monitor" daemon [_thread_in_native, id=8928, stack(0x0000000034240000,0x0000000034340000)]
  0x0000000023b5c800 JavaThread "Output Stream Monitor" daemon [_thread_in_native, id=7188, stack(0x0000000034140000,0x0000000034240000)]
  0x0000000023b61000 JavaThread "Process monitor" daemon [_thread_in_native, id=9916, stack(0x0000000033c70000,0x0000000033d70000)]
  0x0000000023b57000 JavaThread "Input Stream Monitor" daemon [_thread_blocked, id=14976, stack(0x0000000033b70000,0x0000000033c70000)]
  0x0000000023b5d000 JavaThread "Output Stream Monitor" daemon [_thread_in_native, id=8200, stack(0x0000000033670000,0x0000000033770000)]
  0x0000000023b5e000 JavaThread "Output Stream Monitor" daemon [_thread_in_native, id=6672, stack(0x0000000033570000,0x0000000033670000)]
  0x0000000023b59800 JavaThread "Process monitor" daemon [_thread_in_native, id=6844, stack(0x0000000033a70000,0x0000000033b70000)]
  0x0000000023b55800 JavaThread "Input Stream Monitor" daemon [_thread_blocked, id=5364, stack(0x0000000033970000,0x0000000033a70000)]
  0x0000000023b5a000 JavaThread "Output Stream Monitor" daemon [_thread_in_native, id=11436, stack(0x0000000033870000,0x0000000033970000)]
  0x0000000023b55000 JavaThread "Output Stream Monitor" daemon [_thread_in_native, id=2904, stack(0x0000000033770000,0x0000000033870000)]
  0x000000001f3ca000 JavaThread "Provisioning Event Dispatcher" daemon [_thread_blocked, id=7416, stack(0x0000000030510000,0x0000000030610000)]
  0x000000001f3cf800 JavaThread "Worker-9: Process Console Input Job" [_thread_blocked, id=8920, stack(0x0000000030410000,0x0000000030510000)]
  0x000000001f3cd000 JavaThread "AWT-EventQueue-0" [_thread_blocked, id=8672, stack(0x000000002f1d0000,0x000000002f2d0000)]
  0x000000001d957000 JavaThread "Timer-2" daemon [_thread_blocked, id=10400, stack(0x000000002e8c0000,0x000000002e9c0000)]
  0x000000002523d000 JavaThread "AWT-Windows" daemon [_thread_in_native, id=14244, stack(0x000000002ecd0000,0x000000002edd0000)]
  0x0000000025243800 JavaThread "AWT-Shutdown" [_thread_blocked, id=8004, stack(0x000000002ebd0000,0x000000002ecd0000)]
  0x0000000025243000 JavaThread "Java2D Disposer" daemon [_thread_blocked, id=14884, stack(0x0000000029b90000,0x0000000029c90000)]
  0x000000002523f000 JavaThread "Thread-11" [_thread_blocked, id=14496, stack(0x000000002dfc0000,0x000000002e0c0000)]
  0x0000000025242000 JavaThread "Worker-8" [_thread_blocked, id=14212, stack(0x000000002dcb0000,0x000000002ddb0000)]
  0x0000000025237800 JavaThread "Worker-7: Process Console Input Job" [_thread_blocked, id=9428, stack(0x000000002d9b0000,0x000000002dab0000)]
  0x000000002523e800 JavaThread "Worker-6: Process Console Input Job" [_thread_blocked, id=4756, stack(0x000000002d6d0000,0x000000002d7d0000)]
  0x000000002523c000 JavaThread "Worker-4: Process Console Input Job" [_thread_blocked, id=12744, stack(0x000000002d4d0000,0x000000002d5d0000)]
  0x0000000025238800 JavaThread "Worker-3: Process Console Input Job" [_thread_blocked, id=800, stack(0x000000002d3d0000,0x000000002d4d0000)]
  0x000000002523a800 JavaThread "pool-2-thread-1" [_thread_blocked, id=6676, stack(0x000000002d0d0000,0x000000002d1d0000)]
  0x0000000025239000 JavaThread "Worker-1: Process Console Input Job" [_thread_blocked, id=9880, stack(0x000000002cfd0000,0x000000002d0d0000)]
  0x000000002523d800 JavaThread "EventAdmin Async Event Dispatcher Thread" daemon [_thread_blocked, id=360, stack(0x000000002ced0000,0x000000002cfd0000)]
  0x000000001d956800 JavaThread "org.eclipse.jdt.internal.ui.text.JavaReconciler" daemon [_thread_blocked, id=12884, stack(0x000000001e870000,0x000000001e970000)]
  0x000000001d955000 JavaThread "Java indexing" daemon [_thread_blocked, id=9580, stack(0x0000000028680000,0x0000000028780000)]
  0x000000001d953800 JavaThread "Git Repository Closer" daemon [_thread_blocked, id=7976, stack(0x00000000253f0000,0x00000000254f0000)]
  0x000000001d955800 JavaThread "Bundle File Closer" daemon [_thread_blocked, id=7768, stack(0x0000000020330000,0x0000000020430000)]
  0x000000001d952800 JavaThread "Worker-0: Process Console Input Job" [_thread_blocked, id=9092, stack(0x0000000022bf0000,0x0000000022cf0000)]
  0x000000001d952000 JavaThread "Gogo shell" [_thread_blocked, id=5640, stack(0x0000000020430000,0x0000000020530000)]
  0x000000001de86000 JavaThread "EMF Reference Cleaner" daemon [_thread_blocked, id=15168, stack(0x0000000020230000,0x0000000020330000)]
  0x000000001dfb1000 JavaThread "Worker-JM" [_thread_blocked, id=15340, stack(0x000000001fe80000,0x000000001ff80000)]
  0x000000001d388800 JavaThread "SCR Component Actor" daemon [_thread_blocked, id=11640, stack(0x000000001e570000,0x000000001e670000)]
  0x000000001d5b2800 JavaThread "Start Level: Equinox Container: 16cadcb0-f668-4709-b9b0-1a66f56700cb" daemon [_thread_blocked, id=6348, stack(0x000000001e470000,0x000000001e570000)]
  0x000000001d55b000 JavaThread "Framework Event Dispatcher: Equinox Container: 16cadcb0-f668-4709-b9b0-1a66f56700cb" daemon [_thread_blocked, id=9396, stack(0x000000001e370000,0x000000001e470000)]
  0x000000001d2aa800 JavaThread "Active Thread: Equinox Container: 16cadcb0-f668-4709-b9b0-1a66f56700cb" [_thread_blocked, id=5388, stack(0x000000001e270000,0x000000001e370000)]
  0x000000001b40a800 JavaThread "Service Thread" daemon [_thread_blocked, id=10436, stack(0x000000001c8a0000,0x000000001c9a0000)]
  0x000000001b38b800 JavaThread "C1 CompilerThread2" daemon [_thread_blocked, id=9888, stack(0x000000001c7a0000,0x000000001c8a0000)]
=>0x000000001b38a800 JavaThread "C2 CompilerThread1" daemon [_thread_in_native, id=8988, stack(0x000000001c6a0000,0x000000001c7a0000)]
  0x000000001b37e800 JavaThread "C2 CompilerThread0" daemon [_thread_blocked, id=8268, stack(0x000000001c5a0000,0x000000001c6a0000)]
  0x000000001b37c800 JavaThread "Attach Listener" daemon [_thread_blocked, id=2128, stack(0x000000001c4a0000,0x000000001c5a0000)]
  0x000000001b378000 JavaThread "Signal Dispatcher" daemon [_thread_blocked, id=11244, stack(0x000000001c3a0000,0x000000001c4a0000)]
  0x000000001b376800 JavaThread "Surrogate Locker Thread (Concurrent GC)" daemon [_thread_blocked, id=10624, stack(0x000000001c2a0000,0x000000001c3a0000)]
  0x000000001b358800 JavaThread "Finalizer" daemon [_thread_blocked, id=5572, stack(0x000000001c0a0000,0x000000001c1a0000)]
  0x000000001b350000 JavaThread "Reference Handler" daemon [_thread_blocked, id=7512, stack(0x000000001bea0000,0x000000001bfa0000)]
  0x0000000003660800 JavaThread "main" [_thread_in_native, id=13596, stack(0x00000000004c0000,0x00000000005c0000)]

Other Threads:
  0x000000001b32c800 VMThread [stack: 0x000000001bda0000,0x000000001bea0000] [id=5576]
  0x000000001b42d800 WatcherThread [stack: 0x000000001c9a0000,0x000000001caa0000] [id=12032]

VM state:not at safepoint (normal execution)

VM Mutex/Monitor currently owned by a thread: None

heap address: 0x0000000080000000, size: 2048 MB, Compressed Oops mode: 32-bit
Narrow klass base: 0x0000000000000000, Narrow klass shift: 3
Compressed class space size: 1073741824 Address: 0x0000000100000000

Heap:
 garbage-first heap   total 330752K, used 166278K [0x0000000080000000, 0x0000000080100a18, 0x0000000100000000)
  region size 1024K, 46 young (47104K), 5 survivors (5120K)
 Metaspace       used 122919K, capacity 134564K, committed 134888K, reserved 1169408K
  class space    used 14823K, capacity 17843K, committed 17944K, reserved 1048576K

Heap Regions: (Y=young(eden), SU=young(survivor), HS=humongous(starts), HC=humongous(continues), CS=collection set, F=free, TS=gc time stamp, PTAMS=previous top-at-mark-start, NTAMS=next top-at-mark-start)
AC   0  O    TS     0 PTAMS 0x0000000080100000 NTAMS 0x0000000080100000 space 1024K, 100% used [0x0000000080000000, 0x0000000080100000)
AC   0  O    TS     0 PTAMS 0x0000000080200000 NTAMS 0x0000000080200000 space 1024K, 100% used [0x0000000080100000, 0x0000000080200000)
AC   0  O    TS     0 PTAMS 0x0000000080300000 NTAMS 0x0000000080300000 space 1024K, 100% used [0x0000000080200000, 0x0000000080300000)
AC   0  O    TS     0 PTAMS 0x0000000080400000 NTAMS 0x0000000080400000 space 1024K, 100% used [0x0000000080300000, 0x0000000080400000)
AC   0  O    TS     0 PTAMS 0x0000000080500000 NTAMS 0x0000000080500000 space 1024K, 100% used [0x0000000080400000, 0x0000000080500000)
AC   0  O    TS     0 PTAMS 0x0000000080600000 NTAMS 0x0000000080600000 space 1024K, 100% used [0x0000000080500000, 0x0000000080600000)
AC   0  O    TS     0 PTAMS 0x0000000080700000 NTAMS 0x0000000080700000 space 1024K, 100% used [0x0000000080600000, 0x0000000080700000)
AC   0  O    TS     0 PTAMS 0x0000000080800000 NTAMS 0x0000000080800000 space 1024K, 100% used [0x0000000080700000, 0x0000000080800000)
AC   0  O    TS     0 PTAMS 0x0000000080900000 NTAMS 0x0000000080900000 space 1024K, 100% used [0x0000000080800000, 0x0000000080900000)
AC   0  O    TS     0 PTAMS 0x0000000080a00000 NTAMS 0x0000000080a00000 space 1024K, 100% used [0x0000000080900000, 0x0000000080a00000)
AC   0  O    TS     0 PTAMS 0x0000000080b00000 NTAMS 0x0000000080b00000 space 1024K, 100% used [0x0000000080a00000, 0x0000000080b00000)
AC   0  O    TS     0 PTAMS 0x0000000080c00000 NTAMS 0x0000000080c00000 space 1024K, 100% used [0x0000000080b00000, 0x0000000080c00000)
AC   0  O    TS     0 PTAMS 0x0000000080d00000 NTAMS 0x0000000080d00000 space 1024K, 100% used [0x0000000080c00000, 0x0000000080d00000)
AC   0  O    TS     0 PTAMS 0x0000000080e00000 NTAMS 0x0000000080e00000 space 1024K, 100% used [0x0000000080d00000, 0x0000000080e00000)
AC   0  O    TS     0 PTAMS 0x0000000080f00000 NTAMS 0x0000000080f00000 space 1024K, 100% used [0x0000000080e00000, 0x0000000080f00000)
AC   0  O    TS     0 PTAMS 0x0000000081000000 NTAMS 0x0000000081000000 space 1024K, 100% used [0x0000000080f00000, 0x0000000081000000)
AC   0  O    TS     0 PTAMS 0x0000000081100000 NTAMS 0x0000000081100000 space 1024K, 100% used [0x0000000081000000, 0x0000000081100000)
AC   0  O    TS     0 PTAMS 0x0000000081200000 NTAMS 0x0000000081200000 space 1024K, 100% used [0x0000000081100000, 0x0000000081200000)
AC   0  O    TS     0 PTAMS 0x0000000081300000 NTAMS 0x0000000081300000 space 1024K, 100% used [0x0000000081200000, 0x0000000081300000)
AC   0  O    TS     0 PTAMS 0x0000000081400000 NTAMS 0x0000000081400000 space 1024K, 100% used [0x0000000081300000, 0x0000000081400000)
AC   0  O    TS     0 PTAMS 0x0000000081500000 NTAMS 0x0000000081500000 space 1024K, 100% used [0x0000000081400000, 0x0000000081500000)
AC   0  O    TS     0 PTAMS 0x0000000081600000 NTAMS 0x0000000081600000 space 1024K, 100% used [0x0000000081500000, 0x0000000081600000)
AC   0  O    TS     0 PTAMS 0x0000000081700000 NTAMS 0x0000000081700000 space 1024K, 100% used [0x0000000081600000, 0x0000000081700000)
AC   0  O    TS     0 PTAMS 0x0000000081800000 NTAMS 0x0000000081800000 space 1024K, 100% used [0x0000000081700000, 0x0000000081800000)
AC   0  O    TS     0 PTAMS 0x0000000081900000 NTAMS 0x0000000081900000 space 1024K, 100% used [0x0000000081800000, 0x0000000081900000)
AC   0  O    TS     0 PTAMS 0x0000000081a00000 NTAMS 0x0000000081a00000 space 1024K, 100% used [0x0000000081900000, 0x0000000081a00000)
AC   0  F    TS     0 PTAMS 0x0000000081a00000 NTAMS 0x0000000081a00000 space 1024K,   0% used [0x0000000081a00000, 0x0000000081b00000)
AC   0 HS    TS     0 PTAMS 0x0000000081c00010 NTAMS 0x0000000081c00010 space 2048K,  50% used [0x0000000081b00000, 0x0000000081d00000)
AC   0 HC    TS     0 PTAMS 0x0000000081c00000 NTAMS 0x0000000081c00000 space 1024K,   0% used [0x0000000081c00000, 0x0000000081d00000)
AC   0  O    TS     0 PTAMS 0x0000000081e00000 NTAMS 0x0000000081e00000 space 1024K, 100% used [0x0000000081d00000, 0x0000000081e00000)
AC   0  O    TS     0 PTAMS 0x0000000081f00000 NTAMS 0x0000000081f00000 space 1024K, 100% used [0x0000000081e00000, 0x0000000081f00000)
AC   0  O    TS     0 PTAMS 0x0000000082000000 NTAMS 0x0000000082000000 space 1024K, 100% used [0x0000000081f00000, 0x0000000082000000)
AC   0  O    TS     0 PTAMS 0x0000000082100000 NTAMS 0x0000000082100000 space 1024K, 100% used [0x0000000082000000, 0x0000000082100000)
AC   0  O    TS     0 PTAMS 0x0000000082200000 NTAMS 0x0000000082200000 space 1024K, 100% used [0x0000000082100000, 0x0000000082200000)
AC   0  O    TS     0 PTAMS 0x0000000082300000 NTAMS 0x0000000082300000 space 1024K, 100% used [0x0000000082200000, 0x0000000082300000)
AC   0  O    TS     0 PTAMS 0x0000000082400000 NTAMS 0x0000000082400000 space 1024K, 100% used [0x0000000082300000, 0x0000000082400000)
AC   0  O    TS     0 PTAMS 0x0000000082500000 NTAMS 0x0000000082500000 space 1024K, 100% used [0x0000000082400000, 0x0000000082500000)
AC   0  O    TS     0 PTAMS 0x0000000082600000 NTAMS 0x0000000082600000 space 1024K, 100% used [0x0000000082500000, 0x0000000082600000)
AC   0  O    TS     0 PTAMS 0x0000000082700000 NTAMS 0x0000000082700000 space 1024K, 100% used [0x0000000082600000, 0x0000000082700000)
AC   0  O    TS     0 PTAMS 0x0000000082800000 NTAMS 0x0000000082800000 space 1024K, 100% used [0x0000000082700000, 0x0000000082800000)
AC   0  O    TS     0 PTAMS 0x0000000082900000 NTAMS 0x0000000082900000 space 1024K, 100% used [0x0000000082800000, 0x0000000082900000)
AC   0  O    TS     0 PTAMS 0x0000000082a00000 NTAMS 0x0000000082a00000 space 1024K, 100% used [0x0000000082900000, 0x0000000082a00000)
AC   0  O    TS     0 PTAMS 0x0000000082b00000 NTAMS 0x0000000082b00000 space 1024K, 100% used [0x0000000082a00000, 0x0000000082b00000)
AC   0  O    TS     0 PTAMS 0x0000000082c00000 NTAMS 0x0000000082c00000 space 1024K, 100% used [0x0000000082b00000, 0x0000000082c00000)
AC   0  O    TS     0 PTAMS 0x0000000082d00000 NTAMS 0x0000000082d00000 space 1024K, 100% used [0x0000000082c00000, 0x0000000082d00000)
AC   0  O    TS     0 PTAMS 0x0000000082e00000 NTAMS 0x0000000082e00000 space 1024K, 100% used [0x0000000082d00000, 0x0000000082e00000)
AC   0  O    TS     0 PTAMS 0x0000000082f00000 NTAMS 0x0000000082f00000 space 1024K, 100% used [0x0000000082e00000, 0x0000000082f00000)
AC   0  O    TS     0 PTAMS 0x0000000083000000 NTAMS 0x0000000083000000 space 1024K, 100% used [0x0000000082f00000, 0x0000000083000000)
AC   0  O    TS     0 PTAMS 0x0000000083100000 NTAMS 0x0000000083100000 space 1024K, 100% used [0x0000000083000000, 0x0000000083100000)
AC   0  O    TS     0 PTAMS 0x0000000083200000 NTAMS 0x0000000083200000 space 1024K, 100% used [0x0000000083100000, 0x0000000083200000)
AC   0  O    TS     0 PTAMS 0x0000000083300000 NTAMS 0x0000000083300000 space 1024K, 100% used [0x0000000083200000, 0x0000000083300000)
AC   0  O    TS     0 PTAMS 0x0000000083400000 NTAMS 0x0000000083400000 space 1024K, 100% used [0x0000000083300000, 0x0000000083400000)
AC   0  O    TS     0 PTAMS 0x0000000083500000 NTAMS 0x0000000083500000 space 1024K, 100% used [0x0000000083400000, 0x0000000083500000)
AC   0  O    TS     0 PTAMS 0x0000000083600000 NTAMS 0x0000000083600000 space 1024K, 100% used [0x0000000083500000, 0x0000000083600000)
AC   0  O    TS     0 PTAMS 0x0000000083700000 NTAMS 0x0000000083700000 space 1024K, 100% used [0x0000000083600000, 0x0000000083700000)
AC   0  O    TS     0 PTAMS 0x0000000083800000 NTAMS 0x0000000083800000 space 1024K, 100% used [0x0000000083700000, 0x0000000083800000)
AC   0  O    TS     0 PTAMS 0x0000000083900000 NTAMS 0x0000000083900000 space 1024K, 100% used [0x0000000083800000, 0x0000000083900000)
AC   0 HS    TS     0 PTAMS 0x0000000083a55cd0 NTAMS 0x0000000083a55cd0 space 2048K,  66% used [0x0000000083900000, 0x0000000083b00000)
AC   0 HC    TS     0 PTAMS 0x0000000083a00000 NTAMS 0x0000000083a00000 space 1024K,  33% used [0x0000000083a00000, 0x0000000083b00000)
AC   0  O    TS     0 PTAMS 0x0000000083c00000 NTAMS 0x0000000083c00000 space 1024K, 100% used [0x0000000083b00000, 0x0000000083c00000)
AC   0  O    TS     0 PTAMS 0x0000000083d00000 NTAMS 0x0000000083d00000 space 1024K, 100% used [0x0000000083c00000, 0x0000000083d00000)
AC   0  O    TS     0 PTAMS 0x0000000083e00000 NTAMS 0x0000000083e00000 space 1024K, 100% used [0x0000000083d00000, 0x0000000083e00000)
AC   0  O    TS     0 PTAMS 0x0000000083f00000 NTAMS 0x0000000083f00000 space 1024K, 100% used [0x0000000083e00000, 0x0000000083f00000)
AC   0  O    TS     0 PTAMS 0x0000000084000000 NTAMS 0x0000000084000000 space 1024K, 100% used [0x0000000083f00000, 0x0000000084000000)
AC   0  O    TS     0 PTAMS 0x0000000084100000 NTAMS 0x0000000084100000 space 1024K, 100% used [0x0000000084000000, 0x0000000084100000)
AC   0  O    TS     0 PTAMS 0x0000000084200000 NTAMS 0x0000000084200000 space 1024K, 100% used [0x0000000084100000, 0x0000000084200000)
AC   0  O    TS     0 PTAMS 0x0000000084300000 NTAMS 0x0000000084300000 space 1024K, 100% used [0x0000000084200000, 0x0000000084300000)
AC   0  O    TS     0 PTAMS 0x0000000084400000 NTAMS 0x0000000084400000 space 1024K, 100% used [0x0000000084300000, 0x0000000084400000)
AC   0  O    TS     0 PTAMS 0x0000000084500000 NTAMS 0x0000000084500000 space 1024K, 100% used [0x0000000084400000, 0x0000000084500000)
AC   0  O    TS     0 PTAMS 0x0000000084600000 NTAMS 0x0000000084600000 space 1024K, 100% used [0x0000000084500000, 0x0000000084600000)
AC   0  O    TS     0 PTAMS 0x0000000084700000 NTAMS 0x0000000084700000 space 1024K, 100% used [0x0000000084600000, 0x0000000084700000)
AC   0  O    TS     0 PTAMS 0x0000000084800000 NTAMS 0x0000000084800000 space 1024K, 100% used [0x0000000084700000, 0x0000000084800000)
AC   0  O    TS     0 PTAMS 0x0000000084900000 NTAMS 0x0000000084900000 space 1024K, 100% used [0x0000000084800000, 0x0000000084900000)
AC   0  O    TS     0 PTAMS 0x0000000084a00000 NTAMS 0x0000000084a00000 space 1024K, 100% used [0x0000000084900000, 0x0000000084a00000)
AC   0  O    TS     0 PTAMS 0x0000000084b00000 NTAMS 0x0000000084b00000 space 1024K, 100% used [0x0000000084a00000, 0x0000000084b00000)
AC   0  O    TS     0 PTAMS 0x0000000084c00000 NTAMS 0x0000000084c00000 space 1024K, 100% used [0x0000000084b00000, 0x0000000084c00000)
AC   0  O    TS     0 PTAMS 0x0000000084d00000 NTAMS 0x0000000084d00000 space 1024K, 100% used [0x0000000084c00000, 0x0000000084d00000)
AC   0  O    TS     0 PTAMS 0x0000000084e00000 NTAMS 0x0000000084e00000 space 1024K, 100% used [0x0000000084d00000, 0x0000000084e00000)
AC   0  O    TS     0 PTAMS 0x0000000084f00000 NTAMS 0x0000000084f00000 space 1024K, 100% used [0x0000000084e00000, 0x0000000084f00000)
AC   0  O    TS     0 PTAMS 0x0000000085000000 NTAMS 0x0000000085000000 space 1024K, 100% used [0x0000000084f00000, 0x0000000085000000)
AC   0  O    TS     0 PTAMS 0x0000000085100000 NTAMS 0x0000000085100000 space 1024K, 100% used [0x0000000085000000, 0x0000000085100000)
AC   0  O    TS     0 PTAMS 0x0000000085200000 NTAMS 0x0000000085200000 space 1024K, 100% used [0x0000000085100000, 0x0000000085200000)
AC   0  O    TS     0 PTAMS 0x0000000085300000 NTAMS 0x0000000085300000 space 1024K, 100% used [0x0000000085200000, 0x0000000085300000)
AC   0  O    TS     0 PTAMS 0x0000000085400000 NTAMS 0x0000000085400000 space 1024K, 100% used [0x0000000085300000, 0x0000000085400000)
AC   0  O    TS     0 PTAMS 0x0000000085500000 NTAMS 0x0000000085500000 space 1024K, 100% used [0x0000000085400000, 0x0000000085500000)
AC   0  O    TS     0 PTAMS 0x0000000085600000 NTAMS 0x0000000085600000 space 1024K, 100% used [0x0000000085500000, 0x0000000085600000)
AC   0  O    TS     0 PTAMS 0x0000000085700000 NTAMS 0x0000000085700000 space 1024K, 100% used [0x0000000085600000, 0x0000000085700000)
AC   0  O    TS     0 PTAMS 0x0000000085800000 NTAMS 0x0000000085800000 space 1024K, 100% used [0x0000000085700000, 0x0000000085800000)
AC   0  O    TS     0 PTAMS 0x0000000085900000 NTAMS 0x0000000085900000 space 1024K, 100% used [0x0000000085800000, 0x0000000085900000)
AC   0 HS    TS     0 PTAMS 0x0000000085a33f00 NTAMS 0x0000000085a33f00 space 2048K,  60% used [0x0000000085900000, 0x0000000085b00000)
AC   0 HC    TS     0 PTAMS 0x0000000085a00000 NTAMS 0x0000000085a00000 space 1024K,  20% used [0x0000000085a00000, 0x0000000085b00000)
AC   0  O    TS     0 PTAMS 0x0000000085c00000 NTAMS 0x0000000085c00000 space 1024K, 100% used [0x0000000085b00000, 0x0000000085c00000)
AC   0  O    TS     0 PTAMS 0x0000000085d00000 NTAMS 0x0000000085d00000 space 1024K, 100% used [0x0000000085c00000, 0x0000000085d00000)
AC   0  O    TS     0 PTAMS 0x0000000085e00000 NTAMS 0x0000000085e00000 space 1024K, 100% used [0x0000000085d00000, 0x0000000085e00000)
AC   0  O    TS     0 PTAMS 0x0000000085f00000 NTAMS 0x0000000085f00000 space 1024K, 100% used [0x0000000085e00000, 0x0000000085f00000)
AC   0 HS    TS     0 PTAMS 0x0000000085f00000 NTAMS 0x0000000085f00000 space 2048K,  66% used [0x0000000085f00000, 0x0000000086100000)
AC   0 HC    TS     0 PTAMS 0x0000000086000000 NTAMS 0x0000000086000000 space 1024K,  33% used [0x0000000086000000, 0x0000000086100000)
AC   0  O    TS     0 PTAMS 0x0000000086200000 NTAMS 0x0000000086200000 space 1024K, 100% used [0x0000000086100000, 0x0000000086200000)
AC   0  O    TS     0 PTAMS 0x0000000086300000 NTAMS 0x0000000086300000 space 1024K, 100% used [0x0000000086200000, 0x0000000086300000)
AC   0  O    TS     0 PTAMS 0x0000000086400000 NTAMS 0x0000000086400000 space 1024K, 100% used [0x0000000086300000, 0x0000000086400000)
AC   0  O    TS     0 PTAMS 0x0000000086500000 NTAMS 0x0000000086500000 space 1024K, 100% used [0x0000000086400000, 0x0000000086500000)
AC   0  O    TS     0 PTAMS 0x00000000865f5a00 NTAMS 0x00000000865f5a00 space 1024K,  95% used [0x0000000086500000, 0x0000000086600000)
AC   0  O    TS     0 PTAMS 0x0000000086700000 NTAMS 0x0000000086700000 space 1024K, 100% used [0x0000000086600000, 0x0000000086700000)
AC   0  F    TS     0 PTAMS 0x0000000086700000 NTAMS 0x0000000086700000 space 1024K,   0% used [0x0000000086700000, 0x0000000086800000)
AC   0  O    TS     0 PTAMS 0x0000000086900000 NTAMS 0x0000000086900000 space 1024K, 100% used [0x0000000086800000, 0x0000000086900000)
AC   0  O    TS     0 PTAMS 0x0000000086a00000 NTAMS 0x0000000086a00000 space 1024K, 100% used [0x0000000086900000, 0x0000000086a00000)
AC   0  O    TS     0 PTAMS 0x0000000086b00000 NTAMS 0x0000000086b00000 space 1024K, 100% used [0x0000000086a00000, 0x0000000086b00000)
AC   0  O    TS     0 PTAMS 0x0000000086c00000 NTAMS 0x0000000086c00000 space 1024K, 100% used [0x0000000086b00000, 0x0000000086c00000)
AC   0  O    TS     0 PTAMS 0x0000000086d00000 NTAMS 0x0000000086d00000 space 1024K, 100% used [0x0000000086c00000, 0x0000000086d00000)
AC   0  O    TS     0 PTAMS 0x0000000086e00000 NTAMS 0x0000000086e00000 space 1024K, 100% used [0x0000000086d00000, 0x0000000086e00000)
AC   0  O    TS     0 PTAMS 0x0000000086f00000 NTAMS 0x0000000086f00000 space 1024K, 100% used [0x0000000086e00000, 0x0000000086f00000)
AC   0  O    TS     0 PTAMS 0x0000000087000000 NTAMS 0x0000000087000000 space 1024K, 100% used [0x0000000086f00000, 0x0000000087000000)
AC   0  O    TS     0 PTAMS 0x0000000087100000 NTAMS 0x0000000087100000 space 1024K, 100% used [0x0000000087000000, 0x0000000087100000)
AC   0  O    TS     0 PTAMS 0x0000000087200000 NTAMS 0x0000000087200000 space 1024K, 100% used [0x0000000087100000, 0x0000000087200000)
AC   0  O    TS     0 PTAMS 0x0000000087300000 NTAMS 0x0000000087300000 space 1024K, 100% used [0x0000000087200000, 0x0000000087300000)
AC   0  O    TS     0 PTAMS 0x0000000087400000 NTAMS 0x0000000087400000 space 1024K, 100% used [0x0000000087300000, 0x0000000087400000)
AC   0  O    TS     0 PTAMS 0x0000000087500000 NTAMS 0x0000000087500000 space 1024K, 100% used [0x0000000087400000, 0x0000000087500000)
AC   0 HS    TS     0 PTAMS 0x0000000087500000 NTAMS 0x0000000087500000 space 2048K,  60% used [0x0000000087500000, 0x0000000087700000)
AC   0 HC    TS     0 PTAMS 0x0000000087600000 NTAMS 0x0000000087600000 space 1024K,  20% used [0x0000000087600000, 0x0000000087700000)
AC   0  O    TS     0 PTAMS 0x0000000087800000 NTAMS 0x0000000087800000 space 1024K, 100% used [0x0000000087700000, 0x0000000087800000)
AC   0  F    TS     0 PTAMS 0x0000000087800000 NTAMS 0x0000000087800000 space 1024K,   0% used [0x0000000087800000, 0x0000000087900000)
AC   0  F    TS     0 PTAMS 0x0000000087900000 NTAMS 0x0000000087900000 space 1024K,   0% used [0x0000000087900000, 0x0000000087a00000)
AC   0  F    TS     0 PTAMS 0x0000000087a00000 NTAMS 0x0000000087a00000 space 1024K,   0% used [0x0000000087a00000, 0x0000000087b00000)
AC   0  O    TS     0 PTAMS 0x0000000087c00000 NTAMS 0x0000000087c00000 space 1024K, 100% used [0x0000000087b00000, 0x0000000087c00000)
AC   0  O    TS     0 PTAMS 0x0000000087d00000 NTAMS 0x0000000087d00000 space 1024K, 100% used [0x0000000087c00000, 0x0000000087d00000)
AC   0  F    TS     0 PTAMS 0x0000000087d00000 NTAMS 0x0000000087d00000 space 1024K,   0% used [0x0000000087d00000, 0x0000000087e00000)
AC   0  F    TS     0 PTAMS 0x0000000087e00000 NTAMS 0x0000000087e00000 space 1024K,   0% used [0x0000000087e00000, 0x0000000087f00000)
AC   0  F    TS     0 PTAMS 0x0000000087f00000 NTAMS 0x0000000087f00000 space 1024K,   0% used [0x0000000087f00000, 0x0000000088000000)
AC   0  F    TS     0 PTAMS 0x0000000088000000 NTAMS 0x0000000088000000 space 1024K,   0% used [0x0000000088000000, 0x0000000088100000)
AC   0  F    TS     0 PTAMS 0x0000000088100000 NTAMS 0x0000000088100000 space 1024K,   0% used [0x0000000088100000, 0x0000000088200000)
AC   0  F    TS     0 PTAMS 0x0000000088200000 NTAMS 0x0000000088200000 space 1024K,   0% used [0x0000000088200000, 0x0000000088300000)
AC   0  F    TS     0 PTAMS 0x0000000088300000 NTAMS 0x0000000088300000 space 1024K,   0% used [0x0000000088300000, 0x0000000088400000)
AC   0  F    TS     0 PTAMS 0x0000000088400000 NTAMS 0x0000000088400000 space 1024K,   0% used [0x0000000088400000, 0x0000000088500000)
AC   0  F    TS     0 PTAMS 0x0000000088500000 NTAMS 0x0000000088500000 space 1024K,   0% used [0x0000000088500000, 0x0000000088600000)
AC   0  F    TS     0 PTAMS 0x0000000088600000 NTAMS 0x0000000088600000 space 1024K,   0% used [0x0000000088600000, 0x0000000088700000)
AC   0  F    TS     0 PTAMS 0x0000000088700000 NTAMS 0x0000000088700000 space 1024K,   0% used [0x0000000088700000, 0x0000000088800000)
AC   0  F    TS     0 PTAMS 0x0000000088800000 NTAMS 0x0000000088800000 space 1024K,   0% used [0x0000000088800000, 0x0000000088900000)
AC   0  F    TS     0 PTAMS 0x0000000088900000 NTAMS 0x0000000088900000 space 1024K,   0% used [0x0000000088900000, 0x0000000088a00000)
AC   0  F    TS     0 PTAMS 0x0000000088a00000 NTAMS 0x0000000088a00000 space 1024K,   0% used [0x0000000088a00000, 0x0000000088b00000)
AC   0  F    TS     0 PTAMS 0x0000000088b00000 NTAMS 0x0000000088b00000 space 1024K,   0% used [0x0000000088b00000, 0x0000000088c00000)
AC   0  F    TS     0 PTAMS 0x0000000088c00000 NTAMS 0x0000000088c00000 space 1024K,   0% used [0x0000000088c00000, 0x0000000088d00000)
AC   0  F    TS     0 PTAMS 0x0000000088d00000 NTAMS 0x0000000088d00000 space 1024K,   0% used [0x0000000088d00000, 0x0000000088e00000)
AC   0  O    TS     0 PTAMS 0x0000000088f00000 NTAMS 0x0000000088f00000 space 1024K, 100% used [0x0000000088e00000, 0x0000000088f00000)
AC   0  O    TS     0 PTAMS 0x0000000089000000 NTAMS 0x0000000089000000 space 1024K, 100% used [0x0000000088f00000, 0x0000000089000000)
AC   0  F    TS     0 PTAMS 0x0000000089000000 NTAMS 0x0000000089000000 space 1024K,   0% used [0x0000000089000000, 0x0000000089100000)
AC   0  F    TS     0 PTAMS 0x0000000089100000 NTAMS 0x0000000089100000 space 1024K,   0% used [0x0000000089100000, 0x0000000089200000)
AC   0  F    TS     0 PTAMS 0x0000000089200000 NTAMS 0x0000000089200000 space 1024K,   0% used [0x0000000089200000, 0x0000000089300000)
AC   0  F    TS     0 PTAMS 0x0000000089300000 NTAMS 0x0000000089300000 space 1024K,   0% used [0x0000000089300000, 0x0000000089400000)
AC   0  F    TS     0 PTAMS 0x0000000089400000 NTAMS 0x0000000089400000 space 1024K,   0% used [0x0000000089400000, 0x0000000089500000)
AC   0  F    TS     0 PTAMS 0x0000000089500000 NTAMS 0x0000000089500000 space 1024K,   0% used [0x0000000089500000, 0x0000000089600000)
AC   0  F    TS     0 PTAMS 0x0000000089600000 NTAMS 0x0000000089600000 space 1024K,   0% used [0x0000000089600000, 0x0000000089700000)
AC   0  F    TS     0 PTAMS 0x0000000089700000 NTAMS 0x0000000089700000 space 1024K,   0% used [0x0000000089700000, 0x0000000089800000)
AC   0  F    TS     0 PTAMS 0x0000000089800000 NTAMS 0x0000000089800000 space 1024K,   0% used [0x0000000089800000, 0x0000000089900000)
AC   0  F    TS     0 PTAMS 0x0000000089900000 NTAMS 0x0000000089900000 space 1024K,   0% used [0x0000000089900000, 0x0000000089a00000)
AC   0  F    TS     0 PTAMS 0x0000000089a00000 NTAMS 0x0000000089a00000 space 1024K,   0% used [0x0000000089a00000, 0x0000000089b00000)
AC   0  F    TS     0 PTAMS 0x0000000089b00000 NTAMS 0x0000000089b00000 space 1024K,   0% used [0x0000000089b00000, 0x0000000089c00000)
AC   0  F    TS     0 PTAMS 0x0000000089c00000 NTAMS 0x0000000089c00000 space 1024K,   0% used [0x0000000089c00000, 0x0000000089d00000)
AC   0  F    TS     0 PTAMS 0x0000000089d00000 NTAMS 0x0000000089d00000 space 1024K,   0% used [0x0000000089d00000, 0x0000000089e00000)
AC   0  F    TS     0 PTAMS 0x0000000089e00000 NTAMS 0x0000000089e00000 space 1024K,   0% used [0x0000000089e00000, 0x0000000089f00000)
AC   0  F    TS     0 PTAMS 0x0000000089f00000 NTAMS 0x0000000089f00000 space 1024K,   0% used [0x0000000089f00000, 0x000000008a000000)
AC   0  F    TS     0 PTAMS 0x000000008a000000 NTAMS 0x000000008a000000 space 1024K,   0% used [0x000000008a000000, 0x000000008a100000)
AC   0  F    TS     0 PTAMS 0x000000008a100000 NTAMS 0x000000008a100000 space 1024K,   0% used [0x000000008a100000, 0x000000008a200000)
AC   0  F    TS     0 PTAMS 0x000000008a200000 NTAMS 0x000000008a200000 space 1024K,   0% used [0x000000008a200000, 0x000000008a300000)
AC   0  F    TS     0 PTAMS 0x000000008a300000 NTAMS 0x000000008a300000 space 1024K,   0% used [0x000000008a300000, 0x000000008a400000)
AC   0  F    TS     0 PTAMS 0x000000008a400000 NTAMS 0x000000008a400000 space 1024K,   0% used [0x000000008a400000, 0x000000008a500000)
AC   0  F    TS     0 PTAMS 0x000000008a500000 NTAMS 0x000000008a500000 space 1024K,   0% used [0x000000008a500000, 0x000000008a600000)
AC   0  F    TS     0 PTAMS 0x000000008a600000 NTAMS 0x000000008a600000 space 1024K,   0% used [0x000000008a600000, 0x000000008a700000)
AC   0  F    TS     0 PTAMS 0x000000008a700000 NTAMS 0x000000008a700000 space 1024K,   0% used [0x000000008a700000, 0x000000008a800000)
AC   0  F    TS     0 PTAMS 0x000000008a800000 NTAMS 0x000000008a800000 space 1024K,   0% used [0x000000008a800000, 0x000000008a900000)
AC   0  F    TS     0 PTAMS 0x000000008a900000 NTAMS 0x000000008a900000 space 1024K,   0% used [0x000000008a900000, 0x000000008aa00000)
AC   0  F    TS     0 PTAMS 0x000000008aa00000 NTAMS 0x000000008aa00000 space 1024K,   0% used [0x000000008aa00000, 0x000000008ab00000)
AC   0  F    TS     0 PTAMS 0x000000008ab00000 NTAMS 0x000000008ab00000 space 1024K,   0% used [0x000000008ab00000, 0x000000008ac00000)
AC   0  F    TS     0 PTAMS 0x000000008ac00000 NTAMS 0x000000008ac00000 space 1024K,   0% used [0x000000008ac00000, 0x000000008ad00000)
AC   0  F    TS     0 PTAMS 0x000000008ad00000 NTAMS 0x000000008ad00000 space 1024K,   0% used [0x000000008ad00000, 0x000000008ae00000)
AC   0  F    TS     0 PTAMS 0x000000008ae00000 NTAMS 0x000000008ae00000 space 1024K,   0% used [0x000000008ae00000, 0x000000008af00000)
AC   0  F    TS     0 PTAMS 0x000000008af00000 NTAMS 0x000000008af00000 space 1024K,   0% used [0x000000008af00000, 0x000000008b000000)
AC   0  F    TS     0 PTAMS 0x000000008b000000 NTAMS 0x000000008b000000 space 1024K,   0% used [0x000000008b000000, 0x000000008b100000)
AC   0  F    TS     0 PTAMS 0x000000008b100000 NTAMS 0x000000008b100000 space 1024K,   0% used [0x000000008b100000, 0x000000008b200000)
AC   0  F    TS     0 PTAMS 0x000000008b200000 NTAMS 0x000000008b200000 space 1024K,   0% used [0x000000008b200000, 0x000000008b300000)
AC   0  F    TS     0 PTAMS 0x000000008b300000 NTAMS 0x000000008b300000 space 1024K,   0% used [0x000000008b300000, 0x000000008b400000)
AC   0  F    TS     0 PTAMS 0x000000008b400000 NTAMS 0x000000008b400000 space 1024K,   0% used [0x000000008b400000, 0x000000008b500000)
AC   0  F    TS     0 PTAMS 0x000000008b500000 NTAMS 0x000000008b500000 space 1024K,   0% used [0x000000008b500000, 0x000000008b600000)
AC   0  F    TS     0 PTAMS 0x000000008b600000 NTAMS 0x000000008b600000 space 1024K,   0% used [0x000000008b600000, 0x000000008b700000)
AC   0  F    TS     0 PTAMS 0x000000008b700000 NTAMS 0x000000008b700000 space 1024K,   0% used [0x000000008b700000, 0x000000008b800000)
AC   0  F    TS     0 PTAMS 0x000000008b800000 NTAMS 0x000000008b800000 space 1024K,   0% used [0x000000008b800000, 0x000000008b900000)
AC   0  F    TS     0 PTAMS 0x000000008b900000 NTAMS 0x000000008b900000 space 1024K,   0% used [0x000000008b900000, 0x000000008ba00000)
AC   0  F    TS     0 PTAMS 0x000000008ba00000 NTAMS 0x000000008ba00000 space 1024K,   0% used [0x000000008ba00000, 0x000000008bb00000)
AC   0  F    TS     0 PTAMS 0x000000008bb00000 NTAMS 0x000000008bb00000 space 1024K,   0% used [0x000000008bb00000, 0x000000008bc00000)
AC   0  F    TS     0 PTAMS 0x000000008bc00000 NTAMS 0x000000008bc00000 space 1024K,   0% used [0x000000008bc00000, 0x000000008bd00000)
AC   0  F    TS     0 PTAMS 0x000000008bd00000 NTAMS 0x000000008bd00000 space 1024K,   0% used [0x000000008bd00000, 0x000000008be00000)
AC   0  F    TS     0 PTAMS 0x000000008be00000 NTAMS 0x000000008be00000 space 1024K,   0% used [0x000000008be00000, 0x000000008bf00000)
AC   0  F    TS     0 PTAMS 0x000000008bf00000 NTAMS 0x000000008bf00000 space 1024K,   0% used [0x000000008bf00000, 0x000000008c000000)
AC   0  F    TS     0 PTAMS 0x000000008c000000 NTAMS 0x000000008c000000 space 1024K,   0% used [0x000000008c000000, 0x000000008c100000)
AC   0  F    TS     0 PTAMS 0x000000008c100000 NTAMS 0x000000008c100000 space 1024K,   0% used [0x000000008c100000, 0x000000008c200000)
AC   0  F    TS     0 PTAMS 0x000000008c200000 NTAMS 0x000000008c200000 space 1024K,   0% used [0x000000008c200000, 0x000000008c300000)
AC   0  F    TS     0 PTAMS 0x000000008c300000 NTAMS 0x000000008c300000 space 1024K,   0% used [0x000000008c300000, 0x000000008c400000)
AC   0  F    TS     0 PTAMS 0x000000008c400000 NTAMS 0x000000008c400000 space 1024K,   0% used [0x000000008c400000, 0x000000008c500000)
AC   0  F    TS     0 PTAMS 0x000000008c500000 NTAMS 0x000000008c500000 space 1024K,   0% used [0x000000008c500000, 0x000000008c600000)
AC   0  F    TS     0 PTAMS 0x000000008c600000 NTAMS 0x000000008c600000 space 1024K,   0% used [0x000000008c600000, 0x000000008c700000)
AC   0  F    TS     0 PTAMS 0x000000008c700000 NTAMS 0x000000008c700000 space 1024K,   0% used [0x000000008c700000, 0x000000008c800000)
AC   0  F    TS     0 PTAMS 0x000000008c800000 NTAMS 0x000000008c800000 space 1024K,   0% used [0x000000008c800000, 0x000000008c900000)
AC   0  F    TS     0 PTAMS 0x000000008c900000 NTAMS 0x000000008c900000 space 1024K,   0% used [0x000000008c900000, 0x000000008ca00000)
AC   0  F    TS     0 PTAMS 0x000000008ca00000 NTAMS 0x000000008ca00000 space 1024K,   0% used [0x000000008ca00000, 0x000000008cb00000)
AC   0  F    TS     0 PTAMS 0x000000008cb00000 NTAMS 0x000000008cb00000 space 1024K,   0% used [0x000000008cb00000, 0x000000008cc00000)
AC   0  F    TS     0 PTAMS 0x000000008cc00000 NTAMS 0x000000008cc00000 space 1024K,   0% used [0x000000008cc00000, 0x000000008cd00000)
AC   0  F    TS     0 PTAMS 0x000000008cd00000 NTAMS 0x000000008cd00000 space 1024K,   0% used [0x000000008cd00000, 0x000000008ce00000)
AC   0  F    TS     0 PTAMS 0x000000008ce00000 NTAMS 0x000000008ce00000 space 1024K,   0% used [0x000000008ce00000, 0x000000008cf00000)
AC   0  F    TS     0 PTAMS 0x000000008cf00000 NTAMS 0x000000008cf00000 space 1024K,   0% used [0x000000008cf00000, 0x000000008d000000)
AC   0  F    TS     0 PTAMS 0x000000008d000000 NTAMS 0x000000008d000000 space 1024K,   0% used [0x000000008d000000, 0x000000008d100000)
AC   0  F    TS     0 PTAMS 0x000000008d100000 NTAMS 0x000000008d100000 space 1024K,   0% used [0x000000008d100000, 0x000000008d200000)
AC   0  F    TS     0 PTAMS 0x000000008d200000 NTAMS 0x000000008d200000 space 1024K,   0% used [0x000000008d200000, 0x000000008d300000)
AC   0  F    TS     0 PTAMS 0x000000008d300000 NTAMS 0x000000008d300000 space 1024K,   0% used [0x000000008d300000, 0x000000008d400000)
AC   0  F    TS     0 PTAMS 0x000000008d400000 NTAMS 0x000000008d400000 space 1024K,   0% used [0x000000008d400000, 0x000000008d500000)
AC   0  F    TS     0 PTAMS 0x000000008d500000 NTAMS 0x000000008d500000 space 1024K,   0% used [0x000000008d500000, 0x000000008d600000)
AC   0  F    TS     0 PTAMS 0x000000008d600000 NTAMS 0x000000008d600000 space 1024K,   0% used [0x000000008d600000, 0x000000008d700000)
AC   0  F    TS     0 PTAMS 0x000000008d700000 NTAMS 0x000000008d700000 space 1024K,   0% used [0x000000008d700000, 0x000000008d800000)
AC   0  F    TS     0 PTAMS 0x000000008d800000 NTAMS 0x000000008d800000 space 1024K,   0% used [0x000000008d800000, 0x000000008d900000)
AC   0  F    TS     0 PTAMS 0x000000008d900000 NTAMS 0x000000008d900000 space 1024K,   0% used [0x000000008d900000, 0x000000008da00000)
AC   0  F    TS     0 PTAMS 0x000000008da00000 NTAMS 0x000000008da00000 space 1024K,   0% used [0x000000008da00000, 0x000000008db00000)
AC   0  F    TS     0 PTAMS 0x000000008db00000 NTAMS 0x000000008db00000 space 1024K,   0% used [0x000000008db00000, 0x000000008dc00000)
AC   0  F    TS     0 PTAMS 0x000000008dc00000 NTAMS 0x000000008dc00000 space 1024K,   0% used [0x000000008dc00000, 0x000000008dd00000)
AC   0  F    TS     0 PTAMS 0x000000008dd00000 NTAMS 0x000000008dd00000 space 1024K,   0% used [0x000000008dd00000, 0x000000008de00000)
AC   0  F    TS     0 PTAMS 0x000000008de00000 NTAMS 0x000000008de00000 space 1024K,   0% used [0x000000008de00000, 0x000000008df00000)
AC   0  F    TS     0 PTAMS 0x000000008df00000 NTAMS 0x000000008df00000 space 1024K,   0% used [0x000000008df00000, 0x000000008e000000)
AC   0  F    TS     0 PTAMS 0x000000008e000000 NTAMS 0x000000008e000000 space 1024K,   0% used [0x000000008e000000, 0x000000008e100000)
AC   0  F    TS     0 PTAMS 0x000000008e100000 NTAMS 0x000000008e100000 space 1024K,   0% used [0x000000008e100000, 0x000000008e200000)
AC   0  F    TS     0 PTAMS 0x000000008e200000 NTAMS 0x000000008e200000 space 1024K,   0% used [0x000000008e200000, 0x000000008e300000)
AC   0  F    TS     0 PTAMS 0x000000008e300000 NTAMS 0x000000008e300000 space 1024K,   0% used [0x000000008e300000, 0x000000008e400000)
AC   0  F    TS     0 PTAMS 0x000000008e400000 NTAMS 0x000000008e400000 space 1024K,   0% used [0x000000008e400000, 0x000000008e500000)
AC   0  F    TS     0 PTAMS 0x000000008e500000 NTAMS 0x000000008e500000 space 1024K,   0% used [0x000000008e500000, 0x000000008e600000)
AC   0  F    TS     0 PTAMS 0x000000008e600000 NTAMS 0x000000008e600000 space 1024K,   0% used [0x000000008e600000, 0x000000008e700000)
AC   0  F    TS     0 PTAMS 0x000000008e700000 NTAMS 0x000000008e700000 space 1024K,   0% used [0x000000008e700000, 0x000000008e800000)
AC   0  F    TS     0 PTAMS 0x000000008e800000 NTAMS 0x000000008e800000 space 1024K,   0% used [0x000000008e800000, 0x000000008e900000)
AC   0  F    TS     0 PTAMS 0x000000008e900000 NTAMS 0x000000008e900000 space 1024K,   0% used [0x000000008e900000, 0x000000008ea00000)
AC   0  F    TS     0 PTAMS 0x000000008ea00000 NTAMS 0x000000008ea00000 space 1024K,   0% used [0x000000008ea00000, 0x000000008eb00000)
AC   0  F    TS     0 PTAMS 0x000000008eb00000 NTAMS 0x000000008eb00000 space 1024K,   0% used [0x000000008eb00000, 0x000000008ec00000)
AC   0  F    TS     0 PTAMS 0x000000008ec00000 NTAMS 0x000000008ec00000 space 1024K,   0% used [0x000000008ec00000, 0x000000008ed00000)
AC   0  F    TS     0 PTAMS 0x000000008ed00000 NTAMS 0x000000008ed00000 space 1024K,   0% used [0x000000008ed00000, 0x000000008ee00000)
AC   0  F    TS     0 PTAMS 0x000000008ee00000 NTAMS 0x000000008ee00000 space 1024K,   0% used [0x000000008ee00000, 0x000000008ef00000)
AC   0  F    TS     0 PTAMS 0x000000008ef00000 NTAMS 0x000000008ef00000 space 1024K,   0% used [0x000000008ef00000, 0x000000008f000000)
AC   0  F    TS     0 PTAMS 0x000000008f000000 NTAMS 0x000000008f000000 space 1024K,   0% used [0x000000008f000000, 0x000000008f100000)
AC   0  F    TS     0 PTAMS 0x000000008f100000 NTAMS 0x000000008f100000 space 1024K,   0% used [0x000000008f100000, 0x000000008f200000)
AC   0  F    TS     0 PTAMS 0x000000008f200000 NTAMS 0x000000008f200000 space 1024K,   0% used [0x000000008f200000, 0x000000008f300000)
AC   0  F    TS     0 PTAMS 0x000000008f300000 NTAMS 0x000000008f300000 space 1024K,   0% used [0x000000008f300000, 0x000000008f400000)
AC   0  F    TS     0 PTAMS 0x000000008f400000 NTAMS 0x000000008f400000 space 1024K,   0% used [0x000000008f400000, 0x000000008f500000)
AC   0  F    TS     0 PTAMS 0x000000008f500000 NTAMS 0x000000008f500000 space 1024K,   0% used [0x000000008f500000, 0x000000008f600000)
AC   0  F    TS     0 PTAMS 0x000000008f600000 NTAMS 0x000000008f600000 space 1024K,   0% used [0x000000008f600000, 0x000000008f700000)
AC   0  F    TS     0 PTAMS 0x000000008f700000 NTAMS 0x000000008f700000 space 1024K,   0% used [0x000000008f700000, 0x000000008f800000)
AC   0  F    TS     0 PTAMS 0x000000008f800000 NTAMS 0x000000008f800000 space 1024K,   0% used [0x000000008f800000, 0x000000008f900000)
AC   0  F    TS     0 PTAMS 0x000000008f900000 NTAMS 0x000000008f900000 space 1024K,   0% used [0x000000008f900000, 0x000000008fa00000)
AC   0  F    TS     0 PTAMS 0x000000008fa00000 NTAMS 0x000000008fa00000 space 1024K,   0% used [0x000000008fa00000, 0x000000008fb00000)
AC   0  F    TS     0 PTAMS 0x000000008fb00000 NTAMS 0x000000008fb00000 space 1024K,   0% used [0x000000008fb00000, 0x000000008fc00000)
AC   0  F    TS     0 PTAMS 0x000000008fc00000 NTAMS 0x000000008fc00000 space 1024K,   0% used [0x000000008fc00000, 0x000000008fd00000)
AC   0  F    TS     0 PTAMS 0x000000008fd00000 NTAMS 0x000000008fd00000 space 1024K,   0% used [0x000000008fd00000, 0x000000008fe00000)
AC   0  F    TS     0 PTAMS 0x000000008fe00000 NTAMS 0x000000008fe00000 space 1024K,   0% used [0x000000008fe00000, 0x000000008ff00000)
AC   0  F    TS     0 PTAMS 0x000000008ff00000 NTAMS 0x000000008ff00000 space 1024K,   0% used [0x000000008ff00000, 0x0000000090000000)
AC   0  F    TS     0 PTAMS 0x0000000090000000 NTAMS 0x0000000090000000 space 1024K,   0% used [0x0000000090000000, 0x0000000090100000)
AC   0  F    TS     0 PTAMS 0x0000000090100000 NTAMS 0x0000000090100000 space 1024K,   0% used [0x0000000090100000, 0x0000000090200000)
AC   0  F    TS     0 PTAMS 0x0000000090200000 NTAMS 0x0000000090200000 space 1024K,   0% used [0x0000000090200000, 0x0000000090300000)
AC   0  F    TS     0 PTAMS 0x0000000090300000 NTAMS 0x0000000090300000 space 1024K,   0% used [0x0000000090300000, 0x0000000090400000)
AC   0  F    TS     0 PTAMS 0x0000000090400000 NTAMS 0x0000000090400000 space 1024K,   0% used [0x0000000090400000, 0x0000000090500000)
AC   0  F    TS     0 PTAMS 0x0000000090500000 NTAMS 0x0000000090500000 space 1024K,   0% used [0x0000000090500000, 0x0000000090600000)
AC   0  F    TS     0 PTAMS 0x0000000090600000 NTAMS 0x0000000090600000 space 1024K,   0% used [0x0000000090600000, 0x0000000090700000)
AC   0  F    TS     0 PTAMS 0x0000000090700000 NTAMS 0x0000000090700000 space 1024K,   0% used [0x0000000090700000, 0x0000000090800000)
AC   0  F    TS     0 PTAMS 0x0000000090800000 NTAMS 0x0000000090800000 space 1024K,   0% used [0x0000000090800000, 0x0000000090900000)
AC   0  F    TS     0 PTAMS 0x0000000090900000 NTAMS 0x0000000090900000 space 1024K,   0% used [0x0000000090900000, 0x0000000090a00000)
AC   0  F    TS     0 PTAMS 0x0000000090a00000 NTAMS 0x0000000090a00000 space 1024K,   0% used [0x0000000090a00000, 0x0000000090b00000)
AC   0  F    TS     0 PTAMS 0x0000000090b00000 NTAMS 0x0000000090b00000 space 1024K,   0% used [0x0000000090b00000, 0x0000000090c00000)
AC   0  F    TS     0 PTAMS 0x0000000090c00000 NTAMS 0x0000000090c00000 space 1024K,   0% used [0x0000000090c00000, 0x0000000090d00000)
AC   0  F    TS     0 PTAMS 0x0000000090d00000 NTAMS 0x0000000090d00000 space 1024K,   0% used [0x0000000090d00000, 0x0000000090e00000)
AC   0  F    TS     0 PTAMS 0x0000000090e00000 NTAMS 0x0000000090e00000 space 1024K,   0% used [0x0000000090e00000, 0x0000000090f00000)
AC   0  F    TS     0 PTAMS 0x0000000090f00000 NTAMS 0x0000000090f00000 space 1024K,   0% used [0x0000000090f00000, 0x0000000091000000)
AC   0  F    TS     0 PTAMS 0x0000000091000000 NTAMS 0x0000000091000000 space 1024K,   0% used [0x0000000091000000, 0x0000000091100000)
AC   0  F    TS     0 PTAMS 0x0000000091100000 NTAMS 0x0000000091100000 space 1024K,   0% used [0x0000000091100000, 0x0000000091200000)
AC   0  F    TS     0 PTAMS 0x0000000091200000 NTAMS 0x0000000091200000 space 1024K,   0% used [0x0000000091200000, 0x0000000091300000)
AC   0  F    TS     0 PTAMS 0x0000000091300000 NTAMS 0x0000000091300000 space 1024K,   0% used [0x0000000091300000, 0x0000000091400000)
AC   0  F    TS     0 PTAMS 0x0000000091400000 NTAMS 0x0000000091400000 space 1024K,   0% used [0x0000000091400000, 0x0000000091500000)
AC   0  E    TS     0 PTAMS 0x0000000091500000 NTAMS 0x0000000091500000 space 1024K, 100% used [0x0000000091500000, 0x0000000091600000)
AC   0  E CS TS     0 PTAMS 0x0000000091600000 NTAMS 0x0000000091600000 space 1024K, 100% used [0x0000000091600000, 0x0000000091700000)
AC   0  E CS TS     0 PTAMS 0x0000000091700000 NTAMS 0x0000000091700000 space 1024K, 100% used [0x0000000091700000, 0x0000000091800000)
AC   0  E CS TS     0 PTAMS 0x0000000091800000 NTAMS 0x0000000091800000 space 1024K, 100% used [0x0000000091800000, 0x0000000091900000)
AC   0  E CS TS     0 PTAMS 0x0000000091900000 NTAMS 0x0000000091900000 space 1024K, 100% used [0x0000000091900000, 0x0000000091a00000)
AC   0  E CS TS     0 PTAMS 0x0000000091a00000 NTAMS 0x0000000091a00000 space 1024K, 100% used [0x0000000091a00000, 0x0000000091b00000)
AC   0  E CS TS     0 PTAMS 0x0000000091b00000 NTAMS 0x0000000091b00000 space 1024K, 100% used [0x0000000091b00000, 0x0000000091c00000)
AC   0  E CS TS     0 PTAMS 0x0000000091c00000 NTAMS 0x0000000091c00000 space 1024K, 100% used [0x0000000091c00000, 0x0000000091d00000)
AC   0  E CS TS     0 PTAMS 0x0000000091d00000 NTAMS 0x0000000091d00000 space 1024K, 100% used [0x0000000091d00000, 0x0000000091e00000)
AC   0  E CS TS     0 PTAMS 0x0000000091e00000 NTAMS 0x0000000091e00000 space 1024K, 100% used [0x0000000091e00000, 0x0000000091f00000)
AC   0  E CS TS     0 PTAMS 0x0000000091f00000 NTAMS 0x0000000091f00000 space 1024K, 100% used [0x0000000091f00000, 0x0000000092000000)
AC   0  E CS TS     0 PTAMS 0x0000000092000000 NTAMS 0x0000000092000000 space 1024K, 100% used [0x0000000092000000, 0x0000000092100000)
AC   0  E CS TS     0 PTAMS 0x0000000092100000 NTAMS 0x0000000092100000 space 1024K, 100% used [0x0000000092100000, 0x0000000092200000)
AC   0  E CS TS     0 PTAMS 0x0000000092200000 NTAMS 0x0000000092200000 space 1024K, 100% used [0x0000000092200000, 0x0000000092300000)
AC   0  E CS TS     0 PTAMS 0x0000000092300000 NTAMS 0x0000000092300000 space 1024K, 100% used [0x0000000092300000, 0x0000000092400000)
AC   0  E CS TS     0 PTAMS 0x0000000092400000 NTAMS 0x0000000092400000 space 1024K, 100% used [0x0000000092400000, 0x0000000092500000)
AC   0  E CS TS     0 PTAMS 0x0000000092500000 NTAMS 0x0000000092500000 space 1024K, 100% used [0x0000000092500000, 0x0000000092600000)
AC   0  E CS TS     0 PTAMS 0x0000000092600000 NTAMS 0x0000000092600000 space 1024K, 100% used [0x0000000092600000, 0x0000000092700000)
AC   0  S CS TS     0 PTAMS 0x0000000092700000 NTAMS 0x0000000092700000 space 1024K,  34% used [0x0000000092700000, 0x0000000092800000)
AC   0  S CS TS     0 PTAMS 0x0000000092800000 NTAMS 0x0000000092800000 space 1024K, 100% used [0x0000000092800000, 0x0000000092900000)
AC   0  S CS TS     0 PTAMS 0x0000000092900000 NTAMS 0x0000000092900000 space 1024K, 100% used [0x0000000092900000, 0x0000000092a00000)
AC   0  S CS TS     0 PTAMS 0x0000000092a00000 NTAMS 0x0000000092a00000 space 1024K, 100% used [0x0000000092a00000, 0x0000000092b00000)
AC   0  S CS TS     0 PTAMS 0x0000000092b00000 NTAMS 0x0000000092b00000 space 1024K, 100% used [0x0000000092b00000, 0x0000000092c00000)
AC   0  E CS TS     0 PTAMS 0x0000000092c00000 NTAMS 0x0000000092c00000 space 1024K, 100% used [0x0000000092c00000, 0x0000000092d00000)
AC   0  E CS TS     0 PTAMS 0x0000000092d00000 NTAMS 0x0000000092d00000 space 1024K, 100% used [0x0000000092d00000, 0x0000000092e00000)
AC   0  E CS TS     0 PTAMS 0x0000000092e00000 NTAMS 0x0000000092e00000 space 1024K, 100% used [0x0000000092e00000, 0x0000000092f00000)
AC   0  E CS TS     0 PTAMS 0x0000000092f00000 NTAMS 0x0000000092f00000 space 1024K, 100% used [0x0000000092f00000, 0x0000000093000000)
AC   0  E CS TS     0 PTAMS 0x0000000093000000 NTAMS 0x0000000093000000 space 1024K, 100% used [0x0000000093000000, 0x0000000093100000)
AC   0  E CS TS     0 PTAMS 0x0000000093100000 NTAMS 0x0000000093100000 space 1024K, 100% used [0x0000000093100000, 0x0000000093200000)
AC   0  E CS TS     0 PTAMS 0x0000000093200000 NTAMS 0x0000000093200000 space 1024K, 100% used [0x0000000093200000, 0x0000000093300000)
AC   0  E CS TS     0 PTAMS 0x0000000093300000 NTAMS 0x0000000093300000 space 1024K, 100% used [0x0000000093300000, 0x0000000093400000)
AC   0  E CS TS     0 PTAMS 0x0000000093400000 NTAMS 0x0000000093400000 space 1024K, 100% used [0x0000000093400000, 0x0000000093500000)
AC   0  E CS TS     0 PTAMS 0x0000000093500000 NTAMS 0x0000000093500000 space 1024K, 100% used [0x0000000093500000, 0x0000000093600000)
AC   0  E CS TS     0 PTAMS 0x0000000093600000 NTAMS 0x0000000093600000 space 1024K, 100% used [0x0000000093600000, 0x0000000093700000)
AC   0  E CS TS     0 PTAMS 0x0000000093700000 NTAMS 0x0000000093700000 space 1024K, 100% used [0x0000000093700000, 0x0000000093800000)
AC   0  E CS TS     0 PTAMS 0x0000000093800000 NTAMS 0x0000000093800000 space 1024K, 100% used [0x0000000093800000, 0x0000000093900000)
AC   0  E CS TS     0 PTAMS 0x0000000093900000 NTAMS 0x0000000093900000 space 1024K, 100% used [0x0000000093900000, 0x0000000093a00000)
AC   0  E CS TS     0 PTAMS 0x0000000093a00000 NTAMS 0x0000000093a00000 space 1024K, 100% used [0x0000000093a00000, 0x0000000093b00000)
AC   0  E CS TS     0 PTAMS 0x0000000093b00000 NTAMS 0x0000000093b00000 space 1024K, 100% used [0x0000000093b00000, 0x0000000093c00000)
AC   0  E CS TS     0 PTAMS 0x0000000093c00000 NTAMS 0x0000000093c00000 space 1024K, 100% used [0x0000000093c00000, 0x0000000093d00000)
AC   0  E CS TS     0 PTAMS 0x0000000093d00000 NTAMS 0x0000000093d00000 space 1024K, 100% used [0x0000000093d00000, 0x0000000093e00000)
AC   0  E CS TS     0 PTAMS 0x0000000093e00000 NTAMS 0x0000000093e00000 space 1024K, 100% used [0x0000000093e00000, 0x0000000093f00000)
AC   0  E CS TS     0 PTAMS 0x0000000093f00000 NTAMS 0x0000000093f00000 space 1024K, 100% used [0x0000000093f00000, 0x0000000094000000)
AC   0  E CS TS     0 PTAMS 0x0000000094000000 NTAMS 0x0000000094000000 space 1024K, 100% used [0x0000000094000000, 0x0000000094100000)
AC   0  E CS TS     0 PTAMS 0x0000000094100000 NTAMS 0x0000000094100000 space 1024K, 100% used [0x0000000094100000, 0x0000000094200000)
AC   0  E CS TS     0 PTAMS 0x0000000094200000 NTAMS 0x0000000094200000 space 1024K, 100% used [0x0000000094200000, 0x0000000094300000)

Card table byte_map: [0x0000000014060000,0x0000000014460000] byte_map_base: 0x0000000013c60000

Marking Bits (Prev, Next): (CMBitMap*) 0x00000000036a3688, (CMBitMap*) 0x00000000036a36e0
 Prev Bits: [0x0000000014860000, 0x0000000016860000)
 Next Bits: [0x0000000016860000, 0x0000000018860000)

Polling page: 0x0000000002580000

CodeCache: size=245760Kb used=70102Kb max_used=70117Kb free=175657Kb
 bounds [0x0000000003760000, 0x0000000007c50000, 0x0000000012760000]
 total_blobs=19000 nmethods=17955 adapters=954
 compilation: enabled

Compilation events (10 events):
Event: 1116.910 Thread 0x000000001b38b800 nmethod 22979 0x0000000007c3aa90 code [0x0000000007c3ac20, 0x0000000007c3af88]
Event: 1116.930 Thread 0x000000001b37e800 nmethod 22981 0x0000000007c3ead0 code [0x0000000007c3ece0, 0x0000000007c3fa70]
Event: 1116.930 Thread 0x000000001b37e800 22982       4       org.eclipse.ui.texteditor.SimpleMarkerAnnotation::equals (34 bytes)
Event: 1116.939 Thread 0x000000001b37e800 nmethod 22982 0x0000000007c40890 code [0x0000000007c40a20, 0x0000000007c410b8]
Event: 1116.939 Thread 0x000000001b37e800 22983       4       org.eclipse.e4.core.internal.di.InjectorImpl::resolveArguments (80 bytes)
Event: 1116.943 Thread 0x000000001b37e800 nmethod 22983 0x0000000007c20c10 code [0x0000000007c20d60, 0x0000000007c20fa8]
Event: 1116.963 Thread 0x000000001b37e800 22984       4       org.eclipse.jface.resource.AbstractResourceManager::destroy (75 bytes)
Event: 1116.991 Thread 0x000000001b37e800 nmethod 22984 0x0000000007c44410 code [0x0000000007c44660, 0x0000000007c459c0]
Event: 1116.991 Thread 0x000000001b37e800 22985       4       org.eclipse.jface.resource.LocalResourceManager::deallocate (9 bytes)
Event: 1116.992 Thread 0x000000001b37e800 nmethod 22985 0x0000000007c42c10 code [0x0000000007c42d60, 0x0000000007c42e28]

GC Heap History (10 events):
Event: 1035.973 GC heap before
{Heap before GC invocations=59 (full 0):
 garbage-first heap   total 318464K, used 280818K [0x0000000080000000, 0x00000000801009b8, 0x0000000100000000)
  region size 1024K, 104 young (106496K), 2 survivors (2048K)
 Metaspace       used 121348K, capacity 132688K, committed 132840K, reserved 1165312K
  class space    used 14656K, capacity 17664K, committed 17688K, reserved 1048576K
Event: 1035.993 GC heap after
Heap after GC invocations=60 (full 0):
 garbage-first heap   total 322560K, used 147884K [0x0000000080000000, 0x00000000801009d8, 0x0000000100000000)
  region size 1024K, 4 young (4096K), 4 survivors (4096K)
 Metaspace       used 121348K, capacity 132688K, committed 132840K, reserved 1165312K
  class space    used 14656K, capacity 17664K, committed 17688K, reserved 1048576K
}
Event: 1040.140 GC heap before
{Heap before GC invocations=60 (full 0):
 garbage-first heap   total 322560K, used 164346K [0x0000000080000000, 0x00000000801009d8, 0x0000000100000000)
  region size 1024K, 15 young (15360K), 4 survivors (4096K)
 Metaspace       used 121410K, capacity 132752K, committed 132840K, reserved 1165312K
  class space    used 14656K, capacity 17664K, committed 17688K, reserved 1048576K
Event: 1040.161 GC heap after
Heap after GC invocations=61 (full 0):
 garbage-first heap   total 322560K, used 120317K [0x0000000080000000, 0x00000000801009d8, 0x0000000100000000)
  region size 1024K, 2 young (2048K), 2 survivors (2048K)
 Metaspace       used 121410K, capacity 132752K, committed 132840K, reserved 1165312K
  class space    used 14656K, capacity 17664K, committed 17688K, reserved 1048576K
}
Event: 1045.675 GC heap before
{Heap before GC invocations=61 (full 0):
 garbage-first heap   total 322560K, used 191498K [0x0000000080000000, 0x00000000801009d8, 0x0000000100000000)
  region size 1024K, 57 young (58368K), 2 survivors (2048K)
 Metaspace       used 121619K, capacity 132880K, committed 133096K, reserved 1165312K
  class space    used 14675K, capacity 17664K, committed 17688K, reserved 1048576K
Event: 1045.692 GC heap after
Heap after GC invocations=62 (full 0):
 garbage-first heap   total 322560K, used 127084K [0x0000000080000000, 0x00000000801009d8, 0x0000000100000000)
  region size 1024K, 2 young (2048K), 2 survivors (2048K)
 Metaspace       used 121619K, capacity 132880K, committed 133096K, reserved 1165312K
  class space    used 14675K, capacity 17664K, committed 17688K, reserved 1048576K
}
Event: 1109.219 GC heap before
{Heap before GC invocations=63 (full 0):
 garbage-first heap   total 328704K, used 302183K [0x0000000080000000, 0x0000000080100a08, 0x0000000100000000)
  region size 1024K, 140 young (143360K), 2 survivors (2048K)
 Metaspace       used 122246K, capacity 133666K, committed 133992K, reserved 1165312K
  class space    used 14720K, capacity 17715K, committed 17816K, reserved 1048576K
Event: 1109.232 GC heap after
Heap after GC invocations=64 (full 0):
 garbage-first heap   total 330752K, used 135829K [0x0000000080000000, 0x0000000080100a18, 0x0000000100000000)
  region size 1024K, 2 young (2048K), 2 survivors (2048K)
 Metaspace       used 122246K, capacity 133666K, committed 133992K, reserved 1165312K
  class space    used 14720K, capacity 17715K, committed 17816K, reserved 1048576K
}
Event: 1112.648 GC heap before
{Heap before GC invocations=64 (full 0):
 garbage-first heap   total 330752K, used 156860K [0x0000000080000000, 0x0000000080100a18, 0x0000000100000000)
  region size 1024K, 21 young (21504K), 2 survivors (2048K)
 Metaspace       used 122282K, capacity 133672K, committed 133992K, reserved 1165312K
  class space    used 14722K, capacity 17716K, committed 17816K, reserved 1048576K
Event: 1112.658 GC heap after
Heap after GC invocations=65 (full 0):
 garbage-first heap   total 330752K, used 122719K [0x0000000080000000, 0x0000000080100a18, 0x0000000100000000)
  region size 1024K, 5 young (5120K), 5 survivors (5120K)
 Metaspace       used 122282K, capacity 133672K, committed 133992K, reserved 1165312K
  class space    used 14722K, capacity 17716K, committed 17816K, reserved 1048576K
}

Deoptimization events (10 events):
Event: 1116.644 Thread 0x0000000003660800 Uncommon trap: reason=class_check action=maybe_recompile pc=0x0000000007137e90 method=org.eclipse.swt.graphics.TextLayout.setStyle(Lorg/eclipse/swt/graphics/TextStyle;II)V @ 177
Event: 1116.657 Thread 0x0000000003660800 Uncommon trap: reason=unstable_if action=reinterpret pc=0x00000000077ae7fc method=org.eclipse.swt.widgets.Control.setBoundsInPixels(IIIIIZ)V @ 11
Event: 1116.662 Thread 0x0000000003660800 Uncommon trap: reason=unstable_if action=reinterpret pc=0x00000000066a18dc method=org.eclipse.swt.widgets.Control.setBoundsInPixels(IIIIIZ)V @ 11
Event: 1116.688 Thread 0x0000000003660800 Uncommon trap: reason=unstable_if action=reinterpret pc=0x0000000004940830 method=org.eclipse.core.internal.expressions.CompositeExpression.evaluateAnd(Lorg/eclipse/core/expressions/IEvaluationContext;)Lorg/eclipse/core/expressions/EvaluationResult; @ 4
Event: 1116.703 Thread 0x0000000003660800 Uncommon trap: reason=class_check action=maybe_recompile pc=0x0000000005371f24 method=org.eclipse.jface.action.SubContributionManager.getOverrides()Lorg/eclipse/jface/action/IContributionManagerOverrides; @ 4
Event: 1116.712 Thread 0x0000000003660800 Uncommon trap: reason=class_check action=maybe_recompile pc=0x0000000005371f24 method=org.eclipse.jface.action.SubContributionManager.getOverrides()Lorg/eclipse/jface/action/IContributionManagerOverrides; @ 4
Event: 1116.714 Thread 0x0000000003660800 Uncommon trap: reason=class_check action=maybe_recompile pc=0x0000000005371f24 method=org.eclipse.jface.action.SubContributionManager.getOverrides()Lorg/eclipse/jface/action/IContributionManagerOverrides; @ 4
Event: 1116.716 Thread 0x0000000003660800 Uncommon trap: reason=class_check action=maybe_recompile pc=0x0000000005371f24 method=org.eclipse.jface.action.SubContributionManager.getOverrides()Lorg/eclipse/jface/action/IContributionManagerOverrides; @ 4
Event: 1116.852 Thread 0x0000000003660800 Uncommon trap: reason=unstable_if action=reinterpret pc=0x000000000728a070 method=org.eclipse.jface.text.TextViewer.modelRange2WidgetRange(Lorg/eclipse/jface/text/IRegion;)Lorg/eclipse/jface/text/IRegion; @ 4
Event: 1116.855 Thread 0x0000000003660800 Uncommon trap: reason=class_check action=maybe_recompile pc=0x0000000007137e90 method=org.eclipse.swt.graphics.TextLayout.setStyle(Lorg/eclipse/swt/graphics/TextStyle;II)V @ 177

Classes redefined (0 events):
No events

Internal exceptions (10 events):
Event: 1112.660 Thread 0x000000001f3cd000 Exception <a 'java/lang/NullPointerException'> (0x0000000094206b60) thrown at [C:\ade\jenkins\workspace\8-2-build-windows-amd64-cygwin\jdk8u241\331\hotspot\src\share\vm\runtime\sharedRuntime.cpp, line 605]
Event: 1112.663 Thread 0x000000001f3cd000 Implicit null exception at 0x000000000772c423 to 0x000000000772cbee
Event: 1112.663 Thread 0x000000001f3cd000 Exception <a 'java/lang/NullPointerException'> (0x0000000094207be0) thrown at [C:\ade\jenkins\workspace\8-2-build-windows-amd64-cygwin\jdk8u241\331\hotspot\src\share\vm\runtime\sharedRuntime.cpp, line 605]
Event: 1112.664 Thread 0x000000001f3cd000 Implicit null exception at 0x000000000772c423 to 0x000000000772cbee
Event: 1112.664 Thread 0x000000001f3cd000 Exception <a 'java/lang/NullPointerException'> (0x000000009420d148) thrown at [C:\ade\jenkins\workspace\8-2-build-windows-amd64-cygwin\jdk8u241\331\hotspot\src\share\vm\runtime\sharedRuntime.cpp, line 605]
Event: 1112.664 Thread 0x000000001f3cd000 Implicit null exception at 0x000000000772c423 to 0x000000000772cbee
Event: 1112.664 Thread 0x000000001f3cd000 Exception <a 'java/lang/NullPointerException'> (0x000000009420f840) thrown at [C:\ade\jenkins\workspace\8-2-build-windows-amd64-cygwin\jdk8u241\331\hotspot\src\share\vm\runtime\sharedRuntime.cpp, line 605]
Event: 1116.450 Thread 0x0000000003660800 Implicit null exception at 0x0000000005e3b373 to 0x0000000005e3d75d
Event: 1116.631 Thread 0x0000000003660800 Implicit null exception at 0x0000000005b17490 to 0x0000000005b19a17
Event: 1116.688 Thread 0x0000000003660800 Implicit null exception at 0x0000000004940537 to 0x0000000004940821

Events (10 events):
Event: 1116.855 Thread 0x0000000003660800 DEOPT PACKING pc=0x0000000007137e90 sp=0x00000000005bd640
Event: 1116.855 Thread 0x0000000003660800 DEOPT UNPACKING pc=0x00000000037a583b sp=0x00000000005bd5f0 mode 2
Event: 1116.861 Executing VM operation: BulkRevokeBias
Event: 1116.862 Executing VM operation: BulkRevokeBias done
Event: 1116.904 Thread 0x000000001d956800 DEOPT PACKING pc=0x000000000614302d sp=0x000000001e96e7c0
Event: 1116.904 Thread 0x000000001d956800 DEOPT UNPACKING pc=0x00000000037a7890 sp=0x000000001e96e430 mode 0
Event: 1116.911 Thread 0x000000001cb82800 Thread added: 0x000000001cb82800
Event: 1116.914 Executing VM operation: RevokeBias
Event: 1116.914 Executing VM operation: RevokeBias done
Event: 1116.914 Thread 0x000000001cb82800 Thread exited: 0x000000001cb82800


Dynamic libraries:
0x00007ff622190000 - 0x00007ff6221fa000 	C:\Users\Admin\eclipse\java-2020-03\eclipse\eclipse.exe
0x00007ffc1a780000 - 0x00007ffc1a970000 	C:\Windows\SYSTEM32\ntdll.dll
0x00007ffc18b40000 - 0x00007ffc18bf2000 	C:\Windows\System32\KERNEL32.DLL
0x00007ffc181d0000 - 0x00007ffc18473000 	C:\Windows\System32\KERNELBASE.dll
0x00007ffc189a0000 - 0x00007ffc18b34000 	C:\Windows\System32\USER32.dll
0x00007ffc18800000 - 0x00007ffc18821000 	C:\Windows\System32\win32u.dll
0x00007ffc18970000 - 0x00007ffc18996000 	C:\Windows\System32\GDI32.dll
0x00007ffc18480000 - 0x00007ffc18614000 	C:\Windows\System32\gdi32full.dll
0x00007ffc17810000 - 0x00007ffc178ae000 	C:\Windows\System32\msvcp_win.dll
0x00007ffc18620000 - 0x00007ffc1871a000 	C:\Windows\System32\ucrtbase.dll
0x00007ffc05b90000 - 0x00007ffc05e15000 	C:\Windows\WinSxS\amd64_microsoft.windows.common-controls_6595b64144ccf1df_6.0.18362.657_none_e6c5b579130e3898\COMCTL32.dll
0x00007ffc19b60000 - 0x00007ffc19bfe000 	C:\Windows\System32\msvcrt.dll
0x00007ffc18ea0000 - 0x00007ffc191d6000 	C:\Windows\System32\combase.dll
0x00007ffc193a0000 - 0x00007ffc194c0000 	C:\Windows\System32\RPCRT4.dll
0x00007ffc18780000 - 0x00007ffc18800000 	C:\Windows\System32\bcryptPrimitives.dll
0x00007ffc18830000 - 0x00007ffc1885e000 	C:\Windows\System32\IMM32.DLL
0x00007ffc10450000 - 0x00007ffc10479000 	C:\Users\Admin\.p2\pool\plugins\org.eclipse.equinox.launcher.win32.win32.x86_64_1.1.1100.v20190907-0426\eclipse_1902.dll
0x00007ffc192f0000 - 0x00007ffc19393000 	C:\Windows\System32\ADVAPI32.dll
0x00007ffc19c00000 - 0x00007ffc19c97000 	C:\Windows\System32\sechost.dll
0x00007ffc071a0000 - 0x00007ffc071aa000 	C:\Windows\SYSTEM32\VERSION.dll
0x00007ffc15d20000 - 0x00007ffc15db9000 	C:\Windows\system32\uxtheme.dll
0x00007ffc18ce0000 - 0x00007ffc18e15000 	C:\Windows\System32\MSCTF.dll
0x00007ffc18c10000 - 0x00007ffc18cd4000 	C:\Windows\System32\OLEAUT32.dll
0x00007ffc17660000 - 0x00007ffc17671000 	C:\Windows\System32\kernel.appcore.dll
0x00007ffc0b8e0000 - 0x00007ffc0b97e000 	C:\Windows\System32\TextInputFramework.dll
0x00007ffc0ef40000 - 0x00007ffc0f26a000 	C:\Windows\System32\CoreUIComponents.dll
0x00007ffc15a90000 - 0x00007ffc15b64000 	C:\Windows\System32\CoreMessaging.dll
0x00007ffc188c0000 - 0x00007ffc18969000 	C:\Windows\System32\SHCORE.dll
0x00007ffc13790000 - 0x00007ffc138e3000 	C:\Windows\SYSTEM32\wintypes.dll
0x00007ffc166b0000 - 0x00007ffc166e1000 	C:\Windows\SYSTEM32\ntmarta.dll
0x00007ffc0a820000 - 0x00007ffc0aac6000 	C:\Windows\System32\iertutil.dll
0x00007ffc19d80000 - 0x00007ffc19ed6000 	C:\Windows\System32\ole32.dll
0x00007ffc19240000 - 0x00007ffc192e2000 	C:\Windows\System32\clbcatq.dll
0x000000006d930000 - 0x000000006e1dc000 	C:\Program Files\Java\jre1.8.0_241\bin\server\jvm.dll
0x00007ffc19520000 - 0x00007ffc19528000 	C:\Windows\System32\PSAPI.DLL
0x00007ffc14330000 - 0x00007ffc14339000 	C:\Windows\SYSTEM32\WSOCK32.dll
0x000000006d850000 - 0x000000006d922000 	C:\Program Files\Java\jre1.8.0_241\bin\MSVCR100.dll
0x00007ffc19d10000 - 0x00007ffc19d7f000 	C:\Windows\System32\WS2_32.dll
0x00007ffc12e90000 - 0x00007ffc12eb4000 	C:\Windows\SYSTEM32\WINMM.dll
0x00007ffc12e60000 - 0x00007ffc12e8d000 	C:\Windows\SYSTEM32\winmmbase.dll
0x00007ffc17710000 - 0x00007ffc1775a000 	C:\Windows\System32\cfgmgr32.dll
0x00007ffc14320000 - 0x00007ffc1432f000 	C:\Program Files\Java\jre1.8.0_241\bin\verify.dll
0x00007ffc10420000 - 0x00007ffc10449000 	C:\Program Files\Java\jre1.8.0_241\bin\java.dll
0x00007ffc12e10000 - 0x00007ffc12e26000 	C:\Program Files\Java\jre1.8.0_241\bin\zip.dll
0x00007ffc1a050000 - 0x00007ffc1a735000 	C:\Windows\System32\SHELL32.dll
0x00007ffc17900000 - 0x00007ffc1807f000 	C:\Windows\System32\windows.storage.dll
0x00007ffc176f0000 - 0x00007ffc1770f000 	C:\Windows\System32\profapi.dll
0x00007ffc17680000 - 0x00007ffc176ca000 	C:\Windows\System32\powrprof.dll
0x00007ffc17650000 - 0x00007ffc17660000 	C:\Windows\System32\UMPDC.dll
0x00007ffc194c0000 - 0x00007ffc19512000 	C:\Windows\System32\shlwapi.dll
0x00007ffc178e0000 - 0x00007ffc178f7000 	C:\Windows\System32\cryptsp.dll
0x00007ffc0ff40000 - 0x00007ffc0ff5a000 	C:\Program Files\Java\jre1.8.0_241\bin\net.dll
0x00007ffc16e60000 - 0x00007ffc16ec7000 	C:\Windows\system32\mswsock.dll
0x00007ffc0fe30000 - 0x00007ffc0fe42000 	C:\Program Files\Java\jre1.8.0_241\bin\nio.dll
0x00007ffc169d0000 - 0x00007ffc16a03000 	C:\Windows\system32\rsaenh.dll
0x00007ffc178b0000 - 0x00007ffc178d6000 	C:\Windows\System32\bcrypt.dll
0x00007ffc17540000 - 0x00007ffc17565000 	C:\Windows\SYSTEM32\USERENV.dll
0x00007ffc17030000 - 0x00007ffc1703c000 	C:\Windows\SYSTEM32\CRYPTBASE.dll
0x00007ffc16b70000 - 0x00007ffc16baa000 	C:\Windows\SYSTEM32\IPHLPAPI.DLL
0x00007ffc19530000 - 0x00007ffc19538000 	C:\Windows\System32\NSI.dll
0x00007ffc11410000 - 0x00007ffc11426000 	C:\Windows\SYSTEM32\dhcpcsvc6.DLL
0x00007ffc11ad0000 - 0x00007ffc11aec000 	C:\Windows\SYSTEM32\dhcpcsvc.DLL
0x00007ffc16c00000 - 0x00007ffc16cca000 	C:\Windows\SYSTEM32\DNSAPI.dll
0x00007ffc04be0000 - 0x00007ffc04c98000 	C:\Users\Admin\eclipse\java-2020-03\eclipse\configuration\org.eclipse.osgi\376\0\.cp\swt-win32-4932r18.dll
0x00007ffc19f00000 - 0x00007ffc19fd0000 	C:\Windows\System32\COMDLG32.dll
0x00007ffc18080000 - 0x00007ffc181c9000 	C:\Windows\System32\CRYPT32.dll
0x00007ffc060f0000 - 0x00007ffc06179000 	C:\Windows\SYSTEM32\WINSPOOL.DRV
0x00007ffc176d0000 - 0x00007ffc176e2000 	C:\Windows\System32\MSASN1.dll
0x00007ffc10400000 - 0x00007ffc10419000 	C:\Windows\SYSTEM32\USP10.dll
0x00007ffc01a80000 - 0x00007ffc01f56000 	C:\Windows\SYSTEM32\WININET.dll
0x00007ffc13da0000 - 0x00007ffc13e8f000 	C:\Windows\SYSTEM32\PROPSYS.dll
0x00007ffc10ab0000 - 0x00007ffc10c86000 	C:\Windows\SYSTEM32\urlmon.dll
0x00007ffc07890000 - 0x00007ffc07897000 	C:\Windows\SYSTEM32\MSIMG32.dll
0x00007ffc11f10000 - 0x00007ffc11f1d000 	C:\Windows\SYSTEM32\LINKINFO.dll
0x00007ffc130f0000 - 0x00007ffc1317a000 	C:\Windows\System32\msvcp110_win.dll
0x00007ffc0cd30000 - 0x00007ffc0cd56000 	C:\Users\Admin\eclipse\java-2020-03\eclipse\configuration\org.eclipse.osgi\376\0\.cp\swt-gdip-win32-4932r18.dll
0x00007ffc07300000 - 0x00007ffc074a3000 	C:\Windows\WinSxS\amd64_microsoft.windows.gdiplus_6595b64144ccf1df_1.1.18362.657_none_17b0a85e6da0b266\gdiplus.dll
0x00007ffc0ec50000 - 0x00007ffc0edff000 	C:\Windows\SYSTEM32\WindowsCodecs.dll
0x00007ffc074b0000 - 0x00007ffc07515000 	C:\Windows\SYSTEM32\oleacc.dll
0x00007ffbf49e0000 - 0x00007ffbf4a21000 	C:\Windows\system32\mlang.dll
0x0000000180000000 - 0x0000000180012000 	C:\Users\Admin\eclipse\java-2020-03\eclipse\configuration\org.eclipse.osgi\82\0\.cp\os\win32\x86_64\localfile_1_0_0.dll
0x00007ffc0b8a0000 - 0x00007ffc0b8b6000 	C:\Windows\system32\napinsp.dll
0x00007ffc091e0000 - 0x00007ffc091fa000 	C:\Windows\system32\pnrpnsp.dll
0x00007ffc12d70000 - 0x00007ffc12d7e000 	C:\Windows\System32\winrnr.dll
0x00007ffc12d00000 - 0x00007ffc12d1c000 	C:\Windows\system32\NLAapi.dll
0x00007ffc10fa0000 - 0x00007ffc10fb5000 	C:\Windows\system32\wshbth.dll
0x00007ffc0c250000 - 0x00007ffc0c25a000 	C:\Windows\System32\rasadhlp.dll
0x00007ffc110d0000 - 0x00007ffc11147000 	C:\Windows\System32\fwpuclnt.dll
0x00007ffc0ff20000 - 0x00007ffc0ff31000 	C:\Users\Admin\eclipse\java-2020-03\eclipse\configuration\org.eclipse.osgi\85\0\.cp\jWinHttp-1.0.0.dll
0x00007ffc119e0000 - 0x00007ffc11ad0000 	C:\Windows\SYSTEM32\WINHTTP.dll
0x00007ffc08660000 - 0x00007ffc0869a000 	C:\Windows\system32\dataexchange.dll
0x00007ffc14980000 - 0x00007ffc14bdb000 	C:\Windows\system32\d3d11.dll
0x00007ffc147a0000 - 0x00007ffc1497b000 	C:\Windows\system32\dcomp.dll
0x00007ffc16420000 - 0x00007ffc1650b000 	C:\Windows\system32\dxgi.dll
0x00007ffc16400000 - 0x00007ffc16420000 	C:\Windows\SYSTEM32\dxcore.dll
0x00007ffc14540000 - 0x00007ffc1479a000 	C:\Windows\system32\twinapi.appcore.dll
0x00007ffc15f00000 - 0x00007ffc15f29000 	C:\Windows\system32\RMCLIENT.dll
0x00007ffc0ab70000 - 0x00007ffc0ab94000 	C:\Program Files\Java\jre1.8.0_241\bin\sunec.dll
0x00007ffc01720000 - 0x00007ffc01925000 	C:\Windows\system32\explorerframe.dll
0x00007ffc0a090000 - 0x00007ffc0a38e000 	C:\Windows\SYSTEM32\DWrite.dll
0x00007ffc007d0000 - 0x00007ffc0084e000 	C:\Windows\SYSTEM32\ntshrui.dll
0x00007ffc17570000 - 0x00007ffc1759f000 	C:\Windows\SYSTEM32\SspiCli.dll
0x00007ffc05630000 - 0x00007ffc05656000 	C:\Windows\SYSTEM32\srvcli.dll
0x00007ffc10880000 - 0x00007ffc10892000 	C:\Windows\SYSTEM32\cscapi.dll
0x00007ffc13180000 - 0x00007ffc13206000 	C:\Windows\SYSTEM32\policymanager.dll
0x00007ffbf2990000 - 0x00007ffbf2b2a000 	C:\Program Files\Java\jre1.8.0_241\bin\awt.dll
0x00007ffc15ba0000 - 0x00007ffc15c2f000 	C:\Windows\SYSTEM32\apphelp.dll
0x00007ffc15ed0000 - 0x00007ffc15efd000 	C:\Windows\system32\DWMAPI.DLL
0x00007ffc015c0000 - 0x00007ffc01716000 	C:\Windows\system32\opengl32.dll
0x00007ffc0afe0000 - 0x00007ffc0b00c000 	C:\Windows\SYSTEM32\GLU32.dll
0x00007ffc108a0000 - 0x00007ffc108ab000 	C:\Program Files\Java\jre1.8.0_241\bin\sunmscapi.dll
0x00007ffc04e70000 - 0x00007ffc04eb9000 	C:\Program Files\Java\jre1.8.0_241\bin\fontmanager.dll
0x00007ffc04d10000 - 0x00007ffc04d52000 	C:\Program Files\Java\jre1.8.0_241\bin\t2k.dll
0x00007ffbfd2b0000 - 0x00007ffbfd9a9000 	C:\Windows\System32\ieframe.dll
0x00007ffc05710000 - 0x00007ffc05727000 	C:\Windows\System32\NETAPI32.dll
0x00007ffc13480000 - 0x00007ffc13497000 	C:\Windows\System32\WKSCLI.DLL
0x00007ffc16cd0000 - 0x00007ffc16cdc000 	C:\Windows\System32\NETUTILS.DLL
0x00007ffc18e20000 - 0x00007ffc18e96000 	C:\Windows\System32\coml2.dll
0x00007ffc17440000 - 0x00007ffc174dd000 	C:\Windows\SYSTEM32\sxs.dll
0x00007ffc003b0000 - 0x00007ffc00401000 	C:\Windows\SYSTEM32\msIso.dll
0x00007ffbd68c0000 - 0x00007ffbd7e72000 	C:\Windows\System32\mshtml.dll
0x00007ffbfc5a0000 - 0x00007ffbfc5cc000 	C:\Windows\System32\srpapi.dll
0x00007ffbf4300000 - 0x00007ffbf47ab000 	C:\Windows\System32\jscript9.dll
0x00007ffc13210000 - 0x00007ffc1321c000 	C:\Windows\SYSTEM32\Secur32.dll
0x00007ffc14be0000 - 0x00007ffc151a0000 	C:\Windows\System32\d2d1.dll
0x00007ffc05560000 - 0x00007ffc05583000 	C:\Windows\SYSTEM32\edputil.dll
0x00007ffbff170000 - 0x00007ffbff186000 	C:\Windows\SYSTEM32\ondemandconnroutehelper.dll
0x00007ffc11c20000 - 0x00007ffc11c2b000 	C:\Windows\SYSTEM32\WINNSI.DLL

VM Arguments:
jvm_args: -Dosgi.requiredJavaVersion=1.8 -Dosgi.instance.area.default=@user.home/eclipse-workspace -XX:+UseG1GC -XX:+UseStringDeduplication -Dosgi.requiredJavaVersion=1.8 -Dosgi.dataAreaRequiresExplicitInit=true -Xms256m -Xmx2048m -Declipse.p2.max.threads=10 -Doomph.update.url=http://download.eclipse.org/oomph/updates/milestone/latest -Doomph.redirection.index.redirection=index:/->http://git.eclipse.org/c/oomph/org.eclipse.oomph.git/plain/setups/ 
java_command: <unknown>
java_class_path (initial): C:\Users\Admin\eclipse\java-2020-03\eclipse\\plugins/org.eclipse.equinox.launcher_1.5.700.v20200207-2156.jar
Launcher Type: generic

Environment Variables:
PATH=C:/Program Files/Java/jre1.8.0_241/bin/server;C:/Program Files/Java/jre1.8.0_241/bin;C:/Program Files/Java/jre1.8.0_241/lib/amd64;C:\Program Files (x86)\Common Files\Oracle\Java\javapath;C:\oraclexe\app\oracle\product\10.2.0\server\bin;C:\Windows\system32;C:\Windows;C:\Windows\System32\Wbem;C:\Windows\System32\WindowsPowerShell\v1.0\;C:\Windows\System32\OpenSSH\;C:\Program Files (x86)\ATI Technologies\ATI.ACE\Core-Static;C:\Users\Admin\AppData\Local\Microsoft\WindowsApps;;G:\Java_Projects\Java_GUI_1\src;
USERNAME=Admin
OS=Windows_NT
PROCESSOR_IDENTIFIER=Intel64 Family 6 Model 58 Stepping 9, GenuineIntel



---------------  S Y S T E M  ---------------

OS: Windows 10.0 , 64 bit Build 18362 (10.0.18362.329)

CPU:total 4 (initial active 4) (2 cores per cpu, 2 threads per core) family 6 model 58 stepping 9, cmov, cx8, fxsr, mmx, sse, sse2, sse3, ssse3, sse4.1, sse4.2, popcnt, avx, aes, clmul, erms, ht, tsc, tscinvbit, tscinv

Memory: 4k page, physical 4094312k(1238964k free), swap 16677224k(3064k free)

vm_info: Java HotSpot(TM) 64-Bit Server VM (25.241-b07) for windows-amd64 JRE (1.8.0_241-b07), built on Dec 11 2019 10:21:40 by "rejava" with MS VC++ 10.0 (VS2010)

time: Mon Mar 23 22:45:36 2020
timezone: India Standard Time
elapsed time: 1117 seconds (0d 0h 18m 37s)

